TN:
SF:app/layout.tsx
FN:11,RootLayout
FNF:1
FNH:0
FNDA:0,RootLayout
DA:3,0
DA:4,0
DA:6,0
DA:11,0
DA:16,0
LF:5
LH:0
BRF:0
BRH:0
end_of_record
TN:
SF:app/(protected)/layout.tsx
FN:10,ProtectedLayout
FN:19,(anonymous_11)
FN:44,(anonymous_12)
FN:48,(anonymous_13)
FNF:4
FNH:0
FNDA:0,ProtectedLayout
FNDA:0,(anonymous_11)
FNDA:0,(anonymous_12)
FNDA:0,(anonymous_13)
DA:3,0
DA:4,0
DA:5,0
DA:6,0
DA:7,0
DA:8,0
DA:10,0
DA:15,0
DA:16,0
DA:17,0
DA:19,0
DA:20,0
DA:21,0
DA:25,0
DA:26,0
DA:40,0
DA:44,0
DA:48,0
LF:18
LH:0
BRDA:20,0,0,0
BRDA:20,1,0,0
BRDA:20,1,1,0
BRDA:25,2,0,0
BRDA:25,3,0,0
BRDA:25,3,1,0
BRF:6
BRH:0
end_of_record
TN:
SF:app/(protected)/page.tsx
FN:3,ProtectedIndex
FNF:1
FNH:0
FNDA:0,ProtectedIndex
DA:1,0
DA:3,0
DA:4,0
LF:3
LH:0
BRF:0
BRH:0
end_of_record
TN:
SF:app/(protected)/analytics/page.tsx
FN:9,(anonymous_9)
FN:32,AnalyticsPage
FN:37,(anonymous_11)
FN:38,(anonymous_12)
FN:81,(anonymous_13)
FN:143,(anonymous_14)
FNF:6
FNH:0
FNDA:0,(anonymous_9)
FNDA:0,AnalyticsPage
FNDA:0,(anonymous_11)
FNDA:0,(anonymous_12)
FNDA:0,(anonymous_13)
FNDA:0,(anonymous_14)
DA:2,0
DA:3,0
DA:4,0
DA:6,0
DA:7,0
DA:9,0
DA:18,0
DA:32,0
DA:33,0
DA:34,0
DA:35,0
DA:37,0
DA:38,0
DA:39,0
DA:40,0
DA:41,0
DA:43,0
DA:45,0
DA:48,0
DA:51,0
DA:52,0
DA:67,0
DA:68,0
DA:80,0
DA:81,0
DA:85,0
DA:144,0
LF:27
LH:0
BRDA:40,0,0,0
BRDA:40,0,1,0
BRDA:40,1,0,0
BRDA:40,1,1,0
BRDA:40,2,0,0
BRDA:40,2,1,0
BRDA:40,3,0,0
BRDA:40,3,1,0
BRDA:49,4,0,0
BRDA:49,4,1,0
BRDA:49,5,0,0
BRDA:49,5,1,0
BRDA:51,6,0,0
BRDA:67,7,0,0
BRF:14
BRH:0
end_of_record
TN:
SF:app/(protected)/calendar/page.tsx
FN:14,(anonymous_10)
FN:27,(anonymous_11)
FN:31,(anonymous_12)
FN:56,(anonymous_13)
FN:73,CalendarPage
FN:87,(anonymous_15)
FN:99,(anonymous_16)
FN:103,(anonymous_17)
FN:105,(anonymous_18)
FN:114,(anonymous_19)
FN:119,(anonymous_20)
FN:150,(anonymous_21)
FN:157,(anonymous_22)
FN:175,(anonymous_23)
FN:182,(anonymous_24)
FN:187,(anonymous_25)
FN:203,(anonymous_26)
FN:245,(anonymous_27)
FNF:18
FNH:0
FNDA:0,(anonymous_10)
FNDA:0,(anonymous_11)
FNDA:0,(anonymous_12)
FNDA:0,(anonymous_13)
FNDA:0,CalendarPage
FNDA:0,(anonymous_15)
FNDA:0,(anonymous_16)
FNDA:0,(anonymous_17)
FNDA:0,(anonymous_18)
FNDA:0,(anonymous_19)
FNDA:0,(anonymous_20)
FNDA:0,(anonymous_21)
FNDA:0,(anonymous_22)
FNDA:0,(anonymous_23)
FNDA:0,(anonymous_24)
FNDA:0,(anonymous_25)
FNDA:0,(anonymous_26)
FNDA:0,(anonymous_27)
DA:2,0
DA:3,0
DA:4,0
DA:6,0
DA:7,0
DA:8,0
DA:9,0
DA:10,0
DA:14,0
DA:21,0
DA:28,0
DA:32,0
DA:56,0
DA:73,0
DA:74,0
DA:75,0
DA:76,0
DA:77,0
DA:78,0
DA:83,0
DA:85,0
DA:87,0
DA:88,0
DA:89,0
DA:90,0
DA:91,0
DA:93,0
DA:95,0
DA:99,0
DA:100,0
DA:103,0
DA:104,0
DA:105,0
DA:106,0
DA:107,0
DA:108,0
DA:110,0
DA:114,0
DA:115,0
DA:116,0
DA:119,0
DA:120,0
DA:121,0
DA:122,0
DA:125,0
DA:126,0
DA:141,0
DA:150,0
DA:157,0
DA:175,0
DA:182,0
DA:188,0
DA:204,0
DA:245,0
LF:54
LH:0
BRDA:24,0,0,0
BRDA:24,0,1,0
BRDA:38,1,0,0
BRDA:38,1,1,0
BRDA:106,2,0,0
BRDA:107,3,0,0
BRDA:125,4,0,0
BRDA:151,5,0,0
BRDA:151,5,1,0
BRDA:158,6,0,0
BRDA:158,6,1,0
BRDA:174,7,0,0
BRDA:174,7,1,0
BRDA:174,8,0,0
BRDA:174,8,1,0
BRDA:232,9,0,0
BRDA:232,9,1,0
BRF:17
BRH:0
end_of_record
TN:
SF:app/(protected)/campaigns/page.tsx
FN:21,CampaignsPage
FN:34,(anonymous_10)
FN:35,(anonymous_11)
FN:40,(anonymous_12)
FN:110,(anonymous_13)
FN:157,(anonymous_14)
FNF:6
FNH:0
FNDA:0,CampaignsPage
FNDA:0,(anonymous_10)
FNDA:0,(anonymous_11)
FNDA:0,(anonymous_12)
FNDA:0,(anonymous_13)
FNDA:0,(anonymous_14)
DA:2,0
DA:3,0
DA:4,0
DA:5,0
DA:9,0
DA:10,0
DA:21,0
DA:22,0
DA:23,0
DA:24,0
DA:25,0
DA:26,0
DA:27,0
DA:30,0
DA:31,0
DA:34,0
DA:35,0
DA:36,0
DA:40,0
DA:41,0
DA:42,0
DA:43,0
DA:44,0
DA:45,0
DA:46,0
DA:48,0
DA:49,0
DA:60,0
DA:61,0
DA:62,0
DA:63,0
DA:64,0
DA:68,0
DA:69,0
DA:70,0
DA:73,0
DA:74,0
DA:76,0
DA:77,0
DA:80,0
DA:81,0
DA:82,0
DA:84,0
DA:85,0
DA:86,0
DA:88,0
DA:89,0
DA:90,0
DA:91,0
DA:93,0
DA:94,0
DA:95,0
DA:96,0
DA:99,0
DA:101,0
DA:102,0
DA:104,0
DA:106,0
DA:107,0
DA:108,0
DA:110,0
DA:111,0
DA:113,0
DA:114,0
DA:115,0
DA:116,0
DA:118,0
DA:119,0
DA:120,0
DA:128,0
DA:129,0
DA:130,0
DA:135,0
DA:158,0
DA:159,0
DA:160,0
DA:161,0
LF:77
LH:0
BRDA:36,0,0,0
BRDA:36,0,1,0
BRDA:36,1,0,0
BRDA:36,1,1,0
BRDA:60,2,0,0
BRDA:64,3,0,0
BRDA:64,3,1,0
BRDA:73,4,0,0
BRDA:73,4,1,0
BRDA:73,5,0,0
BRDA:73,5,1,0
BRDA:74,6,0,0
BRDA:82,7,0,0
BRDA:86,8,0,0
BRDA:86,8,1,0
BRDA:94,9,0,0
BRDA:95,10,0,0
BRDA:96,11,0,0
BRDA:96,11,1,0
BRDA:99,12,0,0
BRDA:104,13,0,0
BRDA:104,13,1,0
BRDA:104,13,2,0
BRDA:104,13,3,0
BRDA:106,14,0,0
BRDA:107,15,0,0
BRDA:114,16,0,0
BRDA:128,17,0,0
BRDA:155,18,0,0
BRDA:155,18,1,0
BRDA:170,19,0,0
BRDA:170,19,1,0
BRDA:173,20,0,0
BRDA:173,20,1,0
BRDA:186,21,0,0
BRDA:186,21,1,0
BRDA:186,21,2,0
BRF:37
BRH:0
end_of_record
TN:
SF:app/(protected)/create/page.tsx
FN:32,CreatePage
FN:68,(anonymous_11)
FN:70,(anonymous_12)
FN:91,(anonymous_13)
FN:103,(anonymous_14)
FN:112,(anonymous_15)
FN:130,(anonymous_16)
FN:144,(anonymous_17)
FN:149,(anonymous_18)
FN:154,(anonymous_19)
FN:165,(anonymous_20)
FN:178,(anonymous_21)
FN:190,(anonymous_22)
FN:195,(anonymous_23)
FN:198,(anonymous_24)
FN:202,(anonymous_25)
FN:205,(anonymous_26)
FN:227,(anonymous_27)
FN:231,(anonymous_28)
FN:234,(anonymous_29)
FN:240,(anonymous_30)
FN:243,(anonymous_31)
FN:266,(anonymous_32)
FN:282,(anonymous_33)
FN:286,(anonymous_34)
FN:299,(anonymous_35)
FN:315,(anonymous_36)
FN:331,(anonymous_37)
FN:348,(anonymous_38)
FN:404,(anonymous_39)
FN:410,(anonymous_40)
FN:455,(anonymous_41)
FN:493,(anonymous_42)
FN:497,(anonymous_43)
FN:550,(anonymous_44)
FN:566,(anonymous_45)
FN:715,(anonymous_46)
FN:808,(anonymous_47)
FNF:38
FNH:0
FNDA:0,CreatePage
FNDA:0,(anonymous_11)
FNDA:0,(anonymous_12)
FNDA:0,(anonymous_13)
FNDA:0,(anonymous_14)
FNDA:0,(anonymous_15)
FNDA:0,(anonymous_16)
FNDA:0,(anonymous_17)
FNDA:0,(anonymous_18)
FNDA:0,(anonymous_19)
FNDA:0,(anonymous_20)
FNDA:0,(anonymous_21)
FNDA:0,(anonymous_22)
FNDA:0,(anonymous_23)
FNDA:0,(anonymous_24)
FNDA:0,(anonymous_25)
FNDA:0,(anonymous_26)
FNDA:0,(anonymous_27)
FNDA:0,(anonymous_28)
FNDA:0,(anonymous_29)
FNDA:0,(anonymous_30)
FNDA:0,(anonymous_31)
FNDA:0,(anonymous_32)
FNDA:0,(anonymous_33)
FNDA:0,(anonymous_34)
FNDA:0,(anonymous_35)
FNDA:0,(anonymous_36)
FNDA:0,(anonymous_37)
FNDA:0,(anonymous_38)
FNDA:0,(anonymous_39)
FNDA:0,(anonymous_40)
FNDA:0,(anonymous_41)
FNDA:0,(anonymous_42)
FNDA:0,(anonymous_43)
FNDA:0,(anonymous_44)
FNDA:0,(anonymous_45)
FNDA:0,(anonymous_46)
FNDA:0,(anonymous_47)
DA:2,0
DA:3,0
DA:4,0
DA:15,0
DA:26,0
DA:27,0
DA:28,0
DA:29,0
DA:30,0
DA:32,0
DA:33,0
DA:34,0
DA:35,0
DA:36,0
DA:39,0
DA:40,0
DA:41,0
DA:42,0
DA:45,0
DA:46,0
DA:48,0
DA:49,0
DA:53,0
DA:54,0
DA:57,0
DA:58,0
DA:59,0
DA:60,0
DA:61,0
DA:64,0
DA:65,0
DA:66,0
DA:68,0
DA:69,0
DA:70,0
DA:71,0
DA:72,0
DA:73,0
DA:75,0
DA:76,0
DA:77,0
DA:78,0
DA:79,0
DA:80,0
DA:83,0
DA:85,0
DA:88,0
DA:91,0
DA:92,0
DA:93,0
DA:103,0
DA:104,0
DA:105,0
DA:106,0
DA:107,0
DA:108,0
DA:109,0
DA:112,0
DA:113,0
DA:114,0
DA:115,0
DA:116,0
DA:117,0
DA:118,0
DA:119,0
DA:120,0
DA:121,0
DA:122,0
DA:124,0
DA:126,0
DA:130,0
DA:131,0
DA:132,0
DA:133,0
DA:134,0
DA:135,0
DA:136,0
DA:137,0
DA:142,0
DA:143,0
DA:144,0
DA:148,0
DA:149,0
DA:153,0
DA:154,0
DA:159,0
DA:161,0
DA:165,0
DA:166,0
DA:168,0
DA:170,0
DA:172,0
DA:174,0
DA:178,0
DA:179,0
DA:187,0
DA:190,0
DA:191,0
DA:193,0
DA:194,0
DA:195,0
DA:198,0
DA:199,0
DA:202,0
DA:203,0
DA:204,0
DA:205,0
DA:206,0
DA:208,0
DA:209,0
DA:210,0
DA:211,0
DA:220,0
DA:221,0
DA:223,0
DA:224,0
DA:226,0
DA:227,0
DA:231,0
DA:232,0
DA:233,0
DA:234,0
DA:235,0
DA:237,0
DA:240,0
DA:241,0
DA:242,0
DA:243,0
DA:244,0
DA:246,0
DA:247,0
DA:248,0
DA:249,0
DA:258,0
DA:259,0
DA:260,0
DA:262,0
DA:263,0
DA:265,0
DA:266,0
DA:270,0
DA:282,0
DA:283,0
DA:284,0
DA:286,0
DA:287,0
DA:288,0
DA:289,0
DA:290,0
DA:295,0
DA:299,0
DA:300,0
DA:301,0
DA:305,0
DA:306,0
DA:311,0
DA:315,0
DA:316,0
DA:317,0
DA:321,0
DA:322,0
DA:327,0
DA:331,0
DA:332,0
DA:333,0
DA:334,0
DA:335,0
DA:340,0
DA:344,0
DA:347,0
DA:348,0
DA:352,0
DA:353,0
DA:368,0
DA:369,0
DA:383,0
DA:404,0
DA:410,0
DA:455,0
DA:494,0
DA:497,0
DA:550,0
DA:566,0
DA:715,0
DA:808,0
LF:185
LH:0
BRDA:69,0,0,0
BRDA:71,1,0,0
BRDA:71,2,0,0
BRDA:71,2,1,0
BRDA:71,3,0,0
BRDA:71,3,1,0
BRDA:79,4,0,0
BRDA:89,5,0,0
BRDA:89,5,1,0
BRDA:89,6,0,0
BRDA:89,6,1,0
BRDA:92,7,0,0
BRDA:113,8,0,0
BRDA:121,9,0,0
BRDA:121,9,1,0
BRDA:121,10,0,0
BRDA:121,10,1,0
BRDA:140,11,0,0
BRDA:140,11,1,0
BRDA:140,12,0,0
BRDA:140,12,1,0
BRDA:144,13,0,0
BRDA:144,13,1,0
BRDA:149,14,0,0
BRDA:149,14,1,0
BRDA:154,15,0,0
BRDA:154,15,1,0
BRDA:166,16,0,0
BRDA:166,16,1,0
BRDA:166,16,2,0
BRDA:166,16,3,0
BRDA:179,17,0,0
BRDA:180,18,0,0
BRDA:180,18,1,0
BRDA:180,18,2,0
BRDA:180,18,3,0
BRDA:180,18,4,0
BRDA:180,18,5,0
BRDA:203,19,0,0
BRDA:203,20,0,0
BRDA:203,20,1,0
BRDA:232,21,0,0
BRDA:241,22,0,0
BRDA:241,23,0,0
BRDA:241,23,1,0
BRDA:271,24,0,0
BRDA:271,24,1,0
BRDA:271,25,0,0
BRDA:271,25,1,0
BRDA:271,26,0,0
BRDA:271,26,1,0
BRDA:271,27,0,0
BRDA:271,27,1,0
BRDA:272,28,0,0
BRDA:272,28,1,0
BRDA:272,29,0,0
BRDA:272,29,1,0
BRDA:272,30,0,0
BRDA:272,30,1,0
BRDA:272,31,0,0
BRDA:272,31,1,0
BRDA:283,32,0,0
BRDA:287,33,0,0
BRDA:287,33,1,0
BRDA:289,34,0,0
BRDA:289,34,1,0
BRDA:300,35,0,0
BRDA:300,35,1,0
BRDA:305,36,0,0
BRDA:305,36,1,0
BRDA:316,37,0,0
BRDA:316,37,1,0
BRDA:321,38,0,0
BRDA:321,38,1,0
BRDA:332,39,0,0
BRDA:332,39,1,0
BRDA:334,40,0,0
BRDA:334,40,1,0
BRDA:352,41,0,0
BRDA:368,42,0,0
BRDA:405,43,0,0
BRDA:405,43,1,0
BRDA:411,44,0,0
BRDA:411,44,1,0
BRDA:417,45,0,0
BRDA:417,45,1,0
BRDA:456,46,0,0
BRDA:456,46,1,0
BRDA:469,47,0,0
BRDA:469,47,1,0
BRDA:481,48,0,0
BRDA:481,48,1,0
BRDA:504,49,0,0
BRDA:504,49,1,0
BRDA:504,50,0,0
BRDA:504,50,1,0
BRDA:504,51,0,0
BRDA:504,51,1,0
BRDA:508,52,0,0
BRDA:508,52,1,0
BRDA:508,53,0,0
BRDA:508,53,1,0
BRDA:508,54,0,0
BRDA:508,54,1,0
BRDA:525,55,0,0
BRDA:525,55,1,0
BRDA:527,56,0,0
BRDA:527,56,1,0
BRDA:583,57,0,0
BRDA:583,57,1,0
BRDA:583,57,2,0
BRDA:603,58,0,0
BRDA:603,58,1,0
BRDA:603,58,2,0
BRDA:624,59,0,0
BRDA:624,59,1,0
BRDA:624,59,2,0
BRDA:645,60,0,0
BRDA:645,60,1,0
BRDA:645,60,2,0
BRDA:663,61,0,0
BRDA:663,61,1,0
BRDA:663,61,2,0
BRDA:663,61,3,0
BRDA:663,61,4,0
BRDA:663,61,5,0
BRDA:671,62,0,0
BRDA:671,62,1,0
BRDA:684,63,0,0
BRDA:684,63,1,0
BRDA:687,64,0,0
BRDA:687,64,1,0
BRDA:712,65,0,0
BRDA:712,65,1,0
BRDA:719,66,0,0
BRDA:719,66,1,0
BRDA:736,67,0,0
BRDA:736,67,1,0
BRDA:751,68,0,0
BRDA:751,68,1,0
BRDA:751,69,0,0
BRDA:751,69,1,0
BRDA:758,70,0,0
BRDA:758,70,1,0
BRDA:758,71,0,0
BRDA:758,71,1,0
BRDA:765,72,0,0
BRDA:765,72,1,0
BRDA:765,73,0,0
BRDA:765,73,1,0
BRDA:772,74,0,0
BRDA:772,74,1,0
BRDA:779,75,0,0
BRDA:779,75,1,0
BRDA:786,76,0,0
BRDA:786,76,1,0
BRDA:793,77,0,0
BRDA:793,77,1,0
BRF:158
BRH:0
end_of_record
TN:
SF:app/(protected)/dashboard/page.tsx
FN:19,DashboardPage
FN:27,(anonymous_11)
FN:28,(anonymous_12)
FN:48,(anonymous_13)
FN:57,(anonymous_14)
FN:84,(anonymous_15)
FN:87,(anonymous_16)
FN:94,(anonymous_17)
FN:99,(anonymous_18)
FN:225,(anonymous_19)
FN:267,(anonymous_20)
FN:302,(anonymous_21)
FNF:12
FNH:0
FNDA:0,DashboardPage
FNDA:0,(anonymous_11)
FNDA:0,(anonymous_12)
FNDA:0,(anonymous_13)
FNDA:0,(anonymous_14)
FNDA:0,(anonymous_15)
FNDA:0,(anonymous_16)
FNDA:0,(anonymous_17)
FNDA:0,(anonymous_18)
FNDA:0,(anonymous_19)
FNDA:0,(anonymous_20)
FNDA:0,(anonymous_21)
DA:2,0
DA:3,0
DA:5,0
DA:15,0
DA:16,0
DA:17,0
DA:19,0
DA:20,0
DA:21,0
DA:22,0
DA:25,0
DA:27,0
DA:28,0
DA:29,0
DA:30,0
DA:31,0
DA:33,0
DA:34,0
DA:35,0
DA:36,0
DA:37,0
DA:39,0
DA:41,0
DA:45,0
DA:48,0
DA:49,0
DA:50,0
DA:57,0
DA:58,0
DA:59,0
DA:65,0
DA:66,0
DA:81,0
DA:82,0
DA:84,0
DA:88,0
DA:92,0
DA:95,0
DA:100,0
DA:104,0
DA:226,0
DA:268,0
DA:303,0
LF:43
LH:0
BRDA:29,0,0,0
BRDA:29,1,0,0
BRDA:29,1,1,0
BRDA:29,2,0,0
BRDA:29,2,1,0
BRDA:46,3,0,0
BRDA:46,3,1,0
BRDA:46,4,0,0
BRDA:46,4,1,0
BRDA:65,5,0,0
BRDA:84,6,0,0
BRDA:84,6,1,0
BRDA:95,7,0,0
BRDA:95,7,1,0
BRDA:95,7,2,0
BRDA:132,8,0,0
BRDA:132,8,1,0
BRDA:132,9,0,0
BRDA:132,9,1,0
BRDA:132,10,0,0
BRDA:132,10,1,0
BRDA:132,11,0,0
BRDA:132,11,1,0
BRDA:137,12,0,0
BRDA:137,12,1,0
BRDA:137,13,0,0
BRDA:137,13,1,0
BRDA:137,14,0,0
BRDA:137,14,1,0
BRDA:137,15,0,0
BRDA:137,15,1,0
BRDA:147,16,0,0
BRDA:147,16,1,0
BRDA:147,17,0,0
BRDA:147,17,1,0
BRDA:147,18,0,0
BRDA:147,18,1,0
BRDA:150,19,0,0
BRDA:150,19,1,0
BRDA:150,20,0,0
BRDA:150,20,1,0
BRDA:150,21,0,0
BRDA:150,21,1,0
BRDA:150,22,0,0
BRDA:150,22,1,0
BRDA:158,23,0,0
BRDA:158,23,1,0
BRDA:158,24,0,0
BRDA:158,24,1,0
BRDA:158,25,0,0
BRDA:158,25,1,0
BRDA:158,26,0,0
BRDA:158,26,1,0
BRDA:163,27,0,0
BRDA:163,27,1,0
BRDA:163,28,0,0
BRDA:163,28,1,0
BRDA:163,29,0,0
BRDA:163,29,1,0
BRDA:163,30,0,0
BRDA:163,30,1,0
BRDA:224,31,0,0
BRDA:224,31,1,0
BRDA:266,32,0,0
BRDA:266,32,1,0
BRDA:301,33,0,0
BRDA:301,33,1,0
BRDA:301,34,0,0
BRDA:301,34,1,0
BRDA:301,35,0,0
BRDA:301,35,1,0
BRF:71
BRH:0
end_of_record
TN:
SF:app/(protected)/factory/page.tsx
FN:51,generateSessionId
FN:55,FactoryPage
FN:69,(anonymous_11)
FN:107,(anonymous_12)
FN:143,(anonymous_13)
FN:157,(anonymous_14)
FN:158,(anonymous_15)
FN:225,(anonymous_16)
FN:226,(anonymous_17)
FN:227,(anonymous_18)
FN:228,(anonymous_19)
FN:229,(anonymous_20)
FN:230,(anonymous_21)
FN:231,(anonymous_22)
FN:239,(anonymous_23)
FN:240,(anonymous_24)
FN:243,(anonymous_25)
FN:247,(anonymous_26)
FN:248,(anonymous_27)
FN:256,(anonymous_28)
FN:446,(anonymous_29)
FN:448,(anonymous_30)
FNF:22
FNH:0
FNDA:0,generateSessionId
FNDA:0,FactoryPage
FNDA:0,(anonymous_11)
FNDA:0,(anonymous_12)
FNDA:0,(anonymous_13)
FNDA:0,(anonymous_14)
FNDA:0,(anonymous_15)
FNDA:0,(anonymous_16)
FNDA:0,(anonymous_17)
FNDA:0,(anonymous_18)
FNDA:0,(anonymous_19)
FNDA:0,(anonymous_20)
FNDA:0,(anonymous_21)
FNDA:0,(anonymous_22)
FNDA:0,(anonymous_23)
FNDA:0,(anonymous_24)
FNDA:0,(anonymous_25)
FNDA:0,(anonymous_26)
FNDA:0,(anonymous_27)
FNDA:0,(anonymous_28)
FNDA:0,(anonymous_29)
FNDA:0,(anonymous_30)
DA:2,0
DA:3,0
DA:4,0
DA:5,0
DA:19,0
DA:20,0
DA:21,0
DA:22,0
DA:23,0
DA:24,0
DA:25,0
DA:26,0
DA:52,0
DA:55,0
DA:56,0
DA:57,0
DA:63,0
DA:64,0
DA:65,0
DA:66,0
DA:68,0
DA:70,0
DA:71,0
DA:72,0
DA:74,0
DA:75,0
DA:99,0
DA:100,0
DA:101,0
DA:102,0
DA:103,0
DA:107,0
DA:112,0
DA:115,0
DA:116,0
DA:118,0
DA:119,0
DA:122,0
DA:123,0
DA:124,0
DA:126,0
DA:127,0
DA:128,0
DA:130,0
DA:131,0
DA:132,0
DA:133,0
DA:134,0
DA:135,0
DA:142,0
DA:143,0
DA:150,0
DA:157,0
DA:158,0
DA:159,0
DA:162,0
DA:163,0
DA:174,0
DA:177,0
DA:178,0
DA:180,0
DA:181,0
DA:186,0
DA:187,0
DA:189,0
DA:190,0
DA:194,0
DA:195,0
DA:197,0
DA:198,0
DA:200,0
DA:201,0
DA:203,0
DA:204,0
DA:207,0
DA:208,0
DA:210,0
DA:211,0
DA:213,0
DA:214,0
DA:216,0
DA:217,0
DA:220,0
DA:225,0
DA:226,0
DA:227,0
DA:228,0
DA:229,0
DA:230,0
DA:231,0
DA:236,0
DA:239,0
DA:240,0
DA:243,0
DA:244,0
DA:247,0
DA:248,0
DA:256,0
DA:257,0
DA:266,0
DA:268,0
DA:447,0
DA:448,0
LF:103
LH:0
BRDA:69,0,0,0
BRDA:99,1,0,0
BRDA:103,2,0,0
BRDA:103,2,1,0
BRDA:115,3,0,0
BRDA:115,3,1,0
BRDA:115,4,0,0
BRDA:115,4,1,0
BRDA:116,5,0,0
BRDA:124,6,0,0
BRDA:128,7,0,0
BRDA:128,7,1,0
BRDA:131,8,0,0
BRDA:142,9,0,0
BRDA:162,10,0,0
BRDA:162,11,0,0
BRDA:162,11,1,0
BRDA:174,12,0,0
BRDA:174,12,1,0
BRDA:177,13,0,0
BRDA:179,14,0,0
BRDA:179,14,1,0
BRDA:182,15,0,0
BRDA:182,15,1,0
BRDA:182,16,0,0
BRDA:182,16,1,0
BRDA:182,17,0,0
BRDA:182,17,1,0
BRDA:186,18,0,0
BRDA:186,19,0,0
BRDA:186,19,1,0
BRDA:189,20,0,0
BRDA:189,21,0,0
BRDA:189,21,1,0
BRDA:194,22,0,0
BRDA:195,23,0,0
BRDA:197,24,0,0
BRDA:197,25,0,0
BRDA:197,25,1,0
BRDA:200,26,0,0
BRDA:200,27,0,0
BRDA:200,27,1,0
BRDA:203,28,0,0
BRDA:203,29,0,0
BRDA:203,29,1,0
BRDA:207,30,0,0
BRDA:208,31,0,0
BRDA:210,32,0,0
BRDA:210,33,0,0
BRDA:210,33,1,0
BRDA:213,34,0,0
BRDA:213,35,0,0
BRDA:213,35,1,0
BRDA:216,36,0,0
BRDA:216,37,0,0
BRDA:216,37,1,0
BRDA:288,38,0,0
BRDA:288,38,1,0
BRDA:294,39,0,0
BRDA:294,39,1,0
BRDA:303,40,0,0
BRDA:303,40,1,0
BRDA:311,41,0,0
BRDA:311,41,1,0
BRDA:324,42,0,0
BRDA:324,42,1,0
BRDA:341,43,0,0
BRDA:341,43,1,0
BRDA:341,43,2,0
BRDA:376,44,0,0
BRDA:376,44,1,0
BRDA:376,44,2,0
BRDA:376,44,3,0
BRDA:376,44,4,0
BRDA:376,44,5,0
BRDA:385,45,0,0
BRDA:385,45,1,0
BRDA:385,45,2,0
BRDA:385,45,3,0
BRDA:403,46,0,0
BRDA:403,46,1,0
BRDA:403,46,2,0
BRDA:403,46,3,0
BRDA:410,47,0,0
BRDA:410,47,1,0
BRDA:410,47,2,0
BRDA:428,48,0,0
BRDA:428,48,1,0
BRDA:428,48,2,0
BRDA:428,48,3,0
BRDA:432,49,0,0
BRDA:432,49,1,0
BRDA:432,49,2,0
BRDA:465,50,0,0
BRDA:465,50,1,0
BRDA:469,51,0,0
BRDA:469,51,1,0
BRDA:478,52,0,0
BRDA:478,52,1,0
BRDA:483,53,0,0
BRDA:483,53,1,0
BRDA:483,53,2,0
BRDA:483,53,3,0
BRDA:483,53,4,0
BRDA:483,53,5,0
BRDA:502,54,0,0
BRDA:502,54,1,0
BRDA:509,55,0,0
BRDA:509,55,1,0
BRDA:509,55,2,0
BRDA:509,55,3,0
BRDA:509,55,4,0
BRDA:523,56,0,0
BRDA:523,56,1,0
BRF:114
BRH:0
end_of_record
TN:
SF:app/(protected)/knowledge/page.tsx
FN:29,KnowledgePage
FN:43,(anonymous_10)
FN:55,(anonymous_11)
FN:64,(anonymous_12)
FN:68,(anonymous_13)
FN:80,(anonymous_14)
FN:85,(anonymous_15)
FN:117,(anonymous_16)
FN:122,(anonymous_17)
FN:129,(anonymous_18)
FN:138,(anonymous_19)
FN:147,(anonymous_20)
FN:168,(anonymous_21)
FN:169,(anonymous_22)
FN:181,(anonymous_23)
FN:203,(anonymous_24)
FN:207,(anonymous_25)
FN:225,(anonymous_26)
FN:230,(anonymous_27)
FN:251,(anonymous_28)
FN:295,(anonymous_29)
FN:300,(anonymous_30)
FNF:22
FNH:0
FNDA:0,KnowledgePage
FNDA:0,(anonymous_10)
FNDA:0,(anonymous_11)
FNDA:0,(anonymous_12)
FNDA:0,(anonymous_13)
FNDA:0,(anonymous_14)
FNDA:0,(anonymous_15)
FNDA:0,(anonymous_16)
FNDA:0,(anonymous_17)
FNDA:0,(anonymous_18)
FNDA:0,(anonymous_19)
FNDA:0,(anonymous_20)
FNDA:0,(anonymous_21)
FNDA:0,(anonymous_22)
FNDA:0,(anonymous_23)
FNDA:0,(anonymous_24)
FNDA:0,(anonymous_25)
FNDA:0,(anonymous_26)
FNDA:0,(anonymous_27)
FNDA:0,(anonymous_28)
FNDA:0,(anonymous_29)
FNDA:0,(anonymous_30)
DA:2,0
DA:3,0
DA:4,0
DA:5,0
DA:12,0
DA:13,0
DA:14,0
DA:15,0
DA:16,0
DA:18,0
DA:29,0
DA:30,0
DA:31,0
DA:32,0
DA:33,0
DA:36,0
DA:37,0
DA:38,0
DA:41,0
DA:43,0
DA:44,0
DA:45,0
DA:46,0
DA:48,0
DA:51,0
DA:52,0
DA:53,0
DA:54,0
DA:55,0
DA:58,0
DA:60,0
DA:64,0
DA:65,0
DA:68,0
DA:69,0
DA:70,0
DA:71,0
DA:77,0
DA:80,0
DA:81,0
DA:82,0
DA:85,0
DA:86,0
DA:87,0
DA:100,0
DA:102,0
DA:114,0
DA:116,0
DA:117,0
DA:118,0
DA:122,0
DA:123,0
DA:124,0
DA:125,0
DA:129,0
DA:130,0
DA:131,0
DA:134,0
DA:135,0
DA:138,0
DA:143,0
DA:144,0
DA:147,0
DA:152,0
DA:153,0
DA:168,0
DA:169,0
DA:175,0
DA:176,0
DA:181,0
DA:186,0
DA:203,0
DA:207,0
DA:226,0
DA:230,0
DA:251,0
DA:296,0
DA:300,0
LF:78
LH:0
BRDA:48,0,0,0
BRDA:48,0,1,0
BRDA:52,1,0,0
BRDA:54,2,0,0
BRDA:54,2,1,0
BRDA:54,3,0,0
BRDA:54,3,1,0
BRDA:54,3,2,0
BRDA:69,4,0,0
BRDA:72,5,0,0
BRDA:72,5,1,0
BRDA:72,5,2,0
BRDA:86,6,0,0
BRDA:95,7,0,0
BRDA:95,7,1,0
BRDA:95,8,0,0
BRDA:95,8,1,0
BRDA:95,9,0,0
BRDA:95,9,1,0
BRDA:100,10,0,0
BRDA:111,11,0,0
BRDA:111,11,1,0
BRDA:111,12,0,0
BRDA:111,12,1,0
BRDA:111,13,0,0
BRDA:111,13,1,0
BRDA:114,14,0,0
BRDA:118,15,0,0
BRDA:118,15,1,0
BRDA:123,16,0,0
BRDA:134,17,0,0
BRDA:143,18,0,0
BRDA:152,19,0,0
BRDA:152,20,0,0
BRDA:152,20,1,0
BRDA:175,21,0,0
BRDA:175,22,0,0
BRDA:175,22,1,0
BRDA:228,23,0,0
BRDA:228,23,1,0
BRDA:259,24,0,0
BRDA:259,24,1,0
BRDA:266,25,0,0
BRDA:266,25,1,0
BRDA:276,26,0,0
BRDA:276,26,1,0
BRDA:344,27,0,0
BRDA:344,27,1,0
BRF:48
BRH:0
end_of_record
TN:
SF:app/(protected)/learning/page.tsx
FN:23,LearningPage
FN:31,(anonymous_10)
FN:57,(anonymous_11)
FN:70,(anonymous_12)
FN:74,(anonymous_13)
FN:91,(anonymous_14)
FN:91,(anonymous_15)
FN:94,(anonymous_16)
FN:95,(anonymous_17)
FN:149,(anonymous_18)
FN:153,(anonymous_19)
FN:197,(anonymous_20)
FN:220,(anonymous_21)
FNF:13
FNH:0
FNDA:0,LearningPage
FNDA:0,(anonymous_10)
FNDA:0,(anonymous_11)
FNDA:0,(anonymous_12)
FNDA:0,(anonymous_13)
FNDA:0,(anonymous_14)
FNDA:0,(anonymous_15)
FNDA:0,(anonymous_16)
FNDA:0,(anonymous_17)
FNDA:0,(anonymous_18)
FNDA:0,(anonymous_19)
FNDA:0,(anonymous_20)
FNDA:0,(anonymous_21)
DA:2,0
DA:3,0
DA:4,0
DA:5,0
DA:6,0
DA:7,0
DA:8,0
DA:16,0
DA:23,0
DA:24,0
DA:25,0
DA:26,0
DA:27,0
DA:28,0
DA:29,0
DA:31,0
DA:32,0
DA:33,0
DA:34,0
DA:35,0
DA:40,0
DA:41,0
DA:42,0
DA:45,0
DA:46,0
DA:47,0
DA:50,0
DA:51,0
DA:52,0
DA:55,0
DA:56,0
DA:57,0
DA:58,0
DA:64,0
DA:66,0
DA:70,0
DA:71,0
DA:74,0
DA:78,0
DA:85,0
DA:86,0
DA:89,0
DA:90,0
DA:91,0
DA:94,0
DA:95,0
DA:97,0
DA:107,0
DA:150,0
DA:153,0
DA:198,0
DA:221,0
LF:52
LH:0
BRDA:40,0,0,0
BRDA:40,0,1,0
BRDA:42,1,0,0
BRDA:42,1,1,0
BRDA:44,2,0,0
BRDA:44,2,1,0
BRDA:44,2,2,0
BRDA:46,3,0,0
BRDA:50,4,0,0
BRDA:50,4,1,0
BRDA:52,5,0,0
BRDA:52,5,1,0
BRDA:54,6,0,0
BRDA:54,6,1,0
BRDA:54,6,2,0
BRDA:56,7,0,0
BRDA:58,8,0,0
BRDA:58,8,1,0
BRDA:85,9,0,0
BRDA:91,10,0,0
BRDA:91,10,1,0
BRDA:128,11,0,0
BRDA:128,11,1,0
BRDA:133,12,0,0
BRDA:133,12,1,0
BRDA:152,13,0,0
BRDA:152,13,1,0
BRDA:157,14,0,0
BRDA:157,14,1,0
BRDA:157,14,2,0
BRDA:162,15,0,0
BRDA:162,15,1,0
BRDA:163,16,0,0
BRDA:163,16,1,0
BRDA:176,17,0,0
BRDA:176,17,1,0
BRDA:183,18,0,0
BRDA:183,18,1,0
BRDA:185,19,0,0
BRDA:185,19,1,0
BRDA:208,20,0,0
BRDA:208,20,1,0
BRDA:231,21,0,0
BRDA:231,21,1,0
BRDA:245,22,0,0
BRDA:245,22,1,0
BRF:46
BRH:0
end_of_record
TN:
SF:app/(protected)/library/page.tsx
FN:9,LibraryPage
FN:17,(anonymous_10)
FN:18,(anonymous_11)
FN:35,(anonymous_12)
FN:67,(anonymous_13)
FN:73,(anonymous_14)
FN:80,(anonymous_15)
FN:86,(anonymous_16)
FN:100,(anonymous_17)
FNF:9
FNH:0
FNDA:0,LibraryPage
FNDA:0,(anonymous_10)
FNDA:0,(anonymous_11)
FNDA:0,(anonymous_12)
FNDA:0,(anonymous_13)
FNDA:0,(anonymous_14)
FNDA:0,(anonymous_15)
FNDA:0,(anonymous_16)
FNDA:0,(anonymous_17)
DA:2,0
DA:3,0
DA:4,0
DA:6,0
DA:7,0
DA:9,0
DA:10,0
DA:11,0
DA:12,0
DA:13,0
DA:17,0
DA:18,0
DA:19,0
DA:20,0
DA:21,0
DA:23,0
DA:24,0
DA:25,0
DA:27,0
DA:29,0
DA:32,0
DA:35,0
DA:36,0
DA:37,0
DA:38,0
DA:39,0
DA:40,0
DA:41,0
DA:44,0
DA:45,0
DA:60,0
DA:67,0
DA:73,0
DA:80,0
DA:86,0
DA:101,0
LF:36
LH:0
BRDA:19,0,0,0
BRDA:19,1,0,0
BRDA:19,1,1,0
BRDA:19,2,0,0
BRDA:19,2,1,0
BRDA:33,3,0,0
BRDA:33,3,1,0
BRDA:33,4,0,0
BRDA:33,4,1,0
BRDA:36,5,0,0
BRDA:37,6,0,0
BRDA:38,7,0,0
BRDA:38,7,1,0
BRDA:39,8,0,0
BRDA:40,9,0,0
BRDA:44,10,0,0
BRDA:68,11,0,0
BRDA:68,11,1,0
BRDA:74,12,0,0
BRDA:74,12,1,0
BRDA:81,13,0,0
BRDA:81,13,1,0
BRDA:87,14,0,0
BRDA:87,14,1,0
BRDA:94,15,0,0
BRDA:94,15,1,0
BRF:26
BRH:0
end_of_record
TN:
SF:app/(protected)/settings/page.tsx
FN:40,ValidationBadge
FN:105,StatusBadge
FN:133,SettingsPage
FN:192,(anonymous_12)
FN:229,(anonymous_13)
FN:247,(anonymous_14)
FN:259,(anonymous_15)
FN:268,(anonymous_16)
FN:277,(anonymous_17)
FN:281,(anonymous_18)
FN:295,(anonymous_19)
FN:300,(anonymous_20)
FN:308,(anonymous_21)
FN:312,(anonymous_22)
FN:313,(anonymous_23)
FN:341,(anonymous_24)
FN:356,(anonymous_25)
FN:366,(anonymous_26)
FN:367,(anonymous_27)
FN:377,statusLabel
FN:513,(anonymous_29)
FN:514,(anonymous_30)
FN:521,(anonymous_31)
FN:521,(anonymous_32)
FN:535,(anonymous_33)
FN:536,(anonymous_34)
FN:547,(anonymous_35)
FN:548,(anonymous_36)
FN:555,(anonymous_37)
FN:555,(anonymous_38)
FN:587,(anonymous_39)
FN:620,(anonymous_40)
FN:633,(anonymous_41)
FN:652,(anonymous_42)
FN:665,(anonymous_43)
FN:683,(anonymous_44)
FN:699,(anonymous_45)
FN:740,(anonymous_46)
FN:767,(anonymous_47)
FN:782,(anonymous_48)
FN:858,(anonymous_49)
FN:883,(anonymous_50)
FN:893,(anonymous_51)
FN:893,(anonymous_52)
FN:928,(anonymous_53)
FN:952,(anonymous_54)
FN:967,(anonymous_55)
FN:1047,(anonymous_56)
FN:1072,(anonymous_57)
FN:1082,(anonymous_58)
FN:1082,(anonymous_59)
FN:1117,(anonymous_60)
FN:1134,(anonymous_61)
FN:1146,(anonymous_62)
FN:1161,(anonymous_63)
FN:1241,(anonymous_64)
FN:1266,(anonymous_65)
FN:1276,(anonymous_66)
FN:1276,(anonymous_67)
FN:1311,(anonymous_68)
FN:1359,(anonymous_69)
FN:1398,(anonymous_70)
FN:1410,(anonymous_71)
FN:1427,(anonymous_72)
FN:1434,(anonymous_73)
FNF:65
FNH:0
FNDA:0,ValidationBadge
FNDA:0,StatusBadge
FNDA:0,SettingsPage
FNDA:0,(anonymous_12)
FNDA:0,(anonymous_13)
FNDA:0,(anonymous_14)
FNDA:0,(anonymous_15)
FNDA:0,(anonymous_16)
FNDA:0,(anonymous_17)
FNDA:0,(anonymous_18)
FNDA:0,(anonymous_19)
FNDA:0,(anonymous_20)
FNDA:0,(anonymous_21)
FNDA:0,(anonymous_22)
FNDA:0,(anonymous_23)
FNDA:0,(anonymous_24)
FNDA:0,(anonymous_25)
FNDA:0,(anonymous_26)
FNDA:0,(anonymous_27)
FNDA:0,statusLabel
FNDA:0,(anonymous_29)
FNDA:0,(anonymous_30)
FNDA:0,(anonymous_31)
FNDA:0,(anonymous_32)
FNDA:0,(anonymous_33)
FNDA:0,(anonymous_34)
FNDA:0,(anonymous_35)
FNDA:0,(anonymous_36)
FNDA:0,(anonymous_37)
FNDA:0,(anonymous_38)
FNDA:0,(anonymous_39)
FNDA:0,(anonymous_40)
FNDA:0,(anonymous_41)
FNDA:0,(anonymous_42)
FNDA:0,(anonymous_43)
FNDA:0,(anonymous_44)
FNDA:0,(anonymous_45)
FNDA:0,(anonymous_46)
FNDA:0,(anonymous_47)
FNDA:0,(anonymous_48)
FNDA:0,(anonymous_49)
FNDA:0,(anonymous_50)
FNDA:0,(anonymous_51)
FNDA:0,(anonymous_52)
FNDA:0,(anonymous_53)
FNDA:0,(anonymous_54)
FNDA:0,(anonymous_55)
FNDA:0,(anonymous_56)
FNDA:0,(anonymous_57)
FNDA:0,(anonymous_58)
FNDA:0,(anonymous_59)
FNDA:0,(anonymous_60)
FNDA:0,(anonymous_61)
FNDA:0,(anonymous_62)
FNDA:0,(anonymous_63)
FNDA:0,(anonymous_64)
FNDA:0,(anonymous_65)
FNDA:0,(anonymous_66)
FNDA:0,(anonymous_67)
FNDA:0,(anonymous_68)
FNDA:0,(anonymous_69)
FNDA:0,(anonymous_70)
FNDA:0,(anonymous_71)
FNDA:0,(anonymous_72)
FNDA:0,(anonymous_73)
DA:2,0
DA:3,0
DA:4,0
DA:11,0
DA:12,0
DA:16,0
DA:17,0
DA:18,0
DA:19,0
DA:20,0
DA:32,0
DA:41,0
DA:42,0
DA:43,0
DA:63,0
DA:64,0
DA:84,0
DA:112,0
DA:133,0
DA:134,0
DA:135,0
DA:136,0
DA:137,0
DA:138,0
DA:141,0
DA:142,0
DA:143,0
DA:144,0
DA:145,0
DA:146,0
DA:151,0
DA:152,0
DA:153,0
DA:156,0
DA:157,0
DA:158,0
DA:159,0
DA:160,0
DA:164,0
DA:167,0
DA:170,0
DA:174,0
DA:177,0
DA:180,0
DA:183,0
DA:188,0
DA:191,0
DA:193,0
DA:194,0
DA:195,0
DA:208,0
DA:209,0
DA:211,0
DA:229,0
DA:230,0
DA:231,0
DA:232,0
DA:234,0
DA:235,0
DA:236,0
DA:237,0
DA:238,0
DA:240,0
DA:247,0
DA:248,0
DA:249,0
DA:250,0
DA:252,0
DA:253,0
DA:255,0
DA:256,0
DA:259,0
DA:260,0
DA:264,0
DA:265,0
DA:267,0
DA:268,0
DA:271,0
DA:273,0
DA:277,0
DA:281,0
DA:282,0
DA:283,0
DA:287,0
DA:289,0
DA:290,0
DA:291,0
DA:292,0
DA:295,0
DA:296,0
DA:297,0
DA:298,0
DA:300,0
DA:302,0
DA:304,0
DA:308,0
DA:312,0
DA:313,0
DA:314,0
DA:315,0
DA:316,0
DA:318,0
DA:319,0
DA:320,0
DA:321,0
DA:322,0
DA:323,0
DA:324,0
DA:325,0
DA:326,0
DA:327,0
DA:328,0
DA:329,0
DA:330,0
DA:332,0
DA:334,0
DA:337,0
DA:341,0
DA:342,0
DA:344,0
DA:345,0
DA:347,0
DA:348,0
DA:350,0
DA:351,0
DA:356,0
DA:357,0
DA:358,0
DA:359,0
DA:360,0
DA:362,0
DA:366,0
DA:367,0
DA:370,0
DA:371,0
DA:372,0
DA:373,0
DA:374,0
DA:375,0
DA:381,0
DA:382,0
DA:383,0
DA:384,0
DA:385,0
DA:388,0
DA:389,0
DA:404,0
DA:513,0
DA:514,0
DA:521,0
DA:535,0
DA:536,0
DA:547,0
DA:548,0
DA:555,0
DA:588,0
DA:589,0
DA:593,0
DA:594,0
DA:597,0
DA:620,0
DA:633,0
DA:652,0
DA:665,0
DA:683,0
DA:699,0
DA:740,0
DA:768,0
DA:769,0
DA:783,0
DA:858,0
DA:884,0
DA:885,0
DA:893,0
DA:928,0
DA:953,0
DA:954,0
DA:968,0
DA:971,0
DA:1047,0
DA:1073,0
DA:1074,0
DA:1082,0
DA:1117,0
DA:1134,0
DA:1147,0
DA:1148,0
DA:1162,0
DA:1165,0
DA:1241,0
DA:1267,0
DA:1268,0
DA:1276,0
DA:1311,0
DA:1359,0
DA:1398,0
DA:1410,0
DA:1427,0
DA:1434,0
LF:199
LH:0
BRDA:41,0,0,0
BRDA:42,1,0,0
BRDA:63,2,0,0
BRDA:123,3,0,0
BRDA:123,3,1,0
BRDA:124,4,0,0
BRDA:124,4,1,0
BRDA:127,5,0,0
BRDA:127,5,1,0
BRDA:128,6,0,0
BRDA:128,6,1,0
BRDA:128,7,0,0
BRDA:128,7,1,0
BRDA:193,8,0,0
BRDA:203,9,0,0
BRDA:203,9,1,0
BRDA:204,10,0,0
BRDA:204,10,1,0
BRDA:205,11,0,0
BRDA:205,11,1,0
BRDA:230,12,0,0
BRDA:242,13,0,0
BRDA:242,13,1,0
BRDA:248,14,0,0
BRDA:264,15,0,0
BRDA:275,16,0,0
BRDA:275,16,1,0
BRDA:282,17,0,0
BRDA:297,18,0,0
BRDA:306,19,0,0
BRDA:306,19,1,0
BRDA:314,20,0,0
BRDA:314,21,0,0
BRDA:314,21,1,0
BRDA:314,22,0,0
BRDA:314,22,1,0
BRDA:321,23,0,0
BRDA:321,23,1,0
BRDA:321,24,0,0
BRDA:321,24,1,0
BRDA:322,25,0,0
BRDA:322,25,1,0
BRDA:322,26,0,0
BRDA:322,26,1,0
BRDA:323,27,0,0
BRDA:323,27,1,0
BRDA:323,28,0,0
BRDA:323,28,1,0
BRDA:324,29,0,0
BRDA:324,29,1,0
BRDA:324,30,0,0
BRDA:324,30,1,0
BRDA:325,31,0,0
BRDA:325,31,1,0
BRDA:325,32,0,0
BRDA:325,32,1,0
BRDA:326,33,0,0
BRDA:326,33,1,0
BRDA:326,34,0,0
BRDA:326,34,1,0
BRDA:327,35,0,0
BRDA:327,35,1,0
BRDA:327,36,0,0
BRDA:327,36,1,0
BRDA:328,37,0,0
BRDA:328,37,1,0
BRDA:328,38,0,0
BRDA:328,38,1,0
BRDA:329,39,0,0
BRDA:329,39,1,0
BRDA:329,40,0,0
BRDA:329,40,1,0
BRDA:338,41,0,0
BRDA:338,41,1,0
BRDA:338,42,0,0
BRDA:338,42,1,0
BRDA:342,43,0,0
BRDA:344,44,0,0
BRDA:347,45,0,0
BRDA:350,46,0,0
BRDA:357,47,0,0
BRDA:367,48,0,0
BRDA:367,48,1,0
BRDA:373,49,0,0
BRDA:373,49,1,0
BRDA:374,50,0,0
BRDA:374,50,1,0
BRDA:375,51,0,0
BRDA:375,51,1,0
BRDA:381,52,0,0
BRDA:382,53,0,0
BRDA:383,54,0,0
BRDA:384,55,0,0
BRDA:388,56,0,0
BRDA:511,57,0,0
BRDA:511,57,1,0
BRDA:524,58,0,0
BRDA:524,58,1,0
BRDA:545,59,0,0
BRDA:545,59,1,0
BRDA:558,60,0,0
BRDA:558,60,1,0
BRDA:584,61,0,0
BRDA:584,61,1,0
BRDA:584,62,0,0
BRDA:584,62,1,0
BRDA:584,63,0,0
BRDA:584,63,1,0
BRDA:593,64,0,0
BRDA:619,65,0,0
BRDA:619,65,1,0
BRDA:619,66,0,0
BRDA:619,66,1,0
BRDA:619,67,0,0
BRDA:619,67,1,0
BRDA:619,68,0,0
BRDA:619,68,1,0
BRDA:632,69,0,0
BRDA:632,69,1,0
BRDA:632,70,0,0
BRDA:632,70,1,0
BRDA:632,71,0,0
BRDA:632,71,1,0
BRDA:632,72,0,0
BRDA:632,72,1,0
BRDA:651,73,0,0
BRDA:651,73,1,0
BRDA:651,74,0,0
BRDA:651,74,1,0
BRDA:651,75,0,0
BRDA:651,75,1,0
BRDA:651,76,0,0
BRDA:651,76,1,0
BRDA:664,77,0,0
BRDA:664,77,1,0
BRDA:664,78,0,0
BRDA:664,78,1,0
BRDA:664,79,0,0
BRDA:664,79,1,0
BRDA:664,80,0,0
BRDA:664,80,1,0
BRDA:682,81,0,0
BRDA:682,81,1,0
BRDA:682,82,0,0
BRDA:682,82,1,0
BRDA:682,83,0,0
BRDA:682,83,1,0
BRDA:682,84,0,0
BRDA:682,84,1,0
BRDA:699,85,0,0
BRDA:699,85,1,0
BRDA:699,86,0,0
BRDA:699,86,1,0
BRDA:707,87,0,0
BRDA:707,87,1,0
BRDA:707,88,0,0
BRDA:707,88,1,0
BRDA:707,89,0,0
BRDA:707,89,1,0
BRDA:707,90,0,0
BRDA:707,90,1,0
BRDA:707,91,0,0
BRDA:707,91,1,0
BRDA:743,92,0,0
BRDA:743,92,1,0
BRDA:772,93,0,0
BRDA:772,93,1,0
BRDA:775,94,0,0
BRDA:775,94,1,0
BRDA:783,95,0,0
BRDA:783,95,1,0
BRDA:805,96,0,0
BRDA:805,96,1,0
BRDA:819,97,0,0
BRDA:819,97,1,0
BRDA:826,98,0,0
BRDA:826,98,1,0
BRDA:829,99,0,0
BRDA:829,99,1,0
BRDA:835,100,0,0
BRDA:835,100,1,0
BRDA:840,101,0,0
BRDA:840,101,1,0
BRDA:850,102,0,0
BRDA:850,102,1,0
BRDA:881,103,0,0
BRDA:881,103,1,0
BRDA:906,104,0,0
BRDA:906,104,1,0
BRDA:913,105,0,0
BRDA:913,105,1,0
BRDA:932,106,0,0
BRDA:932,106,1,0
BRDA:957,107,0,0
BRDA:957,107,1,0
BRDA:960,108,0,0
BRDA:960,108,1,0
BRDA:968,109,0,0
BRDA:968,109,1,0
BRDA:994,110,0,0
BRDA:994,110,1,0
BRDA:1008,111,0,0
BRDA:1008,111,1,0
BRDA:1015,112,0,0
BRDA:1015,112,1,0
BRDA:1018,113,0,0
BRDA:1018,113,1,0
BRDA:1024,114,0,0
BRDA:1024,114,1,0
BRDA:1029,115,0,0
BRDA:1029,115,1,0
BRDA:1039,116,0,0
BRDA:1039,116,1,0
BRDA:1070,117,0,0
BRDA:1070,117,1,0
BRDA:1095,118,0,0
BRDA:1095,118,1,0
BRDA:1102,119,0,0
BRDA:1102,119,1,0
BRDA:1121,120,0,0
BRDA:1121,120,1,0
BRDA:1130,121,0,0
BRDA:1130,121,1,0
BRDA:1151,122,0,0
BRDA:1151,122,1,0
BRDA:1154,123,0,0
BRDA:1154,123,1,0
BRDA:1162,124,0,0
BRDA:1162,124,1,0
BRDA:1188,125,0,0
BRDA:1188,125,1,0
BRDA:1202,126,0,0
BRDA:1202,126,1,0
BRDA:1209,127,0,0
BRDA:1209,127,1,0
BRDA:1212,128,0,0
BRDA:1212,128,1,0
BRDA:1218,129,0,0
BRDA:1218,129,1,0
BRDA:1223,130,0,0
BRDA:1223,130,1,0
BRDA:1233,131,0,0
BRDA:1233,131,1,0
BRDA:1264,132,0,0
BRDA:1264,132,1,0
BRDA:1289,133,0,0
BRDA:1289,133,1,0
BRDA:1296,134,0,0
BRDA:1296,134,1,0
BRDA:1315,135,0,0
BRDA:1315,135,1,0
BRDA:1338,136,0,0
BRDA:1338,136,1,0
BRDA:1362,137,0,0
BRDA:1362,137,1,0
BRDA:1397,138,0,0
BRDA:1397,138,1,0
BRDA:1397,139,0,0
BRDA:1397,139,1,0
BRDA:1397,140,0,0
BRDA:1397,140,1,0
BRDA:1397,141,0,0
BRDA:1397,141,1,0
BRDA:1409,142,0,0
BRDA:1409,142,1,0
BRDA:1409,143,0,0
BRDA:1409,143,1,0
BRDA:1409,144,0,0
BRDA:1409,144,1,0
BRDA:1409,145,0,0
BRDA:1409,145,1,0
BRDA:1426,146,0,0
BRDA:1426,146,1,0
BRDA:1426,147,0,0
BRDA:1426,147,1,0
BRDA:1426,148,0,0
BRDA:1426,148,1,0
BRDA:1426,149,0,0
BRDA:1426,149,1,0
BRDA:1437,150,0,0
BRDA:1437,150,1,0
BRF:281
BRH:0
end_of_record
TN:
SF:app/api/ai/route.ts
FN:15,POST
FNF:1
FNH:0
FNDA:0,POST
DA:8,0
DA:9,0
DA:10,0
DA:13,0
DA:15,0
DA:16,0
DA:17,0
DA:18,0
DA:19,0
DA:23,0
DA:24,0
DA:26,0
DA:29,0
DA:33,0
DA:42,0
DA:43,0
DA:44,0
DA:53,0
DA:54,0
DA:65,0
DA:66,0
DA:67,0
DA:69,0
LF:23
LH:0
BRDA:16,0,0,0
BRDA:16,0,1,0
BRDA:18,1,0,0
BRDA:29,2,0,0
BRDA:30,3,0,0
BRDA:30,3,1,0
BRDA:30,4,0,0
BRDA:30,4,1,0
BRDA:30,5,0,0
BRDA:30,5,1,0
BRDA:31,6,0,0
BRDA:31,6,1,0
BRDA:31,7,0,0
BRDA:31,7,1,0
BRDA:43,8,0,0
BRDA:53,9,0,0
BRDA:53,9,1,0
BRDA:55,10,0,0
BRDA:55,10,1,0
BRDA:58,11,0,0
BRDA:58,11,1,0
BRDA:59,12,0,0
BRDA:59,12,1,0
BRDA:60,13,0,0
BRDA:60,13,1,0
BRDA:61,14,0,0
BRDA:61,14,1,0
BRDA:62,15,0,0
BRDA:62,15,1,0
BRDA:70,16,0,0
BRDA:70,16,1,0
BRF:31
BRH:0
end_of_record
TN:
SF:app/api/auth-providers/route.ts
FN:3,GET
FNF:1
FNH:0
FNDA:0,GET
DA:1,0
DA:3,0
DA:4,0
DA:5,0
DA:6,0
DA:7,0
LF:6
LH:0
BRF:0
BRH:0
end_of_record
TN:
SF:app/api/auth/[...path]/route.ts
FN:8,GET
FN:16,POST
FN:30,extractAuthCookies
FN:46,transformSetCookieForLocalhost
FN:59,(anonymous_4)
FN:60,(anonymous_5)
FN:74,handleSignOut
FN:123,proxy
FNF:8
FNH:0
FNDA:0,GET
FNDA:0,POST
FNDA:0,extractAuthCookies
FNDA:0,transformSetCookieForLocalhost
FNDA:0,(anonymous_4)
FNDA:0,(anonymous_5)
FNDA:0,handleSignOut
FNDA:0,proxy
DA:1,0
DA:3,0
DA:8,0
DA:12,0
DA:13,0
DA:16,0
DA:20,0
DA:21,0
DA:23,0
DA:24,0
DA:27,0
DA:31,0
DA:32,0
DA:33,0
DA:34,0
DA:35,0
DA:36,0
DA:40,0
DA:43,0
DA:47,0
DA:48,0
DA:50,0
DA:51,0
DA:52,0
DA:53,0
DA:54,0
DA:57,0
DA:59,0
DA:61,0
DA:62,0
DA:69,0
DA:71,0
DA:75,0
DA:80,0
DA:81,0
DA:82,0
DA:83,0
DA:84,0
DA:85,0
DA:87,0
DA:98,0
DA:99,0
DA:100,0
DA:109,0
DA:113,0
DA:114,0
DA:120,0
DA:124,0
DA:125,0
DA:126,0
DA:127,0
DA:128,0
DA:130,0
DA:141,0
DA:142,0
DA:147,0
DA:148,0
DA:149,0
DA:155,0
LF:59
LH:0
BRDA:23,0,0,0
BRDA:31,1,0,0
BRDA:36,2,0,0
BRDA:37,3,0,0
BRDA:37,3,1,0
BRDA:51,4,0,0
BRDA:51,4,1,0
BRDA:53,5,0,0
BRDA:63,6,0,0
BRDA:63,6,1,0
BRDA:63,6,2,0
BRDA:84,7,0,0
BRDA:84,7,1,0
BRDA:85,8,0,0
BRDA:85,8,1,0
BRDA:98,9,0,0
BRDA:98,9,1,0
BRDA:98,10,0,0
BRDA:98,10,1,0
BRDA:98,11,0,0
BRDA:98,11,1,0
BRDA:127,12,0,0
BRDA:127,12,1,0
BRDA:128,13,0,0
BRDA:128,13,1,0
BRDA:138,14,0,0
BRDA:138,14,1,0
BRDA:147,15,0,0
BRDA:147,15,1,0
BRDA:147,16,0,0
BRDA:147,16,1,0
BRDA:147,17,0,0
BRDA:147,17,1,0
BRF:33
BRH:0
end_of_record
TN:
SF:app/api/campaign/route.ts
FN:30,createCampaignInDb
FN:58,saveCampaignPost
FN:85,POST
FN:138,(anonymous_3)
FN:139,(anonymous_4)
FNF:5
FNH:0
FNDA:0,createCampaignInDb
FNDA:0,saveCampaignPost
FNDA:0,POST
FNDA:0,(anonymous_3)
FNDA:0,(anonymous_4)
DA:10,0
DA:11,0
DA:12,0
DA:35,0
DA:36,0
DA:53,0
DA:54,0
DA:55,0
DA:63,0
DA:64,0
DA:80,0
DA:81,0
DA:85,0
DA:86,0
DA:87,0
DA:88,0
DA:89,0
DA:96,0
DA:97,0
DA:99,0
DA:105,0
DA:111,0
DA:118,0
DA:119,0
DA:120,0
DA:121,0
DA:122,0
DA:123,0
DA:133,0
DA:136,0
DA:137,0
DA:139,0
DA:140,0
DA:145,0
DA:147,0
DA:148,0
DA:149,0
DA:152,0
DA:165,0
DA:166,0
DA:167,0
DA:168,0
DA:171,0
DA:177,0
DA:179,0
DA:184,0
LF:46
LH:0
BRDA:53,0,0,0
BRDA:80,1,0,0
BRDA:86,2,0,0
BRDA:86,2,1,0
BRDA:88,3,0,0
BRDA:105,4,0,0
BRDA:106,5,0,0
BRDA:106,5,1,0
BRDA:106,5,2,0
BRDA:106,5,3,0
BRDA:109,6,0,0
BRDA:109,6,1,0
BRDA:109,7,0,0
BRDA:109,7,1,0
BRDA:119,8,0,0
BRDA:121,9,0,0
BRDA:121,9,1,0
BRDA:121,10,0,0
BRDA:121,10,1,0
BRDA:121,11,0,0
BRDA:121,11,1,0
BRDA:122,12,0,0
BRF:22
BRH:0
end_of_record
TN:
SF:app/api/data/[...path]/route.ts
FN:4,(anonymous_0)
FN:10,GET
FN:20,POST
FN:43,PUT
FN:65,DELETE
FNF:5
FNH:0
FNDA:0,(anonymous_0)
FNDA:0,GET
FNDA:0,POST
FNDA:0,PUT
FNDA:0,DELETE
DA:1,0
DA:2,0
DA:4,0
DA:5,0
DA:10,0
DA:14,0
DA:15,0
DA:16,0
DA:17,0
DA:20,0
DA:24,0
DA:25,0
DA:26,0
DA:27,0
DA:28,0
DA:30,0
DA:31,0
DA:32,0
DA:33,0
DA:34,0
DA:35,0
DA:40,0
DA:43,0
DA:47,0
DA:48,0
DA:49,0
DA:50,0
DA:51,0
DA:53,0
DA:54,0
DA:55,0
DA:56,0
DA:57,0
DA:62,0
DA:65,0
DA:69,0
DA:70,0
DA:71,0
DA:72,0
LF:39
LH:0
BRDA:4,0,0,0
BRDA:15,1,0,0
BRDA:15,1,1,0
BRDA:16,2,0,0
BRDA:27,3,0,0
BRDA:27,3,1,0
BRDA:28,4,0,0
BRDA:30,5,0,0
BRDA:30,6,0,0
BRDA:30,6,1,0
BRDA:50,7,0,0
BRDA:50,7,1,0
BRDA:51,8,0,0
BRDA:53,9,0,0
BRDA:70,10,0,0
BRDA:70,10,1,0
BRDA:71,11,0,0
BRF:17
BRH:0
end_of_record
TN:
SF:app/api/knowledge/[...path]/route.ts
FN:10,(anonymous_0)
FN:16,(anonymous_1)
FN:34,validatePath
FN:53,GET
FN:67,POST
FN:93,PUT
FN:118,DELETE
FNF:7
FNH:0
FNDA:0,(anonymous_0)
FNDA:0,(anonymous_1)
FNDA:0,validatePath
FNDA:0,GET
FNDA:0,POST
FNDA:0,PUT
FNDA:0,DELETE
DA:7,0
DA:8,0
DA:10,0
DA:11,0
DA:16,0
DA:17,0
DA:23,0
DA:32,0
DA:45,0
DA:46,0
DA:47,0
DA:48,0
DA:49,0
DA:50,0
DA:53,0
DA:57,0
DA:58,0
DA:59,0
DA:61,0
DA:62,0
DA:64,0
DA:67,0
DA:71,0
DA:72,0
DA:73,0
DA:75,0
DA:76,0
DA:78,0
DA:79,0
DA:80,0
DA:81,0
DA:83,0
DA:84,0
DA:85,0
DA:90,0
DA:93,0
DA:97,0
DA:98,0
DA:99,0
DA:101,0
DA:102,0
DA:104,0
DA:105,0
DA:106,0
DA:107,0
DA:109,0
DA:110,0
DA:115,0
DA:118,0
DA:122,0
DA:123,0
DA:124,0
DA:126,0
DA:127,0
DA:129,0
LF:55
LH:0
BRDA:10,0,0,0
BRDA:45,1,0,0
BRDA:47,2,0,0
BRDA:49,3,0,0
BRDA:58,4,0,0
BRDA:58,4,1,0
BRDA:59,5,0,0
BRDA:62,6,0,0
BRDA:72,7,0,0
BRDA:72,7,1,0
BRDA:73,8,0,0
BRDA:76,9,0,0
BRDA:79,10,0,0
BRDA:98,11,0,0
BRDA:98,11,1,0
BRDA:99,12,0,0
BRDA:102,13,0,0
BRDA:105,14,0,0
BRDA:123,15,0,0
BRDA:123,15,1,0
BRDA:124,16,0,0
BRDA:127,17,0,0
BRF:22
BRH:0
end_of_record
TN:
SF:app/api/knowledge/extract/route.ts
FN:16,getClaudeApiKey
FN:37,POST
FNF:2
FNH:0
FNDA:0,getClaudeApiKey
FNDA:0,POST
DA:11,0
DA:12,0
DA:13,0
DA:17,0
DA:18,0
DA:25,0
DA:26,0
DA:27,0
DA:28,0
DA:29,0
DA:32,0
DA:34,0
DA:37,0
DA:38,0
DA:39,0
DA:40,0
DA:41,0
DA:45,0
DA:46,0
DA:48,0
DA:51,0
DA:52,0
DA:56,0
DA:57,0
DA:58,0
DA:64,0
DA:65,0
DA:66,0
DA:68,0
LF:29
LH:0
BRDA:25,0,0,0
BRDA:27,1,0,0
BRDA:27,1,1,0
BRDA:27,2,0,0
BRDA:27,2,1,0
BRDA:27,2,2,0
BRDA:29,3,0,0
BRDA:32,4,0,0
BRDA:32,4,1,0
BRDA:33,5,0,0
BRDA:33,5,1,0
BRDA:33,6,0,0
BRDA:33,6,1,0
BRDA:34,7,0,0
BRDA:34,7,1,0
BRDA:38,8,0,0
BRDA:38,8,1,0
BRDA:40,9,0,0
BRDA:51,10,0,0
BRDA:57,11,0,0
BRF:20
BRH:0
end_of_record
TN:
SF:app/api/knowledge/ingest/route.ts
FN:14,classifyContent
FN:98,POST
FNF:2
FNH:0
FNDA:0,classifyContent
FNDA:0,POST
DA:9,0
DA:10,0
DA:19,0
DA:20,0
DA:26,0
DA:31,0
DA:39,0
DA:43,0
DA:51,0
DA:52,0
DA:54,0
DA:55,0
DA:59,0
DA:66,0
DA:73,0
DA:77,0
DA:83,0
DA:91,0
DA:98,0
DA:99,0
DA:100,0
DA:101,0
DA:105,0
DA:106,0
DA:108,0
DA:111,0
DA:112,0
DA:115,0
DA:116,0
LF:29
LH:0
BRDA:26,0,0,0
BRDA:27,1,0,0
BRDA:27,1,1,0
BRDA:27,1,2,0
BRDA:34,2,0,0
BRDA:34,2,1,0
BRDA:39,3,0,0
BRDA:40,4,0,0
BRDA:40,4,1,0
BRDA:40,4,2,0
BRDA:46,5,0,0
BRDA:46,5,1,0
BRDA:51,6,0,0
BRDA:51,7,0,0
BRDA:51,7,1,0
BRDA:54,8,0,0
BRDA:54,9,0,0
BRDA:54,9,1,0
BRDA:59,10,0,0
BRDA:60,11,0,0
BRDA:60,11,1,0
BRDA:60,11,2,0
BRDA:60,11,3,0
BRDA:60,11,4,0
BRDA:66,12,0,0
BRDA:66,12,1,0
BRDA:68,13,0,0
BRDA:68,13,1,0
BRDA:70,14,0,0
BRDA:70,14,1,0
BRDA:70,15,0,0
BRDA:70,15,1,0
BRDA:73,16,0,0
BRDA:73,16,1,0
BRDA:77,17,0,0
BRDA:78,18,0,0
BRDA:78,18,1,0
BRDA:78,18,2,0
BRDA:78,18,3,0
BRDA:86,19,0,0
BRDA:86,19,1,0
BRDA:94,20,0,0
BRDA:94,20,1,0
BRDA:99,21,0,0
BRDA:99,21,1,0
BRDA:100,22,0,0
BRDA:111,23,0,0
BRDA:111,24,0,0
BRDA:111,24,1,0
BRF:49
BRH:0
end_of_record
TN:
SF:app/api/models/route.ts
FN:28,inferProvider
FN:112,fetchOneForAllModels
FN:139,(anonymous_2)
FN:140,(anonymous_3)
FN:152,(anonymous_4)
FN:182,fetchStraicoModels
FN:209,(anonymous_6)
FN:211,(anonymous_7)
FN:237,GET
FNF:9
FNH:0
FNDA:0,inferProvider
FNDA:0,fetchOneForAllModels
FNDA:0,(anonymous_2)
FNDA:0,(anonymous_3)
FNDA:0,(anonymous_4)
FNDA:0,fetchStraicoModels
FNDA:0,(anonymous_6)
FNDA:0,(anonymous_7)
FNDA:0,GET
DA:1,0
DA:3,0
DA:4,0
DA:29,0
DA:30,0
DA:31,0
DA:32,0
DA:37,0
DA:38,0
DA:39,0
DA:40,0
DA:41,0
DA:42,0
DA:43,0
DA:44,0
DA:45,0
DA:48,0
DA:79,0
DA:115,0
DA:123,0
DA:124,0
DA:128,0
DA:130,0
DA:132,0
DA:134,0
DA:135,0
DA:138,0
DA:139,0
DA:142,0
DA:143,0
DA:147,0
DA:150,0
DA:152,0
DA:155,0
DA:183,0
DA:191,0
DA:192,0
DA:196,0
DA:198,0
DA:204,0
DA:205,0
DA:209,0
DA:211,0
DA:237,0
DA:238,0
DA:240,0
DA:241,0
DA:251,0
DA:258,0
DA:259,0
DA:260,0
DA:262,0
DA:266,0
DA:268,0
DA:269,0
DA:272,0
LF:56
LH:0
BRDA:30,0,0,0
BRDA:30,1,0,0
BRDA:30,1,1,0
BRDA:32,2,0,0
BRDA:33,3,0,0
BRDA:33,3,1,0
BRDA:33,3,2,0
BRDA:38,4,0,0
BRDA:38,5,0,0
BRDA:38,5,1,0
BRDA:39,6,0,0
BRDA:39,7,0,0
BRDA:39,7,1,0
BRDA:40,8,0,0
BRDA:41,9,0,0
BRDA:42,10,0,0
BRDA:43,11,0,0
BRDA:43,12,0,0
BRDA:43,12,1,0
BRDA:123,13,0,0
BRDA:130,14,0,0
BRDA:130,14,1,0
BRDA:130,15,0,0
BRDA:130,15,1,0
BRDA:130,15,2,0
BRDA:132,16,0,0
BRDA:132,16,1,0
BRDA:134,17,0,0
BRDA:142,18,0,0
BRDA:142,18,1,0
BRDA:142,18,2,0
BRDA:142,18,3,0
BRDA:142,18,4,0
BRDA:143,19,0,0
BRDA:143,19,1,0
BRDA:143,19,2,0
BRDA:147,20,0,0
BRDA:147,20,1,0
BRDA:152,21,0,0
BRDA:152,21,1,0
BRDA:158,22,0,0
BRDA:158,22,1,0
BRDA:159,23,0,0
BRDA:159,23,1,0
BRDA:159,24,0,0
BRDA:159,24,1,0
BRDA:159,25,0,0
BRDA:159,25,1,0
BRDA:162,26,0,0
BRDA:162,26,1,0
BRDA:167,27,0,0
BRDA:167,27,1,0
BRDA:172,28,0,0
BRDA:172,28,1,0
BRDA:191,29,0,0
BRDA:198,30,0,0
BRDA:198,30,1,0
BRDA:200,31,0,0
BRDA:200,31,1,0
BRDA:204,32,0,0
BRDA:209,33,0,0
BRDA:209,33,1,0
BRDA:212,34,0,0
BRDA:212,34,1,0
BRDA:212,34,2,0
BRDA:212,34,3,0
BRDA:213,35,0,0
BRDA:213,35,1,0
BRDA:213,35,2,0
BRDA:213,35,3,0
BRDA:214,36,0,0
BRDA:214,36,1,0
BRDA:217,37,0,0
BRDA:217,37,1,0
BRDA:218,38,0,0
BRDA:218,38,1,0
BRDA:219,39,0,0
BRDA:219,39,1,0
BRDA:220,40,0,0
BRDA:220,40,1,0
BRDA:221,41,0,0
BRDA:221,41,1,0
BRDA:221,42,0,0
BRDA:221,42,1,0
BRDA:221,43,0,0
BRDA:221,43,1,0
BRDA:224,44,0,0
BRDA:224,44,1,0
BRDA:224,45,0,0
BRDA:224,45,1,0
BRDA:224,46,0,0
BRDA:224,46,1,0
BRDA:224,47,0,0
BRDA:224,47,1,0
BRDA:224,48,0,0
BRDA:224,48,1,0
BRDA:227,49,0,0
BRDA:227,49,1,0
BRDA:227,50,0,0
BRDA:227,50,1,0
BRDA:227,51,0,0
BRDA:227,51,1,0
BRDA:227,52,0,0
BRDA:227,52,1,0
BRDA:227,53,0,0
BRDA:227,53,1,0
BRDA:228,54,0,0
BRDA:228,54,1,0
BRDA:228,55,0,0
BRDA:228,55,1,0
BRDA:228,56,0,0
BRDA:228,56,1,0
BRDA:228,57,0,0
BRDA:228,57,1,0
BRDA:228,58,0,0
BRDA:228,58,1,0
BRDA:229,59,0,0
BRDA:229,59,1,0
BRDA:229,60,0,0
BRDA:229,60,1,0
BRDA:229,61,0,0
BRDA:229,61,1,0
BRDA:229,62,0,0
BRDA:229,62,1,0
BRDA:229,63,0,0
BRDA:229,63,1,0
BRDA:230,64,0,0
BRDA:230,64,1,0
BRDA:230,65,0,0
BRDA:230,65,1,0
BRDA:230,66,0,0
BRDA:230,66,1,0
BRDA:231,67,0,0
BRDA:231,67,1,0
BRDA:231,68,0,0
BRDA:231,68,1,0
BRDA:231,69,0,0
BRDA:231,69,1,0
BRDA:240,70,0,0
BRDA:240,71,0,0
BRDA:240,71,1,0
BRDA:240,71,2,0
BRDA:251,72,0,0
BRDA:251,72,1,0
BRDA:259,73,0,0
BRDA:263,74,0,0
BRDA:263,74,1,0
BRDA:268,75,0,0
BRDA:268,75,1,0
BRF:149
BRH:0
end_of_record
TN:
SF:app/api/oneforall/route.ts
FN:5,GET
FN:9,POST
FN:13,handleRequest
FNF:3
FNH:0
FNDA:0,GET
FNDA:0,POST
FNDA:0,handleRequest
DA:1,0
DA:3,0
DA:5,0
DA:6,0
DA:9,0
DA:10,0
DA:14,0
DA:16,0
DA:17,0
DA:20,0
DA:21,0
DA:24,0
DA:25,0
DA:26,0
DA:33,0
DA:34,0
DA:36,0
DA:37,0
DA:38,0
DA:43,0
DA:47,0
DA:48,0
DA:49,0
DA:50,0
DA:51,0
DA:52,0
DA:53,0
DA:64,0
DA:65,0
DA:77,0
DA:78,0
DA:83,0
DA:84,0
LF:33
LH:0
BRDA:14,0,0,0
BRDA:14,0,1,0
BRDA:16,1,0,0
BRDA:20,2,0,0
BRDA:25,3,0,0
BRDA:33,4,0,0
BRDA:33,4,1,0
BRDA:37,5,0,0
BRDA:47,6,0,0
BRDA:47,7,0,0
BRDA:47,7,1,0
BRDA:50,8,0,0
BRDA:50,9,0,0
BRDA:50,9,1,0
BRDA:50,10,0,0
BRDA:50,10,1,0
BRDA:52,11,0,0
BRDA:52,12,0,0
BRDA:52,12,1,0
BRDA:52,12,2,0
BRDA:66,13,0,0
BRDA:66,13,1,0
BRDA:72,14,0,0
BRDA:72,14,1,0
BRDA:72,15,0,0
BRDA:72,15,1,0
BRDA:83,16,0,0
BRDA:83,16,1,0
BRF:28
BRH:0
end_of_record
TN:
SF:app/api/pipeline/stream/route.ts
FN:57,POST
FN:137,(anonymous_1)
FN:138,(anonymous_2)
FNF:3
FNH:0
FNDA:0,POST
FNDA:0,(anonymous_1)
FNDA:0,(anonymous_2)
DA:22,0
DA:23,0
DA:24,0
DA:57,0
DA:58,0
DA:59,0
DA:60,0
DA:61,0
DA:68,0
DA:69,0
DA:71,0
DA:77,0
DA:78,0
DA:87,0
DA:88,0
DA:89,0
DA:90,0
DA:91,0
DA:92,0
DA:93,0
DA:95,0
DA:96,0
DA:102,0
DA:103,0
DA:114,0
DA:117,0
DA:124,0
DA:125,0
DA:126,0
DA:127,0
DA:128,0
DA:129,0
DA:130,0
DA:131,0
DA:132,0
DA:135,0
DA:136,0
DA:138,0
DA:139,0
DA:140,0
DA:144,0
DA:146,0
DA:147,0
DA:149,0
DA:150,0
DA:152,0
DA:153,0
DA:155,0
DA:156,0
DA:158,0
DA:159,0
DA:161,0
DA:162,0
DA:164,0
DA:165,0
DA:169,0
DA:176,0
DA:183,0
DA:188,0
LF:59
LH:0
BRDA:58,0,0,0
BRDA:58,0,1,0
BRDA:60,1,0,0
BRDA:77,2,0,0
BRDA:77,3,0,0
BRDA:77,3,1,0
BRDA:77,3,2,0
BRDA:77,4,0,0
BRDA:77,4,1,0
BRDA:77,5,0,0
BRDA:77,5,1,0
BRDA:88,6,0,0
BRDA:90,7,0,0
BRDA:91,8,0,0
BRDA:91,8,1,0
BRDA:92,9,0,0
BRDA:92,10,0,0
BRDA:92,10,1,0
BRDA:95,11,0,0
BRDA:95,12,0,0
BRDA:95,12,1,0
BRDA:98,13,0,0
BRDA:98,13,1,0
BRDA:102,14,0,0
BRDA:124,15,0,0
BRDA:125,16,0,0
BRDA:126,17,0,0
BRDA:127,18,0,0
BRDA:128,19,0,0
BRDA:129,20,0,0
BRDA:130,21,0,0
BRDA:131,22,0,0
BRDA:132,23,0,0
BRDA:147,24,0,0
BRDA:147,24,1,0
BRDA:147,24,2,0
BRDA:147,24,3,0
BRDA:147,24,4,0
BRDA:147,24,5,0
BRDA:171,25,0,0
BRDA:171,25,1,0
BRF:41
BRH:0
end_of_record
TN:
SF:app/api/seed-knowledge/route.ts
FN:11,ncbFetch
FN:35,POST
FN:64,(anonymous_2)
FN:99,(anonymous_3)
FN:100,(anonymous_4)
FN:102,(anonymous_5)
FNF:6
FNH:0
FNDA:0,ncbFetch
FNDA:0,POST
FNDA:0,(anonymous_2)
FNDA:0,(anonymous_3)
FNDA:0,(anonymous_4)
FNDA:0,(anonymous_5)
DA:1,0
DA:2,0
DA:8,0
DA:9,0
DA:17,0
DA:18,0
DA:27,0
DA:35,0
DA:36,0
DA:37,0
DA:38,0
DA:39,0
DA:42,0
DA:43,0
DA:45,0
DA:46,0
DA:47,0
DA:48,0
DA:49,0
DA:52,0
DA:54,0
DA:55,0
DA:56,0
DA:57,0
DA:60,0
DA:63,0
DA:64,0
DA:67,0
DA:68,0
DA:69,0
DA:73,0
DA:90,0
DA:95,0
DA:99,0
DA:100,0
DA:101,0
DA:102,0
DA:105,0
LF:38
LH:0
BRDA:25,0,0,0
BRDA:25,0,1,0
BRDA:36,1,0,0
BRDA:36,1,1,0
BRDA:38,2,0,0
BRDA:47,3,0,0
BRDA:55,4,0,0
BRDA:64,5,0,0
BRDA:64,5,1,0
BRDA:67,6,0,0
BRDA:92,7,0,0
BRDA:92,7,1,0
BRDA:102,8,0,0
BRDA:102,8,1,0
BRF:14
BRH:0
end_of_record
TN:
SF:app/api/seed-profile/route.ts
FN:9,ncbFetch
FN:32,POST
FNF:2
FNH:0
FNDA:0,ncbFetch
FNDA:0,POST
DA:1,0
DA:2,0
DA:15,0
DA:16,0
DA:25,0
DA:32,0
DA:33,0
DA:34,0
DA:35,0
DA:36,0
DA:39,0
DA:41,0
DA:122,0
DA:124,0
DA:125,0
DA:126,0
DA:128,0
DA:129,0
DA:130,0
DA:133,0
DA:145,0
DA:151,0
DA:152,0
DA:158,0
DA:164,0
DA:165,0
DA:172,0
LF:27
LH:0
BRDA:23,0,0,0
BRDA:23,0,1,0
BRDA:33,1,0,0
BRDA:33,1,1,0
BRDA:35,2,0,0
BRDA:128,3,0,0
BRDA:128,3,1,0
BRDA:135,4,0,0
BRDA:135,4,1,0
BRDA:136,5,0,0
BRDA:136,5,1,0
BRDA:137,6,0,0
BRDA:137,6,1,0
BRDA:138,7,0,0
BRDA:138,7,1,0
BRDA:140,8,0,0
BRDA:140,8,1,0
BRDA:142,9,0,0
BRDA:142,9,1,0
BRDA:175,10,0,0
BRDA:175,10,1,0
BRF:21
BRH:0
end_of_record
TN:
SF:app/api/straico/route.ts
FN:5,GET
FN:9,POST
FN:13,handleRequest
FNF:3
FNH:0
FNDA:0,GET
FNDA:0,POST
FNDA:0,handleRequest
DA:1,0
DA:3,0
DA:5,0
DA:6,0
DA:9,0
DA:10,0
DA:14,0
DA:16,0
DA:17,0
DA:20,0
DA:21,0
DA:24,0
DA:25,0
DA:26,0
DA:34,0
DA:35,0
DA:36,0
DA:37,0
DA:40,0
DA:44,0
DA:45,0
DA:46,0
DA:47,0
DA:48,0
DA:49,0
DA:50,0
DA:61,0
DA:62,0
DA:72,0
DA:73,0
DA:78,0
DA:79,0
LF:32
LH:0
BRDA:14,0,0,0
BRDA:14,0,1,0
BRDA:16,1,0,0
BRDA:20,2,0,0
BRDA:25,3,0,0
BRDA:34,4,0,0
BRDA:34,4,1,0
BRDA:36,5,0,0
BRDA:36,5,1,0
BRDA:44,6,0,0
BRDA:44,7,0,0
BRDA:44,7,1,0
BRDA:47,8,0,0
BRDA:47,9,0,0
BRDA:47,9,1,0
BRDA:47,10,0,0
BRDA:47,10,1,0
BRDA:49,11,0,0
BRDA:49,12,0,0
BRDA:49,12,1,0
BRDA:49,12,2,0
BRDA:63,13,0,0
BRDA:63,13,1,0
BRDA:69,14,0,0
BRDA:69,14,1,0
BRDA:78,15,0,0
BRDA:78,15,1,0
BRF:27
BRH:0
end_of_record
TN:
SF:app/auth/callback/page.tsx
FN:8,AuthCallback
FN:12,(anonymous_1)
FN:13,(anonymous_2)
FNF:3
FNH:0
FNDA:0,AuthCallback
FNDA:0,(anonymous_1)
FNDA:0,(anonymous_2)
DA:3,0
DA:4,0
DA:5,0
DA:6,0
DA:8,0
DA:9,0
DA:10,0
DA:12,0
DA:13,0
DA:14,0
DA:18,0
LF:11
LH:0
BRF:0
BRH:0
end_of_record
TN:
SF:app/login/page.tsx
FN:15,LoginPage
FN:30,(anonymous_10)
FN:37,(anonymous_11)
FN:39,(anonymous_12)
FN:40,(anonymous_13)
FN:43,(anonymous_14)
FN:46,(anonymous_15)
FN:90,(anonymous_16)
FN:170,(anonymous_17)
FN:181,(anonymous_18)
FN:192,(anonymous_19)
FN:202,(anonymous_20)
FN:206,(anonymous_21)
FN:218,(anonymous_22)
FN:231,(anonymous_23)
FNF:15
FNH:0
FNDA:0,LoginPage
FNDA:0,(anonymous_10)
FNDA:0,(anonymous_11)
FNDA:0,(anonymous_12)
FNDA:0,(anonymous_13)
FNDA:0,(anonymous_14)
FNDA:0,(anonymous_15)
FNDA:0,(anonymous_16)
FNDA:0,(anonymous_17)
FNDA:0,(anonymous_18)
FNDA:0,(anonymous_19)
FNDA:0,(anonymous_20)
FNDA:0,(anonymous_21)
FNDA:0,(anonymous_22)
FNDA:0,(anonymous_23)
DA:3,0
DA:4,0
DA:5,0
DA:6,0
DA:7,0
DA:15,0
DA:16,0
DA:17,0
DA:18,0
DA:19,0
DA:20,0
DA:23,0
DA:24,0
DA:25,0
DA:26,0
DA:27,0
DA:30,0
DA:31,0
DA:32,0
DA:37,0
DA:38,0
DA:39,0
DA:41,0
DA:43,0
DA:46,0
DA:47,0
DA:48,0
DA:49,0
DA:50,0
DA:53,0
DA:54,0
DA:56,0
DA:57,0
DA:60,0
DA:64,0
DA:71,0
DA:72,0
DA:73,0
DA:80,0
DA:81,0
DA:83,0
DA:84,0
DA:86,0
DA:90,0
DA:91,0
DA:94,0
DA:95,0
DA:105,0
DA:170,0
DA:181,0
DA:192,0
DA:202,0
DA:206,0
DA:219,0
DA:220,0
DA:231,0
LF:56
LH:0
BRDA:31,0,0,0
BRDA:31,1,0,0
BRDA:31,1,1,0
BRDA:41,2,0,0
BRDA:41,2,1,0
BRDA:48,3,0,0
BRDA:48,4,0,0
BRDA:48,4,1,0
BRDA:57,5,0,0
BRDA:57,5,1,0
BRDA:60,6,0,0
BRDA:60,6,1,0
BRDA:61,7,0,0
BRDA:61,7,1,0
BRDA:71,8,0,0
BRDA:74,9,0,0
BRDA:74,9,1,0
BRDA:75,10,0,0
BRDA:75,10,1,0
BRDA:83,11,0,0
BRDA:83,11,1,0
BRDA:94,12,0,0
BRDA:94,13,0,0
BRDA:94,13,1,0
BRDA:117,14,0,0
BRDA:117,14,1,0
BRDA:124,15,0,0
BRDA:124,15,1,0
BRDA:167,16,0,0
BRDA:167,16,1,0
BRDA:173,17,0,0
BRDA:173,17,1,0
BRDA:197,18,0,0
BRDA:197,18,1,0
BRDA:209,19,0,0
BRDA:209,19,1,0
BRDA:213,20,0,0
BRDA:213,20,1,0
BRDA:224,21,0,0
BRDA:224,21,1,0
BRDA:229,22,0,0
BRDA:229,22,1,0
BRDA:242,23,0,0
BRDA:242,23,1,0
BRF:44
BRH:0
end_of_record
TN:
SF:app/reset-password/page.tsx
FN:8,ResetPasswordContent
FN:19,(anonymous_10)
FN:48,(anonymous_11)
FN:66,(anonymous_12)
FN:94,(anonymous_13)
FN:103,(anonymous_14)
FN:112,(anonymous_15)
FN:121,(anonymous_16)
FN:142,(anonymous_17)
FN:152,ResetPasswordPage
FNF:10
FNH:0
FNDA:0,ResetPasswordContent
FNDA:0,(anonymous_10)
FNDA:0,(anonymous_11)
FNDA:0,(anonymous_12)
FNDA:0,(anonymous_13)
FNDA:0,(anonymous_14)
FNDA:0,(anonymous_15)
FNDA:0,(anonymous_16)
FNDA:0,(anonymous_17)
FNDA:0,ResetPasswordPage
DA:3,0
DA:4,0
DA:5,0
DA:6,0
DA:9,0
DA:10,0
DA:11,0
DA:13,0
DA:14,0
DA:15,0
DA:16,0
DA:17,0
DA:19,0
DA:20,0
DA:21,0
DA:22,0
DA:23,0
DA:25,0
DA:26,0
DA:36,0
DA:37,0
DA:40,0
DA:42,0
DA:44,0
DA:48,0
DA:49,0
DA:50,0
DA:51,0
DA:53,0
DA:54,0
DA:61,0
DA:62,0
DA:65,0
DA:66,0
DA:68,0
DA:70,0
DA:74,0
DA:94,0
DA:103,0
DA:112,0
DA:121,0
DA:142,0
DA:152,0
DA:153,0
LF:44
LH:0
BRDA:36,0,0,0
BRDA:42,1,0,0
BRDA:42,1,1,0
BRDA:61,2,0,0
BRDA:68,3,0,0
BRDA:68,3,1,0
BRDA:85,4,0,0
BRDA:85,4,1,0
BRDA:88,5,0,0
BRDA:88,5,1,0
BRDA:92,6,0,0
BRDA:92,6,1,0
BRDA:130,7,0,0
BRDA:130,7,1,0
BRDA:135,8,0,0
BRDA:135,8,1,0
BRF:16
BRH:0
end_of_record
TN:
SF:components/EnhancedDropdown.tsx
FN:65,(anonymous_9)
FN:109,(anonymous_10)
FN:149,(anonymous_11)
FN:164,(anonymous_12)
FN:164,(anonymous_13)
FN:168,(anonymous_14)
FN:170,(anonymous_15)
FN:177,(anonymous_16)
FN:178,(anonymous_17)
FN:180,(anonymous_18)
FN:185,(anonymous_19)
FN:187,(anonymous_20)
FN:193,(anonymous_21)
FN:196,(anonymous_22)
FN:200,(anonymous_23)
FN:205,(anonymous_24)
FN:211,(anonymous_25)
FN:220,(anonymous_26)
FN:221,(anonymous_27)
FN:230,(anonymous_28)
FN:297,(anonymous_29)
FN:302,(anonymous_30)
FN:306,(anonymous_31)
FN:321,(anonymous_32)
FN:331,(anonymous_33)
FN:335,(anonymous_34)
FN:365,(anonymous_35)
FNF:27
FNH:0
FNDA:0,(anonymous_9)
FNDA:0,(anonymous_10)
FNDA:0,(anonymous_11)
FNDA:0,(anonymous_12)
FNDA:0,(anonymous_13)
FNDA:0,(anonymous_14)
FNDA:0,(anonymous_15)
FNDA:0,(anonymous_16)
FNDA:0,(anonymous_17)
FNDA:0,(anonymous_18)
FNDA:0,(anonymous_19)
FNDA:0,(anonymous_20)
FNDA:0,(anonymous_21)
FNDA:0,(anonymous_22)
FNDA:0,(anonymous_23)
FNDA:0,(anonymous_24)
FNDA:0,(anonymous_25)
FNDA:0,(anonymous_26)
FNDA:0,(anonymous_27)
FNDA:0,(anonymous_28)
FNDA:0,(anonymous_29)
FNDA:0,(anonymous_30)
FNDA:0,(anonymous_31)
FNDA:0,(anonymous_32)
FNDA:0,(anonymous_33)
FNDA:0,(anonymous_34)
FNDA:0,(anonymous_35)
DA:2,0
DA:3,0
DA:39,0
DA:65,0
DA:66,0
DA:68,0
DA:69,0
DA:70,0
DA:72,0
DA:74,0
DA:75,0
DA:76,0
DA:78,0
DA:79,0
DA:80,0
DA:82,0
DA:83,0
DA:84,0
DA:86,0
DA:89,0
DA:109,0
DA:110,0
DA:112,0
DA:113,0
DA:114,0
DA:115,0
DA:117,0
DA:119,0
DA:120,0
DA:121,0
DA:122,0
DA:124,0
DA:125,0
DA:126,0
DA:127,0
DA:129,0
DA:130,0
DA:131,0
DA:132,0
DA:135,0
DA:149,0
DA:158,0
DA:159,0
DA:160,0
DA:161,0
DA:163,0
DA:164,0
DA:168,0
DA:170,0
DA:171,0
DA:172,0
DA:173,0
DA:174,0
DA:177,0
DA:178,0
DA:179,0
DA:180,0
DA:185,0
DA:186,0
DA:188,0
DA:192,0
DA:193,0
DA:195,0
DA:196,0
DA:198,0
DA:199,0
DA:200,0
DA:203,0
DA:204,0
DA:205,0
DA:210,0
DA:211,0
DA:212,0
DA:213,0
DA:215,0
DA:217,0
DA:220,0
DA:221,0
DA:222,0
DA:226,0
DA:229,0
DA:230,0
DA:233,0
DA:249,0
DA:297,0
DA:303,0
DA:307,0
DA:322,0
DA:331,0
DA:335,0
DA:366,0
DA:387,0
LF:92
LH:0
BRDA:66,0,0,0
BRDA:66,1,0,0
BRDA:66,1,1,0
BRDA:72,2,0,0
BRDA:72,2,1,0
BRDA:72,2,2,0
BRDA:72,2,3,0
BRDA:91,3,0,0
BRDA:91,3,1,0
BRDA:96,4,0,0
BRDA:96,4,1,0
BRDA:110,5,0,0
BRDA:110,6,0,0
BRDA:110,6,1,0
BRDA:117,7,0,0
BRDA:117,7,1,0
BRDA:117,7,2,0
BRDA:140,8,0,0
BRDA:140,8,1,0
BRDA:154,9,0,0
BRDA:155,10,0,0
BRDA:156,11,0,0
BRDA:179,12,0,0
BRDA:179,12,1,0
BRDA:188,13,0,0
BRDA:188,13,1,0
BRDA:192,14,0,0
BRDA:195,15,0,0
BRDA:198,16,0,0
BRDA:203,17,0,0
BRDA:205,18,0,0
BRDA:205,18,1,0
BRDA:205,19,0,0
BRDA:205,19,1,0
BRDA:212,20,0,0
BRDA:222,21,0,0
BRDA:223,22,0,0
BRDA:223,22,1,0
BRDA:264,23,0,0
BRDA:264,23,1,0
BRDA:266,24,0,0
BRDA:266,24,1,0
BRDA:266,24,2,0
BRDA:275,25,0,0
BRDA:275,25,1,0
BRDA:275,26,0,0
BRDA:275,26,1,0
BRDA:276,27,0,0
BRDA:276,27,1,0
BRDA:276,28,0,0
BRDA:276,28,1,0
BRDA:285,29,0,0
BRDA:285,29,1,0
BRDA:289,30,0,0
BRDA:289,30,1,0
BRDA:305,31,0,0
BRDA:305,31,1,0
BRDA:305,32,0,0
BRDA:305,32,1,0
BRDA:305,32,2,0
BRDA:307,33,0,0
BRDA:307,33,1,0
BRDA:316,34,0,0
BRDA:316,34,1,0
BRDA:324,35,0,0
BRDA:324,35,1,0
BRDA:334,36,0,0
BRDA:334,36,1,0
BRDA:340,37,0,0
BRDA:340,37,1,0
BRDA:350,38,0,0
BRDA:350,38,1,0
BRDA:350,39,0,0
BRDA:350,39,1,0
BRDA:351,40,0,0
BRDA:351,40,1,0
BRDA:351,41,0,0
BRDA:351,41,1,0
BRDA:378,42,0,0
BRDA:378,42,1,0
BRF:80
BRH:0
end_of_record
TN:
SF:components/Header.tsx
FN:22,(anonymous_1)
FN:41,(anonymous_2)
FNF:2
FNH:0
FNDA:0,(anonymous_1)
FNDA:0,(anonymous_2)
DA:3,0
DA:4,0
DA:5,0
DA:6,0
DA:7,0
DA:13,0
DA:22,0
DA:23,0
DA:24,0
DA:25,0
DA:27,0
DA:41,0
DA:58,0
LF:13
LH:0
BRDA:25,0,0,0
BRDA:25,0,1,0
BRF:2
BRH:0
end_of_record
TN:
SF:components/PostEditorModal.tsx
FN:71,(anonymous_9)
FN:84,(anonymous_10)
FN:96,(anonymous_11)
FN:113,(anonymous_12)
FN:156,(anonymous_13)
FN:169,(anonymous_14)
FN:182,(anonymous_15)
FN:185,(anonymous_16)
FNF:8
FNH:0
FNDA:0,(anonymous_9)
FNDA:0,(anonymous_10)
FNDA:0,(anonymous_11)
FNDA:0,(anonymous_12)
FNDA:0,(anonymous_13)
FNDA:0,(anonymous_14)
FNDA:0,(anonymous_15)
FNDA:0,(anonymous_16)
DA:2,0
DA:3,0
DA:5,0
DA:14,0
DA:71,0
DA:77,0
DA:78,0
DA:79,0
DA:80,0
DA:81,0
DA:82,0
DA:84,0
DA:85,0
DA:86,0
DA:87,0
DA:88,0
DA:89,0
DA:90,0
DA:94,0
DA:96,0
DA:97,0
DA:99,0
DA:100,0
DA:101,0
DA:103,0
DA:110,0
DA:111,0
DA:112,0
DA:113,0
DA:114,0
DA:115,0
DA:118,0
DA:119,0
DA:121,0
DA:125,0
DA:156,0
DA:169,0
DA:182,0
DA:186,0
DA:219,0
LF:40
LH:0
BRDA:85,0,0,0
BRDA:85,1,0,0
BRDA:85,1,1,0
BRDA:94,2,0,0
BRDA:94,3,0,0
BRDA:94,3,1,0
BRDA:97,4,0,0
BRDA:136,5,0,0
BRDA:136,5,1,0
BRDA:141,6,0,0
BRDA:141,6,1,0
BRDA:203,7,0,0
BRDA:203,7,1,0
BRF:13
BRH:0
end_of_record
TN:
SF:components/PostGenerator.tsx
FN:37,(anonymous_9)
FN:52,(anonymous_10)
FN:53,(anonymous_11)
FN:56,(anonymous_12)
FN:91,(anonymous_13)
FN:112,(anonymous_14)
FN:125,(anonymous_15)
FN:140,(anonymous_16)
FN:148,(anonymous_17)
FN:243,(anonymous_18)
FNF:10
FNH:0
FNDA:0,(anonymous_9)
FNDA:0,(anonymous_10)
FNDA:0,(anonymous_11)
FNDA:0,(anonymous_12)
FNDA:0,(anonymous_13)
FNDA:0,(anonymous_14)
FNDA:0,(anonymous_15)
FNDA:0,(anonymous_16)
FNDA:0,(anonymous_17)
FNDA:0,(anonymous_18)
DA:2,0
DA:10,0
DA:17,0
DA:22,0
DA:36,0
DA:41,0
DA:42,0
DA:43,0
DA:44,0
DA:45,0
DA:46,0
DA:47,0
DA:49,0
DA:50,0
DA:52,0
DA:53,0
DA:56,0
DA:57,0
DA:58,0
DA:59,0
DA:61,0
DA:62,0
DA:63,0
DA:64,0
DA:65,0
DA:67,0
DA:68,0
DA:69,0
DA:70,0
DA:75,0
DA:88,0
DA:91,0
DA:94,0
DA:95,0
DA:97,0
DA:98,0
DA:100,0
DA:101,0
DA:107,0
DA:108,0
DA:112,0
DA:113,0
DA:121,0
DA:125,0
DA:126,0
DA:127,0
DA:128,0
DA:129,0
DA:130,0
DA:131,0
DA:132,0
DA:133,0
DA:134,0
DA:136,0
DA:137,0
DA:138,0
DA:140,0
DA:141,0
DA:142,0
DA:148,0
DA:149,0
DA:150,0
DA:151,0
DA:152,0
DA:153,0
DA:154,0
DA:155,0
DA:158,0
DA:244,0
DA:245,0
DA:286,0
LF:71
LH:0
BRDA:57,0,0,0
BRDA:57,0,1,0
BRDA:57,1,0,0
BRDA:57,1,1,0
BRDA:69,2,0,0
BRDA:100,3,0,0
BRDA:102,4,0,0
BRDA:102,4,1,0
BRDA:113,5,0,0
BRDA:114,6,0,0
BRDA:114,6,1,0
BRDA:114,6,2,0
BRDA:114,6,3,0
BRDA:114,6,4,0
BRDA:114,6,5,0
BRDA:126,7,0,0
BRDA:160,8,0,0
BRDA:160,8,1,0
BRDA:166,9,0,0
BRDA:166,9,1,0
BRDA:184,10,0,0
BRDA:184,10,1,0
BRDA:184,11,0,0
BRDA:184,11,1,0
BRDA:184,12,0,0
BRDA:184,12,1,0
BRDA:184,13,0,0
BRDA:184,13,1,0
BRDA:185,14,0,0
BRDA:185,14,1,0
BRDA:208,15,0,0
BRDA:208,15,1,0
BRDA:229,16,0,0
BRDA:229,16,1,0
BRDA:232,17,0,0
BRDA:232,17,1,0
BRDA:254,18,0,0
BRDA:254,18,1,0
BRF:38
BRH:0
end_of_record
TN:
SF:components/SchedulePostModal.tsx
FN:72,(anonymous_9)
FN:85,(anonymous_10)
FN:94,(anonymous_11)
FN:118,(anonymous_12)
FN:130,(anonymous_13)
FN:132,(anonymous_14)
FNF:6
FNH:0
FNDA:0,(anonymous_9)
FNDA:0,(anonymous_10)
FNDA:0,(anonymous_11)
FNDA:0,(anonymous_12)
FNDA:0,(anonymous_13)
FNDA:0,(anonymous_14)
DA:2,0
DA:3,0
DA:5,0
DA:15,0
DA:72,0
DA:79,0
DA:83,0
DA:85,0
DA:86,0
DA:87,0
DA:88,0
DA:92,0
DA:94,0
DA:95,0
DA:98,0
DA:118,0
DA:130,0
DA:133,0
DA:154,0
LF:19
LH:0
BRDA:77,0,0,0
BRDA:80,1,0,0
BRDA:80,1,1,0
BRDA:80,2,0,0
BRDA:80,2,1,0
BRDA:86,3,0,0
BRDA:87,4,0,0
BRDA:87,4,1,0
BRDA:87,5,0,0
BRDA:87,5,1,0
BRDA:92,6,0,0
BRF:11
BRH:0
end_of_record
TN:
SF:components/Sidebar.tsx
FN:39,(anonymous_1)
FN:57,(anonymous_2)
FNF:2
FNH:0
FNDA:0,(anonymous_1)
FNDA:0,(anonymous_2)
DA:3,0
DA:4,0
DA:5,0
DA:6,0
DA:19,0
DA:26,0
DA:39,0
DA:40,0
DA:41,0
DA:43,0
DA:45,0
DA:58,0
DA:59,0
DA:60,0
DA:103,0
LF:15
LH:0
BRDA:43,0,0,0
BRDA:43,0,1,0
BRDA:43,1,0,0
BRDA:43,1,1,0
BRDA:43,2,0,0
BRDA:43,2,1,0
BRDA:46,3,0,0
BRDA:46,3,1,0
BRDA:64,4,0,0
BRDA:64,4,1,0
BRDA:88,5,0,0
BRDA:88,5,1,0
BRDA:88,6,0,0
BRDA:88,6,1,0
BRDA:88,7,0,0
BRDA:88,7,1,0
BRDA:89,8,0,0
BRDA:89,8,1,0
BRDA:89,9,0,0
BRDA:89,9,1,0
BRDA:89,10,0,0
BRDA:89,10,1,0
BRDA:89,11,0,0
BRDA:89,11,1,0
BRDA:95,12,0,0
BRDA:95,12,1,0
BRDA:95,13,0,0
BRDA:95,13,1,0
BRDA:95,14,0,0
BRDA:95,14,1,0
BRDA:95,15,0,0
BRDA:95,15,1,0
BRF:32
BRH:0
end_of_record
TN:
SF:components/calendar/CalendarView.tsx
FN:15,CalendarView
FN:23,(anonymous_11)
FN:36,(anonymous_12)
FN:40,(anonymous_13)
FN:44,(anonymous_14)
FN:50,(anonymous_15)
FN:56,(anonymous_16)
FN:84,(anonymous_17)
FN:121,(anonymous_18)
FN:126,(anonymous_19)
FN:185,(anonymous_20)
FNF:11
FNH:0
FNDA:0,CalendarView
FNDA:0,(anonymous_11)
FNDA:0,(anonymous_12)
FNDA:0,(anonymous_13)
FNDA:0,(anonymous_14)
FNDA:0,(anonymous_15)
FNDA:0,(anonymous_16)
FNDA:0,(anonymous_17)
FNDA:0,(anonymous_18)
FNDA:0,(anonymous_19)
FNDA:0,(anonymous_20)
DA:2,0
DA:3,0
DA:5,0
DA:6,0
DA:7,0
DA:15,0
DA:20,0
DA:23,0
DA:24,0
DA:25,0
DA:27,0
DA:31,0
DA:36,0
DA:37,0
DA:40,0
DA:41,0
DA:44,0
DA:45,0
DA:50,0
DA:51,0
DA:56,0
DA:57,0
DA:58,0
DA:60,0
DA:61,0
DA:63,0
DA:66,0
DA:67,0
DA:76,0
DA:77,0
DA:78,0
DA:80,0
DA:84,0
DA:85,0
DA:86,0
DA:93,0
DA:94,0
DA:95,0
DA:96,0
DA:98,0
DA:99,0
DA:101,0
DA:102,0
DA:103,0
DA:108,0
DA:122,0
DA:126,0
DA:140,0
DA:143,0
DA:158,0
DA:186,0
LF:51
LH:0
BRDA:24,0,0,0
BRDA:27,1,0,0
BRDA:28,2,0,0
BRDA:28,2,1,0
BRDA:80,3,0,0
BRDA:80,3,1,0
BRDA:87,4,0,0
BRDA:87,4,1,0
BRDA:87,4,2,0
BRDA:95,5,0,0
BRDA:98,6,0,0
BRDA:101,7,0,0
BRDA:101,8,0,0
BRDA:101,8,1,0
BRDA:115,9,0,0
BRDA:115,9,1,0
BRDA:115,10,0,0
BRDA:115,10,1,0
BRDA:119,11,0,0
BRDA:119,11,1,0
BRDA:128,12,0,0
BRDA:128,12,1,0
BRF:22
BRH:0
end_of_record
TN:
SF:components/calendar/ScoreBadge.tsx
FN:8,ScoreBadge
FNF:1
FNH:0
FNDA:0,ScoreBadge
DA:1,0
DA:8,0
DA:9,0
DA:10,0
DA:11,0
DA:13,0
LF:6
LH:0
BRDA:8,0,0,0
BRDA:9,1,0,0
BRDA:9,1,1,0
BRDA:10,2,0,0
BRDA:10,2,1,0
BRDA:11,3,0,0
BRDA:11,3,1,0
BRDA:22,4,0,0
BRDA:22,4,1,0
BRDA:24,5,0,0
BRDA:24,5,1,0
BRF:11
BRH:0
end_of_record
TN:
SF:components/campaigns/BatchProgress.tsx
FN:14,BatchProgress
FN:121,(anonymous_2)
FNF:2
FNH:0
FNDA:0,BatchProgress
FNDA:0,(anonymous_2)
DA:2,0
DA:3,0
DA:4,0
DA:14,0
DA:22,0
DA:24,0
DA:122,0
LF:7
LH:0
BRDA:22,0,0,0
BRDA:22,0,1,0
BRDA:50,1,0,0
BRDA:50,1,1,0
BRDA:52,2,0,0
BRDA:52,2,1,0
BRDA:69,3,0,0
BRDA:69,3,1,0
BRDA:71,4,0,0
BRDA:71,4,1,0
BRDA:76,5,0,0
BRDA:76,5,1,0
BRDA:85,6,0,0
BRDA:85,6,1,0
BRDA:86,7,0,0
BRDA:86,7,1,0
BRDA:87,8,0,0
BRDA:87,8,1,0
BRDA:88,9,0,0
BRDA:88,9,1,0
BRDA:90,10,0,0
BRDA:90,10,1,0
BRDA:91,11,0,0
BRDA:91,11,1,0
BRDA:96,12,0,0
BRDA:96,12,1,0
BRDA:103,13,0,0
BRDA:103,13,1,0
BRDA:103,13,2,0
BRF:29
BRH:0
end_of_record
TN:
SF:components/campaigns/CampaignCalendar.tsx
FN:12,CampaignCalendar
FN:20,(anonymous_2)
FN:36,(anonymous_3)
FN:55,(anonymous_4)
FN:120,(anonymous_5)
FNF:5
FNH:0
FNDA:0,CampaignCalendar
FNDA:0,(anonymous_2)
FNDA:0,(anonymous_3)
FNDA:0,(anonymous_4)
FNDA:0,(anonymous_5)
DA:2,0
DA:3,0
DA:12,0
DA:18,0
DA:19,0
DA:20,0
DA:23,0
DA:37,0
DA:56,0
DA:121,0
LF:10
LH:0
BRDA:54,0,0,0
BRDA:54,0,1,0
BRDA:107,1,0,0
BRDA:107,1,1,0
BRF:4
BRH:0
end_of_record
TN:
SF:components/campaigns/CampaignSetup.tsx
FN:28,CampaignSetup
FN:36,(anonymous_10)
FN:38,(anonymous_11)
FN:43,(anonymous_12)
FN:45,(anonymous_13)
FN:46,(anonymous_14)
FN:52,(anonymous_15)
FN:54,(anonymous_16)
FN:58,(anonymous_17)
FN:59,(anonymous_18)
FN:66,(anonymous_19)
FN:97,(anonymous_20)
FN:113,(anonymous_21)
FN:125,(anonymous_22)
FN:134,(anonymous_23)
FN:144,(anonymous_24)
FN:167,(anonymous_25)
FN:191,(anonymous_26)
FN:207,(anonymous_27)
FN:225,(anonymous_28)
FN:228,(anonymous_29)
FNF:21
FNH:0
FNDA:0,CampaignSetup
FNDA:0,(anonymous_10)
FNDA:0,(anonymous_11)
FNDA:0,(anonymous_12)
FNDA:0,(anonymous_13)
FNDA:0,(anonymous_14)
FNDA:0,(anonymous_15)
FNDA:0,(anonymous_16)
FNDA:0,(anonymous_17)
FNDA:0,(anonymous_18)
FNDA:0,(anonymous_19)
FNDA:0,(anonymous_20)
FNDA:0,(anonymous_21)
FNDA:0,(anonymous_22)
FNDA:0,(anonymous_23)
FNDA:0,(anonymous_24)
FNDA:0,(anonymous_25)
FNDA:0,(anonymous_26)
FNDA:0,(anonymous_27)
FNDA:0,(anonymous_28)
FNDA:0,(anonymous_29)
DA:2,0
DA:3,0
DA:4,0
DA:20,0
DA:28,0
DA:29,0
DA:30,0
DA:31,0
DA:32,0
DA:33,0
DA:36,0
DA:37,0
DA:38,0
DA:39,0
DA:41,0
DA:43,0
DA:45,0
DA:46,0
DA:52,0
DA:53,0
DA:54,0
DA:55,0
DA:58,0
DA:59,0
DA:60,0
DA:61,0
DA:62,0
DA:66,0
DA:67,0
DA:68,0
DA:78,0
DA:97,0
DA:113,0
DA:125,0
DA:134,0
DA:144,0
DA:168,0
DA:192,0
DA:207,0
DA:225,0
DA:229,0
DA:230,0
DA:231,0
LF:43
LH:0
BRDA:53,0,0,0
BRDA:53,1,0,0
BRDA:53,1,1,0
BRDA:155,2,0,0
BRDA:155,2,1,0
BRDA:229,3,0,0
BRDA:267,4,0,0
BRDA:267,4,1,0
BRDA:267,4,2,0
BRF:9
BRH:0
end_of_record
TN:
SF:components/factory/DraftEditor.tsx
FN:13,DraftEditor
FN:18,(anonymous_2)
FN:110,(anonymous_3)
FNF:3
FNH:0
FNDA:0,DraftEditor
FNDA:0,(anonymous_2)
FNDA:0,(anonymous_3)
DA:2,0
DA:3,0
DA:13,0
DA:18,0
DA:20,0
DA:111,0
LF:6
LH:0
BRDA:18,0,0,0
BRDA:18,0,1,0
BRDA:18,1,0,0
BRDA:18,1,1,0
BRDA:18,2,0,0
BRDA:18,2,1,0
BRDA:46,3,0,0
BRDA:46,3,1,0
BRDA:68,4,0,0
BRDA:68,4,1,0
BRDA:98,5,0,0
BRDA:98,5,1,0
BRDA:98,5,2,0
BRDA:119,6,0,0
BRDA:119,6,1,0
BRDA:124,7,0,0
BRDA:124,7,1,0
BRDA:134,8,0,0
BRDA:134,8,1,0
BRDA:148,9,0,0
BRDA:148,9,1,0
BRDA:159,10,0,0
BRDA:159,10,1,0
BRF:23
BRH:0
end_of_record
TN:
SF:components/factory/EvidencePack.tsx
FN:11,EvidencePack
FN:16,(anonymous_10)
FN:35,(anonymous_11)
FN:37,(anonymous_12)
FN:112,(anonymous_13)
FN:114,(anonymous_14)
FN:143,(anonymous_15)
FN:152,(anonymous_16)
FN:164,(anonymous_17)
FN:173,(anonymous_18)
FN:183,Section
FNF:11
FNH:0
FNDA:0,EvidencePack
FNDA:0,(anonymous_10)
FNDA:0,(anonymous_11)
FNDA:0,(anonymous_12)
FNDA:0,(anonymous_13)
FNDA:0,(anonymous_14)
FNDA:0,(anonymous_15)
FNDA:0,(anonymous_16)
FNDA:0,(anonymous_17)
FNDA:0,(anonymous_18)
FNDA:0,Section
DA:2,0
DA:3,0
DA:4,0
DA:11,0
DA:12,0
DA:16,0
DA:17,0
DA:19,0
DA:35,0
DA:38,0
DA:112,0
DA:115,0
DA:143,0
DA:153,0
DA:164,0
DA:174,0
DA:194,0
LF:17
LH:0
BRDA:17,0,0,0
BRDA:17,0,1,0
BRDA:65,1,0,0
BRDA:65,1,1,0
BRDA:67,2,0,0
BRDA:67,2,1,0
BRDA:75,3,0,0
BRDA:75,3,1,0
BRDA:92,4,0,0
BRDA:92,4,1,0
BRDA:139,5,0,0
BRDA:139,5,1,0
BRDA:160,6,0,0
BRDA:160,6,1,0
BRDA:213,7,0,0
BRDA:213,7,1,0
BRDA:216,8,0,0
BRDA:216,8,1,0
BRF:18
BRH:0
end_of_record
TN:
SF:components/factory/FormattedOutput.tsx
FN:11,FormattedOutput
FN:14,(anonymous_2)
FN:18,(anonymous_3)
FN:126,MetaStat
FNF:4
FNH:0
FNDA:0,FormattedOutput
FNDA:0,(anonymous_2)
FNDA:0,(anonymous_3)
FNDA:0,MetaStat
DA:2,0
DA:3,0
DA:4,0
DA:11,0
DA:12,0
DA:14,0
DA:15,0
DA:16,0
DA:17,0
DA:18,0
DA:24,0
DA:127,0
LF:12
LH:0
BRDA:44,0,0,0
BRDA:44,0,1,0
BRDA:45,1,0,0
BRDA:45,1,1,0
BRDA:87,2,0,0
BRDA:87,2,1,0
BRDA:91,3,0,0
BRDA:91,3,1,0
BRDA:99,4,0,0
BRDA:99,4,1,0
BRF:10
BRH:0
end_of_record
TN:
SF:components/factory/PipelineStepper.tsx
FN:16,(anonymous_1)
FN:18,phaseIndex
FN:30,PipelineStepper
FN:50,(anonymous_4)
FNF:4
FNH:0
FNDA:0,(anonymous_1)
FNDA:0,phaseIndex
FNDA:0,PipelineStepper
FNDA:0,(anonymous_4)
DA:2,0
DA:5,0
DA:16,0
DA:19,0
DA:20,0
DA:30,0
DA:35,0
DA:37,0
DA:41,0
DA:51,0
DA:52,0
DA:53,0
DA:55,0
LF:13
LH:0
BRDA:20,0,0,0
BRDA:20,0,1,0
BRDA:37,1,0,0
BRDA:37,1,1,0
BRDA:37,2,0,0
BRDA:37,2,1,0
BRDA:53,3,0,0
BRDA:53,3,1,0
BRDA:78,4,0,0
BRDA:78,4,1,0
BRDA:78,5,0,0
BRDA:78,5,1,0
BRDA:80,6,0,0
BRDA:80,6,1,0
BRDA:91,7,0,0
BRDA:91,7,1,0
BRDA:93,8,0,0
BRDA:93,8,1,0
BRDA:93,9,0,0
BRDA:93,9,1,0
BRF:20
BRH:0
end_of_record
TN:
SF:components/factory/PostReview.tsx
FN:14,PostReview
FN:20,(anonymous_10)
FN:22,(anonymous_11)
FN:26,(anonymous_12)
FN:30,(anonymous_13)
FN:60,(anonymous_14)
FN:70,(anonymous_15)
FN:100,(anonymous_16)
FN:132,(anonymous_17)
FN:134,(anonymous_18)
FN:157,(anonymous_19)
FN:179,(anonymous_20)
FN:180,(anonymous_21)
FN:180,(anonymous_22)
FNF:14
FNH:0
FNDA:0,PostReview
FNDA:0,(anonymous_10)
FNDA:0,(anonymous_11)
FNDA:0,(anonymous_12)
FNDA:0,(anonymous_13)
FNDA:0,(anonymous_14)
FNDA:0,(anonymous_15)
FNDA:0,(anonymous_16)
FNDA:0,(anonymous_17)
FNDA:0,(anonymous_18)
FNDA:0,(anonymous_19)
FNDA:0,(anonymous_20)
FNDA:0,(anonymous_21)
FNDA:0,(anonymous_22)
DA:2,0
DA:3,0
DA:4,0
DA:14,0
DA:15,0
DA:16,0
DA:17,0
DA:18,0
DA:20,0
DA:21,0
DA:22,0
DA:23,0
DA:26,0
DA:27,0
DA:30,0
DA:31,0
DA:34,0
DA:60,0
DA:70,0
DA:100,0
DA:132,0
DA:135,0
DA:158,0
DA:180,0
LF:24
LH:0
BRDA:21,0,0,0
BRDA:60,1,0,0
BRDA:60,1,1,0
BRDA:63,2,0,0
BRDA:63,2,1,0
BRDA:70,3,0,0
BRDA:70,3,1,0
BRDA:73,4,0,0
BRDA:73,4,1,0
BRDA:86,5,0,0
BRDA:86,5,1,0
BRDA:111,6,0,0
BRDA:111,6,1,0
BRDA:117,7,0,0
BRDA:117,7,1,0
BRDA:135,8,0,0
BRDA:145,9,0,0
BRDA:145,9,1,0
BRF:18
BRH:0
end_of_record
TN:
SF:components/factory/ResearchBrief.tsx
FN:11,ResearchBrief
FN:76,(anonymous_2)
FN:113,(anonymous_3)
FN:157,(anonymous_4)
FN:183,(anonymous_5)
FNF:5
FNH:0
FNDA:0,ResearchBrief
FNDA:0,(anonymous_2)
FNDA:0,(anonymous_3)
FNDA:0,(anonymous_4)
FNDA:0,(anonymous_5)
DA:2,0
DA:3,0
DA:11,0
DA:12,0
DA:77,0
DA:114,0
DA:158,0
DA:184,0
LF:8
LH:0
BRDA:24,0,0,0
BRDA:24,0,1,0
BRDA:64,1,0,0
BRDA:64,1,1,0
BRDA:102,2,0,0
BRDA:102,2,1,0
BRDA:139,3,0,0
BRDA:139,3,1,0
BRDA:165,4,0,0
BRDA:165,4,1,0
BRF:10
BRH:0
end_of_record
TN:
SF:components/factory/Scorecard.tsx
FN:10,scoreColor
FN:17,verdictColor
FN:28,Scorecard
FN:151,(anonymous_4)
FN:194,CriteriaRow
FNF:5
FNH:0
FNDA:0,scoreColor
FNDA:0,verdictColor
FNDA:0,Scorecard
FNDA:0,(anonymous_4)
FNDA:0,CriteriaRow
DA:2,0
DA:3,0
DA:11,0
DA:12,0
DA:13,0
DA:14,0
DA:18,0
DA:20,0
DA:22,0
DA:24,0
DA:28,0
DA:29,0
DA:31,0
DA:152,0
DA:205,0
LF:15
LH:0
BRDA:12,0,0,0
BRDA:13,1,0,0
BRDA:18,2,0,0
BRDA:18,2,1,0
BRDA:18,2,2,0
BRDA:130,3,0,0
BRDA:130,3,1,0
BRDA:140,4,0,0
BRDA:140,4,1,0
BRDA:174,5,0,0
BRDA:174,5,1,0
BRF:11
BRH:0
end_of_record
TN:
SF:components/factory/TopicProposals.tsx
FN:14,TopicProposals
FN:48,(anonymous_2)
FN:62,(anonymous_3)
FNF:3
FNH:0
FNDA:0,TopicProposals
FNDA:0,(anonymous_2)
FNDA:0,(anonymous_3)
DA:2,0
DA:3,0
DA:4,0
DA:14,0
DA:19,0
DA:50,0
DA:52,0
DA:62,0
LF:8
LH:0
BRDA:30,0,0,0
BRDA:30,0,1,0
BRDA:50,1,0,0
BRDA:50,1,1,0
BRDA:51,2,0,0
BRDA:51,2,1,0
BRDA:51,3,0,0
BRDA:51,3,1,0
BRDA:55,4,0,0
BRDA:55,4,1,0
BRDA:58,5,0,0
BRDA:58,5,1,0
BRDA:101,6,0,0
BRDA:101,6,1,0
BRDA:121,7,0,0
BRDA:121,7,1,0
BRDA:134,8,0,0
BRDA:134,8,1,0
BRF:18
BRH:0
end_of_record
TN:
SF:components/knowledge/DocumentEditor.tsx
FN:17,DocumentEditor
FN:34,(anonymous_10)
FN:41,(anonymous_11)
FN:97,(anonymous_12)
FN:120,(anonymous_13)
FNF:5
FNH:0
FNDA:0,DocumentEditor
FNDA:0,(anonymous_10)
FNDA:0,(anonymous_11)
FNDA:0,(anonymous_12)
FNDA:0,(anonymous_13)
DA:2,0
DA:3,0
DA:4,0
DA:17,0
DA:27,0
DA:28,0
DA:29,0
DA:30,0
DA:32,0
DA:34,0
DA:35,0
DA:36,0
DA:37,0
DA:38,0
DA:39,0
DA:40,0
DA:41,0
DA:43,0
DA:45,0
DA:49,0
DA:97,0
DA:120,0
LF:22
LH:0
BRDA:35,0,0,0
BRDA:39,1,0,0
BRDA:39,1,1,0
BRDA:126,2,0,0
BRDA:126,2,1,0
BRDA:129,3,0,0
BRDA:129,3,1,0
BRDA:134,4,0,0
BRDA:134,4,1,0
BRDA:142,5,0,0
BRDA:142,5,1,0
BRDA:145,6,0,0
BRDA:145,6,1,0
BRF:13
BRH:0
end_of_record
TN:
SF:components/knowledge/ExtractFlow.tsx
FN:25,ExtractFlow
FN:33,(anonymous_10)
FN:62,(anonymous_11)
FN:86,(anonymous_12)
FN:163,(anonymous_13)
FN:241,(anonymous_14)
FN:327,(anonymous_15)
FN:351,(anonymous_16)
FNF:8
FNH:0
FNDA:0,ExtractFlow
FNDA:0,(anonymous_10)
FNDA:0,(anonymous_11)
FNDA:0,(anonymous_12)
FNDA:0,(anonymous_13)
FNDA:0,(anonymous_14)
FNDA:0,(anonymous_15)
FNDA:0,(anonymous_16)
DA:2,0
DA:3,0
DA:4,0
DA:5,0
DA:25,0
DA:26,0
DA:27,0
DA:28,0
DA:29,0
DA:30,0
DA:31,0
DA:33,0
DA:34,0
DA:35,0
DA:36,0
DA:38,0
DA:40,0
DA:47,0
DA:48,0
DA:49,0
DA:52,0
DA:53,0
DA:54,0
DA:55,0
DA:57,0
DA:58,0
DA:62,0
DA:63,0
DA:64,0
DA:66,0
DA:68,0
DA:86,0
DA:89,0
DA:105,0
DA:106,0
DA:107,0
DA:109,0
DA:110,0
DA:114,0
DA:163,0
DA:241,0
DA:328,0
DA:351,0
LF:43
LH:0
BRDA:34,0,0,0
BRDA:47,1,0,0
BRDA:49,2,0,0
BRDA:49,2,1,0
BRDA:63,3,0,0
BRDA:101,4,0,0
BRDA:101,4,1,0
BRDA:101,5,0,0
BRDA:101,5,1,0
BRDA:101,6,0,0
BRDA:101,6,1,0
BRDA:105,7,0,0
BRDA:139,8,0,0
BRDA:139,8,1,0
BRDA:181,9,0,0
BRDA:181,9,1,0
BRDA:199,10,0,0
BRDA:199,10,1,0
BRDA:223,11,0,0
BRDA:223,11,1,0
BRDA:223,11,2,0
BRDA:362,12,0,0
BRDA:362,12,1,0
BRDA:370,13,0,0
BRDA:370,13,1,0
BRDA:373,14,0,0
BRDA:373,14,1,0
BRDA:384,15,0,0
BRDA:384,15,1,0
BRF:29
BRH:0
end_of_record
TN:
SF:components/knowledge/ImportFlow.tsx
FN:23,ImportFlow
FN:34,(anonymous_10)
FN:42,(anonymous_11)
FN:48,(anonymous_12)
FN:71,(anonymous_13)
FN:168,(anonymous_14)
FN:208,(anonymous_15)
FN:217,(anonymous_16)
FN:221,(anonymous_17)
FN:232,(anonymous_18)
FN:262,(anonymous_19)
FNF:11
FNH:0
FNDA:0,ImportFlow
FNDA:0,(anonymous_10)
FNDA:0,(anonymous_11)
FNDA:0,(anonymous_12)
FNDA:0,(anonymous_13)
FNDA:0,(anonymous_14)
FNDA:0,(anonymous_15)
FNDA:0,(anonymous_16)
FNDA:0,(anonymous_17)
FNDA:0,(anonymous_18)
FNDA:0,(anonymous_19)
DA:2,0
DA:3,0
DA:4,0
DA:5,0
DA:15,0
DA:23,0
DA:24,0
DA:25,0
DA:26,0
DA:27,0
DA:28,0
DA:29,0
DA:30,0
DA:31,0
DA:32,0
DA:34,0
DA:35,0
DA:36,0
DA:37,0
DA:39,0
DA:41,0
DA:42,0
DA:43,0
DA:45,0
DA:48,0
DA:49,0
DA:52,0
DA:53,0
DA:59,0
DA:60,0
DA:61,0
DA:62,0
DA:63,0
DA:68,0
DA:71,0
DA:72,0
DA:73,0
DA:74,0
DA:75,0
DA:90,0
DA:91,0
DA:92,0
DA:94,0
DA:95,0
DA:99,0
DA:168,0
DA:208,0
DA:218,0
DA:222,0
DA:232,0
DA:262,0
LF:51
LH:0
BRDA:35,0,0,0
BRDA:35,0,1,0
BRDA:35,1,0,0
BRDA:35,1,1,0
BRDA:36,2,0,0
BRDA:43,3,0,0
BRDA:43,3,1,0
BRDA:43,4,0,0
BRDA:43,4,1,0
BRDA:49,5,0,0
BRDA:59,6,0,0
BRDA:61,7,0,0
BRDA:62,8,0,0
BRDA:63,9,0,0
BRDA:63,10,0,0
BRDA:63,10,1,0
BRDA:81,11,0,0
BRDA:81,11,1,0
BRDA:82,12,0,0
BRDA:82,12,1,0
BRDA:87,13,0,0
BRDA:87,13,1,0
BRDA:87,14,0,0
BRDA:87,14,1,0
BRDA:87,15,0,0
BRDA:87,15,1,0
BRDA:90,16,0,0
BRDA:124,17,0,0
BRDA:124,17,1,0
BRDA:149,18,0,0
BRDA:149,18,1,0
BRDA:190,19,0,0
BRDA:190,19,1,0
BRDA:253,20,0,0
BRDA:253,20,1,0
BRDA:266,21,0,0
BRDA:266,21,1,0
BRDA:268,22,0,0
BRDA:268,22,1,0
BRDA:280,23,0,0
BRDA:280,23,1,0
BRDA:288,24,0,0
BRDA:288,24,1,0
BRDA:291,25,0,0
BRDA:291,25,1,0
BRF:45
BRH:0
end_of_record
TN:
SF:components/knowledge/VersionHistory.tsx
FN:18,VersionHistory
FN:28,(anonymous_10)
FN:29,load
FN:40,(anonymous_12)
FN:44,(anonymous_13)
FN:110,(anonymous_14)
FN:125,(anonymous_15)
FN:187,(anonymous_16)
FNF:8
FNH:0
FNDA:0,VersionHistory
FNDA:0,(anonymous_10)
FNDA:0,load
FNDA:0,(anonymous_12)
FNDA:0,(anonymous_13)
FNDA:0,(anonymous_14)
FNDA:0,(anonymous_15)
FNDA:0,(anonymous_16)
DA:2,0
DA:3,0
DA:4,0
DA:9,0
DA:18,0
DA:24,0
DA:25,0
DA:26,0
DA:28,0
DA:30,0
DA:31,0
DA:35,0
DA:36,0
DA:37,0
DA:40,0
DA:41,0
DA:43,0
DA:44,0
DA:46,0
DA:51,0
DA:54,0
DA:57,0
DA:111,0
DA:125,0
DA:187,0
LF:25
LH:0
BRDA:35,0,0,0
BRDA:37,1,0,0
BRDA:37,1,1,0
BRDA:39,2,0,0
BRDA:39,2,1,0
BRDA:39,2,2,0
BRDA:81,3,0,0
BRDA:81,3,1,0
BRDA:91,4,0,0
BRDA:91,4,1,0
BRDA:125,5,0,0
BRDA:125,5,1,0
BRDA:161,6,0,0
BRDA:161,6,1,0
BRDA:169,7,0,0
BRDA:169,7,1,0
BRDA:184,8,0,0
BRDA:184,8,1,0
BRF:18
BRH:0
end_of_record
TN:
SF:components/learning/FeedbackHistory.tsx
FN:10,FeedbackHistory
FN:14,(anonymous_10)
FN:17,(anonymous_11)
FN:22,(anonymous_12)
FN:49,(anonymous_13)
FN:53,(anonymous_14)
FN:73,(anonymous_15)
FNF:7
FNH:0
FNDA:0,FeedbackHistory
FNDA:0,(anonymous_10)
FNDA:0,(anonymous_11)
FNDA:0,(anonymous_12)
FNDA:0,(anonymous_13)
FNDA:0,(anonymous_14)
FNDA:0,(anonymous_15)
DA:2,0
DA:3,0
DA:10,0
DA:11,0
DA:13,0
DA:14,0
DA:17,0
DA:20,0
DA:22,0
DA:24,0
DA:49,0
DA:54,0
DA:74,0
LF:13
LH:0
BRDA:20,0,0,0
BRDA:20,0,1,0
BRDA:45,1,0,0
BRDA:45,1,1,0
BRDA:62,2,0,0
BRDA:62,2,1,0
BRDA:129,3,0,0
BRDA:129,3,1,0
BRF:8
BRH:0
end_of_record
TN:
SF:components/learning/PatternList.tsx
FN:22,detectPatterns
FN:32,(anonymous_2)
FN:35,(anonymous_3)
FN:42,(anonymous_4)
FN:46,(anonymous_5)
FN:49,PatternList
FN:76,(anonymous_7)
FN:121,(anonymous_8)
FNF:8
FNH:0
FNDA:0,detectPatterns
FNDA:0,(anonymous_2)
FNDA:0,(anonymous_3)
FNDA:0,(anonymous_4)
FNDA:0,(anonymous_5)
FNDA:0,PatternList
FNDA:0,(anonymous_7)
FNDA:0,(anonymous_8)
DA:2,0
DA:3,0
DA:23,0
DA:24,0
DA:25,0
DA:26,0
DA:27,0
DA:28,0
DA:31,0
DA:33,0
DA:34,0
DA:36,0
DA:38,0
DA:42,0
DA:46,0
DA:49,0
DA:50,0
DA:52,0
DA:77,0
DA:122,0
LF:20
LH:0
BRDA:26,0,0,0
BRDA:26,0,1,0
BRDA:64,1,0,0
BRDA:64,1,1,0
BRDA:96,2,0,0
BRDA:96,2,1,0
BRDA:102,3,0,0
BRDA:102,3,1,0
BRDA:137,4,0,0
BRDA:137,4,1,0
BRF:10
BRH:0
end_of_record
TN:
SF:components/learning/RuleProposal.tsx
FN:12,RuleProposalCard
FN:20,(anonymous_10)
FN:117,(anonymous_11)
FN:201,(anonymous_12)
FN:214,(anonymous_13)
FNF:5
FNH:0
FNDA:0,RuleProposalCard
FNDA:0,(anonymous_10)
FNDA:0,(anonymous_11)
FNDA:0,(anonymous_12)
FNDA:0,(anonymous_13)
DA:2,0
DA:3,0
DA:4,0
DA:12,0
DA:16,0
DA:17,0
DA:18,0
DA:20,0
DA:21,0
DA:22,0
DA:23,0
DA:24,0
DA:26,0
DA:28,0
DA:32,0
DA:34,0
DA:117,0
DA:201,0
DA:214,0
LF:19
LH:0
BRDA:26,0,0,0
BRDA:26,0,1,0
BRDA:59,1,0,0
BRDA:59,1,1,0
BRDA:61,2,0,0
BRDA:61,2,1,0
BRDA:110,3,0,0
BRDA:110,3,1,0
BRDA:120,4,0,0
BRDA:120,4,1,0
BRDA:123,5,0,0
BRDA:123,5,1,0
BRDA:126,6,0,0
BRDA:126,6,1,0
BRDA:150,7,0,0
BRDA:150,7,1,0
BRDA:182,8,0,0
BRDA:182,8,1,0
BRDA:189,9,0,0
BRDA:189,9,1,0
BRF:20
BRH:0
end_of_record
TN:
SF:components/learning/SignalCounts.tsx
FN:19,SignalCounts
FN:21,(anonymous_2)
FN:30,(anonymous_3)
FN:81,(anonymous_4)
FN:126,(anonymous_5)
FN:127,(anonymous_6)
FNF:6
FNH:0
FNDA:0,SignalCounts
FNDA:0,(anonymous_2)
FNDA:0,(anonymous_3)
FNDA:0,(anonymous_4)
FNDA:0,(anonymous_5)
FNDA:0,(anonymous_6)
DA:2,0
DA:3,0
DA:10,0
DA:19,0
DA:20,0
DA:22,0
DA:23,0
DA:29,0
DA:31,0
DA:32,0
DA:37,0
DA:82,0
DA:126,0
DA:128,0
LF:14
LH:0
BRDA:22,0,0,0
BRDA:22,0,1,0
BRDA:31,1,0,0
BRDA:31,1,1,0
BRDA:49,2,0,0
BRDA:49,2,1,0
BRDA:94,3,0,0
BRDA:94,3,1,0
BRF:8
BRH:0
end_of_record
TN:
SF:components/settings/StraicoModelPicker.tsx
FN:30,formatNumber
FN:34,QualityBadge
FN:47,(anonymous_2)
FN:54,FeatureBadge
FN:81,StraicoModelPicker
FN:93,(anonymous_5)
FN:94,(anonymous_6)
FN:98,(anonymous_7)
FN:99,(anonymous_8)
FN:104,(anonymous_9)
FN:112,(anonymous_10)
FN:115,(anonymous_11)
FN:118,(anonymous_12)
FN:136,(anonymous_13)
FN:221,(anonymous_14)
FN:233,(anonymous_15)
FN:238,(anonymous_16)
FN:242,(anonymous_17)
FN:256,(anonymous_18)
FN:295,(anonymous_19)
FN:303,(anonymous_20)
FN:443,(anonymous_21)
FN:459,(anonymous_22)
FN:470,(anonymous_23)
FN:591,(anonymous_24)
FN:642,(anonymous_25)
FNF:26
FNH:0
FNDA:0,formatNumber
FNDA:0,QualityBadge
FNDA:0,(anonymous_2)
FNDA:0,FeatureBadge
FNDA:0,StraicoModelPicker
FNDA:0,(anonymous_5)
FNDA:0,(anonymous_6)
FNDA:0,(anonymous_7)
FNDA:0,(anonymous_8)
FNDA:0,(anonymous_9)
FNDA:0,(anonymous_10)
FNDA:0,(anonymous_11)
FNDA:0,(anonymous_12)
FNDA:0,(anonymous_13)
FNDA:0,(anonymous_14)
FNDA:0,(anonymous_15)
FNDA:0,(anonymous_16)
FNDA:0,(anonymous_17)
FNDA:0,(anonymous_18)
FNDA:0,(anonymous_19)
FNDA:0,(anonymous_20)
FNDA:0,(anonymous_21)
FNDA:0,(anonymous_22)
FNDA:0,(anonymous_23)
FNDA:0,(anonymous_24)
FNDA:0,(anonymous_25)
DA:3,0
DA:4,0
DA:5,0
DA:31,0
DA:35,0
DA:36,0
DA:37,0
DA:48,0
DA:55,0
DA:59,0
DA:60,0
DA:81,0
DA:88,0
DA:89,0
DA:90,0
DA:91,0
DA:93,0
DA:94,0
DA:95,0
DA:98,0
DA:99,0
DA:101,0
DA:102,0
DA:103,0
DA:105,0
DA:111,0
DA:112,0
DA:115,0
DA:116,0
DA:118,0
DA:119,0
DA:121,0
DA:123,0
DA:125,0
DA:127,0
DA:129,0
DA:133,0
DA:136,0
DA:138,0
DA:152,0
DA:159,0
DA:221,0
DA:233,0
DA:239,0
DA:243,0
DA:256,0
DA:296,0
DA:297,0
DA:299,0
DA:303,0
DA:444,0
DA:460,0
DA:471,0
DA:472,0
DA:592,0
DA:643,0
LF:56
LH:0
BRDA:35,0,0,0
BRDA:59,1,0,0
BRDA:59,1,1,0
BRDA:99,2,0,0
BRDA:99,2,1,0
BRDA:101,3,0,0
BRDA:105,4,0,0
BRDA:105,4,1,0
BRDA:105,4,2,0
BRDA:107,5,0,0
BRDA:107,5,1,0
BRDA:107,6,0,0
BRDA:107,6,1,0
BRDA:111,7,0,0
BRDA:116,8,0,0
BRDA:116,8,1,0
BRDA:116,9,0,0
BRDA:116,9,1,0
BRDA:116,10,0,0
BRDA:116,10,1,0
BRDA:116,11,0,0
BRDA:116,11,1,0
BRDA:116,12,0,0
BRDA:116,12,1,0
BRDA:116,13,0,0
BRDA:116,13,1,0
BRDA:119,14,0,0
BRDA:119,14,1,0
BRDA:119,14,2,0
BRDA:119,14,3,0
BRDA:119,14,4,0
BRDA:121,15,0,0
BRDA:121,15,1,0
BRDA:121,16,0,0
BRDA:121,16,1,0
BRDA:121,17,0,0
BRDA:121,17,1,0
BRDA:121,18,0,0
BRDA:121,18,1,0
BRDA:127,19,0,0
BRDA:127,19,1,0
BRDA:127,20,0,0
BRDA:127,20,1,0
BRDA:127,21,0,0
BRDA:127,21,1,0
BRDA:127,22,0,0
BRDA:127,22,1,0
BRDA:168,23,0,0
BRDA:168,23,1,0
BRDA:229,24,0,0
BRDA:229,24,1,0
BRDA:234,25,0,0
BRDA:234,25,1,0
BRDA:243,26,0,0
BRDA:243,26,1,0
BRDA:245,27,0,0
BRDA:245,27,1,0
BRDA:267,28,0,0
BRDA:267,28,1,0
BRDA:308,29,0,0
BRDA:308,29,1,0
BRDA:311,30,0,0
BRDA:311,30,1,0
BRDA:321,31,0,0
BRDA:321,31,1,0
BRDA:353,32,0,0
BRDA:353,32,1,0
BRDA:353,33,0,0
BRDA:353,33,1,0
BRDA:354,34,0,0
BRDA:354,34,1,0
BRDA:380,35,0,0
BRDA:380,35,1,0
BRDA:393,36,0,0
BRDA:393,36,1,0
BRDA:393,36,2,0
BRDA:404,37,0,0
BRDA:404,37,1,0
BRDA:404,38,0,0
BRDA:404,38,1,0
BRDA:407,39,0,0
BRDA:407,39,1,0
BRDA:412,40,0,0
BRDA:412,40,1,0
BRDA:412,40,2,0
BRDA:418,41,0,0
BRDA:418,41,1,0
BRDA:418,41,2,0
BRDA:418,42,0,0
BRDA:418,42,1,0
BRDA:418,43,0,0
BRDA:418,43,1,0
BRDA:443,44,0,0
BRDA:443,44,1,0
BRDA:443,45,0,0
BRDA:443,45,1,0
BRDA:459,46,0,0
BRDA:459,46,1,0
BRDA:459,47,0,0
BRDA:459,47,1,0
BRDA:467,48,0,0
BRDA:467,48,1,0
BRDA:472,49,0,0
BRDA:472,49,1,0
BRDA:492,50,0,0
BRDA:492,50,1,0
BRDA:504,51,0,0
BRDA:504,51,1,0
BRDA:504,51,2,0
BRDA:517,52,0,0
BRDA:517,52,1,0
BRDA:528,53,0,0
BRDA:528,53,1,0
BRDA:543,54,0,0
BRDA:543,54,1,0
BRDA:543,54,2,0
BRDA:555,55,0,0
BRDA:555,55,1,0
BRDA:555,56,0,0
BRDA:555,56,1,0
BRDA:558,57,0,0
BRDA:558,57,1,0
BRDA:566,58,0,0
BRDA:566,58,1,0
BRDA:566,58,2,0
BRDA:617,59,0,0
BRDA:617,59,1,0
BRDA:617,59,2,0
BRDA:673,60,0,0
BRDA:673,60,1,0
BRDA:673,60,2,0
BRDA:688,61,0,0
BRDA:688,61,1,0
BRDA:700,62,0,0
BRDA:700,62,1,0
BRDA:706,63,0,0
BRDA:706,63,1,0
BRDA:706,63,2,0
BRDA:710,64,0,0
BRDA:710,64,1,0
BRDA:710,65,0,0
BRDA:710,65,1,0
BRF:142
BRH:0
end_of_record
TN:
SF:lib/api.ts
FN:58,parseJsonArray
FN:68,mapProfileFromNcb
FN:107,mapPostFromNcb
FN:122,(anonymous_3)
FN:133,(anonymous_4)
FN:172,(anonymous_5)
FN:233,(anonymous_6)
FN:244,(anonymous_7)
FN:266,(anonymous_8)
FN:284,(anonymous_9)
FN:302,(anonymous_10)
FN:314,(anonymous_11)
FN:334,(anonymous_12)
FN:363,(anonymous_13)
FN:405,(anonymous_14)
FN:406,(anonymous_15)
FN:407,(anonymous_16)
FN:408,(anonymous_17)
FNF:18
FNH:0
FNDA:0,parseJsonArray
FNDA:0,mapProfileFromNcb
FNDA:0,mapPostFromNcb
FNDA:0,(anonymous_3)
FNDA:0,(anonymous_4)
FNDA:0,(anonymous_5)
FNDA:0,(anonymous_6)
FNDA:0,(anonymous_7)
FNDA:0,(anonymous_8)
FNDA:0,(anonymous_9)
FNDA:0,(anonymous_10)
FNDA:0,(anonymous_11)
FNDA:0,(anonymous_12)
FNDA:0,(anonymous_13)
FNDA:0,(anonymous_14)
FNDA:0,(anonymous_15)
FNDA:0,(anonymous_16)
FNDA:0,(anonymous_17)
DA:10,0
DA:11,0
DA:59,0
DA:60,0
DA:61,0
DA:62,0
DA:64,0
DA:69,0
DA:70,0
DA:71,0
DA:72,0
DA:108,0
DA:122,0
DA:123,0
DA:126,0
DA:127,0
DA:128,0
DA:133,0
DA:136,0
DA:139,0
DA:140,0
DA:142,0
DA:143,0
DA:145,0
DA:169,0
DA:172,0
DA:175,0
DA:202,0
DA:204,0
DA:210,0
DA:211,0
DA:213,0
DA:214,0
DA:217,0
DA:223,0
DA:224,0
DA:226,0
DA:227,0
DA:233,0
DA:234,0
DA:237,0
DA:238,0
DA:240,0
DA:241,0
DA:244,0
DA:247,0
DA:259,0
DA:260,0
DA:262,0
DA:263,0
DA:266,0
DA:267,0
DA:279,0
DA:280,0
DA:284,0
DA:285,0
DA:297,0
DA:298,0
DA:302,0
DA:303,0
DA:307,0
DA:308,0
DA:314,0
DA:315,0
DA:334,0
DA:339,0
DA:340,0
DA:345,0
DA:347,0
DA:352,0
DA:353,0
DA:357,0
DA:359,0
DA:363,0
DA:368,0
DA:369,0
DA:374,0
DA:387,0
DA:392,0
DA:393,0
DA:397,0
DA:399,0
DA:404,0
DA:405,0
DA:406,0
DA:407,0
DA:408,0
LF:87
LH:0
BRDA:59,0,0,0
BRDA:62,1,0,0
BRDA:62,1,1,0
BRDA:69,2,0,0
BRDA:69,2,1,0
BRDA:69,3,0,0
BRDA:69,3,1,0
BRDA:70,4,0,0
BRDA:70,4,1,0
BRDA:70,5,0,0
BRDA:70,5,1,0
BRDA:75,6,0,0
BRDA:75,6,1,0
BRDA:75,7,0,0
BRDA:75,7,1,0
BRDA:77,8,0,0
BRDA:77,8,1,0
BRDA:77,9,0,0
BRDA:77,9,1,0
BRDA:80,10,0,0
BRDA:80,10,1,0
BRDA:80,11,0,0
BRDA:80,11,1,0
BRDA:81,12,0,0
BRDA:81,12,1,0
BRDA:81,13,0,0
BRDA:81,13,1,0
BRDA:82,14,0,0
BRDA:82,14,1,0
BRDA:82,15,0,0
BRDA:82,15,1,0
BRDA:83,16,0,0
BRDA:83,16,1,0
BRDA:83,17,0,0
BRDA:83,17,1,0
BRDA:84,18,0,0
BRDA:84,18,1,0
BRDA:84,19,0,0
BRDA:84,19,1,0
BRDA:85,20,0,0
BRDA:85,20,1,0
BRDA:85,21,0,0
BRDA:85,21,1,0
BRDA:86,22,0,0
BRDA:86,22,1,0
BRDA:86,23,0,0
BRDA:86,23,1,0
BRDA:87,24,0,0
BRDA:87,24,1,0
BRDA:87,25,0,0
BRDA:87,25,1,0
BRDA:88,26,0,0
BRDA:88,26,1,0
BRDA:88,27,0,0
BRDA:88,27,1,0
BRDA:94,28,0,0
BRDA:94,28,1,0
BRDA:94,29,0,0
BRDA:94,29,1,0
BRDA:95,30,0,0
BRDA:95,30,1,0
BRDA:95,31,0,0
BRDA:95,31,1,0
BRDA:96,32,0,0
BRDA:96,32,1,0
BRDA:96,33,0,0
BRDA:96,33,1,0
BRDA:98,34,0,0
BRDA:98,34,1,0
BRDA:98,35,0,0
BRDA:98,35,1,0
BRDA:99,36,0,0
[...]
FN:112,(anonymous_3)
FN:116,(anonymous_4)
FNF:5
FNH:0
FNDA:0,planCampaign
FNDA:0,(anonymous_1)
FNDA:0,pickBalancedTopic
FNDA:0,(anonymous_3)
FNDA:0,(anonymous_4)
DA:9,0
DA:41,0
DA:44,0
DA:47,0
DA:48,0
DA:49,0
DA:50,0
DA:51,0
DA:54,0
DA:55,0
DA:58,0
DA:59,0
DA:64,0
DA:73,0
DA:74,0
DA:75,0
DA:76,0
DA:79,0
DA:81,0
DA:82,0
DA:83,0
DA:84,0
DA:86,0
DA:96,0
DA:109,0
DA:112,0
DA:116,0
DA:118,0
LF:28
LH:0
BRDA:63,0,0,0
BRDA:63,0,1,0
BRDA:81,1,0,0
BRDA:82,2,0,0
BRDA:82,2,1,0
BRDA:84,3,0,0
BRDA:109,4,0,0
BRDA:114,5,0,0
BRDA:114,5,1,0
BRDA:114,6,0,0
BRDA:114,6,1,0
BRF:11
BRH:0
end_of_record
TN:
SF:lib/agents/formatter.ts
FN:20,runFormatter
FN:27,(anonymous_1)
FNF:2
FNH:0
FNDA:0,runFormatter
FNDA:0,(anonymous_1)
DA:3,0
DA:4,0
DA:5,0
DA:6,0
DA:8,0
DA:20,0
DA:23,0
DA:26,0
DA:27,0
DA:29,0
DA:31,0
DA:33,0
DA:35,0
DA:37,0
DA:46,0
LF:15
LH:0
BRDA:27,0,0,0
BRDA:27,0,1,0
BRDA:29,1,0,0
BRDA:29,1,1,0
BRF:4
BRH:0
end_of_record
TN:
SF:lib/agents/guardrails.ts
FN:12,runGuardrails
FN:20,(anonymous_1)
FN:28,(anonymous_2)
FN:45,checkHardRules
FN:53,(anonymous_4)
FN:63,(anonymous_5)
FN:105,checkFormattingRules
FN:115,(anonymous_7)
FN:150,quickKillCheck
FN:181,(anonymous_9)
FNF:10
FNH:0
FNDA:0,runGuardrails
FNDA:0,(anonymous_1)
FNDA:0,(anonymous_2)
FNDA:0,checkHardRules
FNDA:0,(anonymous_4)
FNDA:0,(anonymous_5)
FNDA:0,checkFormattingRules
FNDA:0,(anonymous_7)
FNDA:0,quickKillCheck
FNDA:0,(anonymous_9)
DA:12,0
DA:16,0
DA:19,0
DA:20,0
DA:22,0
DA:23,0
DA:27,0
DA:28,0
DA:30,0
DA:31,0
DA:34,0
DA:39,0
DA:40,0
DA:49,0
DA:50,0
DA:53,0
DA:54,0
DA:63,0
DA:64,0
DA:65,0
DA:75,0
DA:76,0
DA:86,0
DA:90,0
DA:100,0
DA:109,0
DA:110,0
DA:112,0
DA:115,0
DA:116,0
DA:118,0
DA:121,0
DA:132,0
DA:133,0
DA:143,0
DA:150,0
DA:154,0
DA:159,0
DA:160,0
DA:161,0
DA:166,0
DA:167,0
DA:168,0
DA:173,0
DA:176,0
DA:177,0
DA:181,0
DA:182,0
DA:183,0
DA:188,0
DA:192,0
DA:193,0
DA:196,0
LF:53
LH:0
BRDA:20,0,0,0
BRDA:20,0,1,0
BRDA:22,1,0,0
BRDA:28,2,0,0
BRDA:28,2,1,0
BRDA:30,3,0,0
BRDA:59,4,0,0
BRDA:59,4,1,0
BRDA:64,5,0,0
BRDA:64,5,1,0
BRDA:69,6,0,0
BRDA:69,6,1,0
BRDA:80,7,0,0
BRDA:80,7,1,0
BRDA:86,8,0,0
BRDA:86,8,1,0
BRDA:95,9,0,0
BRDA:95,9,1,0
BRDA:116,10,0,0
BRDA:118,11,0,0
BRDA:118,11,1,0
BRDA:118,11,2,0
BRDA:125,12,0,0
BRDA:125,12,1,0
BRDA:136,13,0,0
BRDA:136,13,1,0
BRDA:138,14,0,0
BRDA:138,14,1,0
BRDA:138,15,0,0
BRDA:138,15,1,0
BRDA:160,16,0,0
BRDA:167,17,0,0
BRDA:176,18,0,0
BRDA:182,19,0,0
BRDA:188,20,0,0
BRDA:188,20,1,0
BRDA:192,21,0,0
BRF:37
BRH:0
end_of_record
TN:
SF:lib/agents/learner.ts
FN:47,runLearner
FN:64,(anonymous_1)
FNF:2
FNH:0
FNDA:0,runLearner
FNDA:0,(anonymous_1)
DA:2,0
DA:3,0
DA:4,0
DA:5,0
DA:7,0
DA:47,0
DA:48,0
DA:50,0
DA:64,0
DA:66,0
DA:68,0
DA:70,0
DA:79,0
LF:13
LH:0
BRDA:64,0,0,0
BRDA:64,0,1,0
BRDA:64,1,0,0
BRDA:64,1,1,0
BRDA:64,2,0,0
BRDA:64,2,1,0
BRF:6
BRH:0
end_of_record
TN:
SF:lib/agents/orchestrator.ts
FN:92,createPipelineState
FN:111,runDirection
FN:151,runDiscovery
FN:216,runEvidence
FN:262,runWriteAndScore
FN:388,runFormat
FN:436,runLearn
FNF:7
FNH:0
FNDA:0,createPipelineState
FNDA:0,runDirection
FNDA:0,runDiscovery
FNDA:0,runEvidence
FNDA:0,runWriteAndScore
FNDA:0,runFormat
FNDA:0,runLearn
DA:27,0
DA:28,0
DA:29,0
DA:30,0
DA:31,0
DA:32,0
DA:33,0
DA:87,0
DA:88,0
DA:92,0
DA:98,0
DA:111,0
DA:116,0
DA:117,0
DA:119,0
DA:120,0
DA:126,0
DA:127,0
DA:133,0
DA:135,0
DA:136,0
DA:137,0
DA:143,0
DA:151,0
DA:156,0
DA:157,0
DA:158,0
DA:160,0
DA:162,0
DA:163,0
DA:172,0
DA:173,0
DA:181,0
DA:182,0
DA:189,0
DA:190,0
DA:199,0
DA:201,0
DA:202,0
DA:203,0
DA:209,0
DA:216,0
DA:221,0
DA:222,0
DA:223,0
DA:224,0
DA:226,0
DA:227,0
DA:237,0
DA:238,0
DA:244,0
DA:246,0
DA:247,0
DA:248,0
DA:254,0
DA:262,0
DA:267,0
DA:268,0
DA:269,0
DA:271,0
DA:272,0
DA:275,0
DA:276,0
DA:278,0
DA:282,0
DA:284,0
DA:291,0
DA:310,0
DA:311,0
DA:319,0
DA:320,0
DA:321,0
DA:330,0
DA:331,0
DA:333,0
DA:342,0
DA:343,0
DA:351,0
DA:352,0
DA:355,0
DA:356,0
DA:358,0
DA:364,0
DA:368,0
DA:371,0
DA:373,0
DA:374,0
DA:375,0
DA:381,0
DA:388,0
DA:393,0
DA:394,0
DA:396,0
DA:397,0
DA:399,0
DA:400,0
DA:402,0
DA:403,0
DA:412,0
DA:413,0
DA:419,0
DA:421,0
DA:422,0
DA:423,0
DA:429,0
DA:436,0
DA:441,0
DA:442,0
DA:444,0
DA:445,0
DA:447,0
DA:448,0
DA:450,0
DA:451,0
DA:465,0
DA:466,0
DA:467,0
DA:473,0
DA:475,0
DA:476,0
DA:477,0
DA:483,0
LF:122
LH:0
BRDA:136,0,0,0
BRDA:136,0,1,0
BRDA:156,1,0,0
BRDA:189,2,0,0
BRDA:189,2,1,0
BRDA:202,3,0,0
BRDA:202,3,1,0
BRDA:221,4,0,0
BRDA:221,4,1,0
BRDA:222,5,0,0
BRDA:247,6,0,0
BRDA:247,6,1,0
BRDA:267,7,0,0
BRDA:267,7,1,0
BRDA:268,8,0,0
BRDA:269,9,0,0
BRDA:271,10,0,0
BRDA:272,11,0,0
BRDA:272,11,1,0
BRDA:287,12,0,0
BRDA:287,12,1,0
BRDA:288,13,0,0
BRDA:288,13,1,0
BRDA:298,14,0,0
BRDA:298,14,1,0
BRDA:298,15,0,0
BRDA:298,15,1,0
BRDA:298,15,2,0
BRDA:302,16,0,0
BRDA:302,16,1,0
BRDA:338,17,0,0
BRDA:338,17,1,0
BRDA:351,18,0,0
BRDA:356,19,0,0
BRDA:374,20,0,0
BRDA:374,20,1,0
BRDA:393,21,0,0
BRDA:394,22,0,0
BRDA:396,23,0,0
BRDA:396,23,1,0
BRDA:397,24,0,0
BRDA:409,25,0,0
BRDA:409,25,1,0
BRDA:422,26,0,0
BRDA:422,26,1,0
BRDA:441,27,0,0
BRDA:442,28,0,0
BRDA:444,29,0,0
BRDA:444,29,1,0
BRDA:445,30,0,0
BRDA:460,31,0,0
BRDA:460,31,1,0
BRDA:461,32,0,0
BRDA:461,32,1,0
BRDA:461,33,0,0
BRDA:461,33,1,0
BRDA:461,34,0,0
BRDA:461,34,1,0
BRDA:476,35,0,0
BRDA:476,35,1,0
BRF:60
BRH:0
end_of_record
TN:
SF:lib/agents/promptBuilder.ts
FN:8,buildSystemPrompt
FN:14,(anonymous_1)
FN:16,(anonymous_2)
FN:39,resolveKnowledge
FN:44,(anonymous_4)
FN:47,(anonymous_5)
FN:50,(anonymous_6)
FNF:7
FNH:0
FNDA:0,buildSystemPrompt
FNDA:0,(anonymous_1)
FNDA:0,(anonymous_2)
FNDA:0,resolveKnowledge
FNDA:0,(anonymous_4)
FNDA:0,(anonymous_5)
FNDA:0,(anonymous_6)
DA:8,0
DA:13,0
DA:14,0
DA:17,0
DA:21,0
DA:22,0
DA:24,0
DA:25,0
DA:28,0
DA:29,0
DA:32,0
DA:39,0
DA:43,0
DA:45,0
DA:46,0
DA:47,0
DA:50,0
DA:55,0
LF:18
LH:0
BRDA:24,0,0,0
BRDA:28,1,0,0
BRDA:47,2,0,0
BRDA:47,2,1,0
BRF:4
BRH:0
end_of_record
TN:
SF:lib/agents/researcher.ts
FN:26,runResearcher
FN:45,(anonymous_1)
FN:68,(anonymous_2)
FNF:3
FNH:3
FNDA:41,runResearcher
FNDA:4,(anonymous_1)
FNDA:4,(anonymous_2)
DA:3,1
DA:4,1
DA:5,1
DA:6,1
DA:7,1
DA:8,1
DA:10,1
DA:26,1
DA:29,41
DA:32,41
DA:33,41
DA:35,41
DA:36,9
DA:37,9
DA:39,9
DA:42,9
DA:45,7
DA:47,2
DA:51,41
DA:52,7
DA:53,7
DA:60,7
DA:65,5
DA:66,4
DA:69,4
DA:74,2
DA:78,41
DA:79,41
DA:82,41
DA:86,41
DA:95,39
DA:96,31
DA:98,8
LF:33
LH:33
BRDA:35,0,0,9
BRDA:37,1,0,3
BRDA:37,1,1,6
BRDA:39,2,0,6
BRDA:39,2,1,3
BRDA:41,3,0,3
BRDA:41,3,1,0
BRDA:51,4,0,7
BRDA:65,5,0,4
BRDA:82,6,0,33
BRDA:82,6,1,8
BRDA:84,7,0,8
BRDA:84,7,1,1
BRDA:95,8,0,31
BRF:14
BRH:13
end_of_record
TN:
SF:lib/agents/scorer.ts
FN:20,runScorer
FNF:1
FNH:0
FNDA:0,runScorer
DA:3,0
DA:4,0
DA:5,0
DA:6,0
DA:8,0
DA:20,0
DA:21,0
DA:23,0
DA:25,0
DA:26,0
DA:29,0
DA:31,0
DA:33,0
DA:42,0
LF:14
LH:0
BRDA:25,0,0,0
BRF:1
BRH:0
end_of_record
TN:
SF:lib/agents/strategist.ts
FN:27,runStrategist
FNF:1
FNH:0
FNDA:0,runStrategist
DA:3,0
DA:4,0
DA:5,0
DA:6,0
DA:8,0
DA:27,0
DA:30,0
DA:32,0
DA:33,0
DA:34,0
DA:36,0
DA:37,0
DA:40,0
DA:42,0
DA:46,0
DA:55,0
LF:16
LH:0
BRDA:33,0,0,0
BRDA:33,1,0,0
BRDA:33,1,1,0
BRDA:36,2,0,0
BRDA:42,3,0,0
BRDA:42,3,1,0
BRF:6
BRH:0
end_of_record
TN:
SF:lib/agents/structuredOutput.ts
FN:13,extractJson
FN:83,validateFields
FN:88,(anonymous_2)
FNF:3
FNH:1
FNDA:1,extractJson
FNDA:0,validateFields
FNDA:0,(anonymous_2)
DA:13,1
DA:15,1
DA:16,1
DA:22,1
DA:23,1
DA:24,1
DA:25,1
DA:32,0
DA:33,0
DA:34,0
DA:36,0
DA:37,0
DA:38,0
DA:39,0
DA:40,0
DA:42,0
DA:43,0
DA:45,0
DA:46,0
DA:47,0
DA:50,0
DA:51,0
DA:52,0
DA:55,0
DA:56,0
DA:57,0
DA:60,0
DA:62,0
DA:63,0
DA:65,0
DA:66,0
DA:67,0
DA:69,0
DA:75,0
DA:83,1
DA:87,0
DA:88,0
DA:90,0
DA:91,0
LF:39
LH:8
BRDA:23,0,0,1
BRDA:33,1,0,0
BRDA:37,2,0,0
BRDA:37,2,1,0
BRDA:45,3,0,0
BRDA:50,4,0,0
BRDA:55,5,0,0
BRDA:60,6,0,0
BRDA:62,7,0,0
BRDA:63,8,0,0
BRDA:65,9,0,0
BRDA:88,10,0,0
BRDA:88,10,1,0
BRDA:90,11,0,0
BRF:14
BRH:1
end_of_record
TN:
SF:lib/agents/templateExtractor.ts
FN:19,extractTemplate
FNF:1
FNH:0
FNDA:0,extractTemplate
DA:6,0
DA:7,0
DA:19,0
DA:24,0
DA:37,0
DA:39,0
DA:48,0
DA:49,0
DA:58,0
LF:9
LH:0
BRF:0
BRH:0
end_of_record
TN:
SF:lib/agents/types.ts
FNF:0
FNH:0
DA:19,1
DA:89,1
LF:2
LH:2
BRF:0
BRH:0
end_of_record
TN:
SF:lib/agents/writer.ts
FN:35,runWriter
FN:40,(anonymous_1)
FN:43,(anonymous_2)
FN:46,(anonymous_3)
FN:49,(anonymous_4)
FN:53,(anonymous_5)
FNF:6
FNH:0
FNDA:0,runWriter
FNDA:0,(anonymous_1)
FNDA:0,(anonymous_2)
FNDA:0,(anonymous_3)
FNDA:0,(anonymous_4)
FNDA:0,(anonymous_5)
DA:3,0
DA:4,0
DA:5,0
DA:6,0
DA:8,0
DA:35,0
DA:36,0
DA:39,0
DA:40,0
DA:42,0
DA:43,0
DA:45,0
DA:46,0
DA:48,0
DA:49,0
DA:52,0
DA:53,0
DA:56,0
DA:58,0
DA:60,0
DA:61,0
DA:64,0
DA:66,0
DA:70,0
DA:79,0
LF:25
LH:0
BRDA:40,0,0,0
BRDA:40,0,1,0
BRDA:43,1,0,0
BRDA:43,1,1,0
BRDA:46,2,0,0
BRDA:46,2,1,0
BRDA:49,3,0,0
BRDA:49,3,1,0
BRDA:60,4,0,0
BRDA:66,5,0,0
BRDA:66,5,1,0
BRF:11
BRH:0
end_of_record
TN:
SF:lib/agents/integrations/perplexity.ts
FN:13,searchPerplexity
FNF:1
FNH:0
FNDA:0,searchPerplexity
DA:6,0
DA:13,0
DA:19,0
DA:20,0
DA:39,0
DA:40,0
DA:41,0
DA:44,0
DA:45,0
DA:46,0
DA:48,0
LF:11
LH:0
BRDA:19,0,0,0
BRDA:19,0,1,0
BRDA:19,1,0,0
BRDA:19,1,1,0
BRDA:19,2,0,0
BRDA:19,2,1,0
BRDA:39,3,0,0
BRDA:45,4,0,0
BRDA:45,4,1,0
BRDA:45,5,0,0
BRDA:45,5,1,0
BRDA:45,6,0,0
BRDA:45,6,1,0
BRDA:45,7,0,0
BRDA:45,7,1,0
BRDA:45,8,0,0
BRDA:45,8,1,0
BRDA:45,9,0,0
BRDA:45,9,1,0
BRDA:45,10,0,0
BRDA:45,10,1,0
BRDA:46,11,0,0
BRDA:46,11,1,0
BRF:23
BRH:0
end_of_record
TN:
SF:lib/agents/integrations/reddit.ts
FN:32,getAccessToken
FN:72,searchReddit
FN:106,(anonymous_2)
FNF:3
FNH:0
FNDA:0,getAccessToken
FNDA:0,searchReddit
FNDA:0,(anonymous_2)
DA:6,0
DA:7,0
DA:30,0
DA:33,0
DA:34,0
DA:39,0
DA:42,0
DA:46,0
DA:56,0
DA:57,0
DA:60,0
DA:61,0
DA:63,0
DA:69,0
DA:72,0
DA:81,0
DA:82,0
DA:83,0
DA:85,0
DA:88,0
DA:90,0
DA:92,0
DA:99,0
DA:100,0
DA:101,0
DA:104,0
DA:105,0
DA:106,0
DA:117,0
LF:29
LH:0
BRDA:34,0,0,0
BRDA:35,1,0,0
BRDA:35,1,1,0
BRDA:35,1,2,0
BRDA:56,2,0,0
BRDA:61,3,0,0
BRDA:61,3,1,0
BRDA:82,4,0,0
BRDA:82,4,1,0
BRDA:82,5,0,0
BRDA:82,5,1,0
BRDA:82,6,0,0
BRDA:82,6,1,0
BRDA:83,7,0,0
BRDA:83,7,1,0
BRDA:83,8,0,0
BRDA:83,8,1,0
BRDA:83,9,0,0
BRDA:83,9,1,0
BRDA:85,10,0,0
BRDA:85,10,1,0
BRDA:85,11,0,0
BRDA:85,11,1,0
BRDA:85,12,0,0
BRDA:85,12,1,0
BRDA:85,13,0,0
BRDA:85,13,1,0
BRDA:85,14,0,0
BRDA:85,14,1,0
BRDA:88,15,0,0
BRDA:88,15,1,0
BRDA:99,16,0,0
BRDA:105,17,0,0
BRDA:105,17,1,0
BRDA:105,18,0,0
BRDA:105,18,1,0
BRDA:105,19,0,0
BRDA:105,19,1,0
BRDA:108,20,0,0
BRDA:108,20,1,0
BRF:40
BRH:0
end_of_record
TN:
SF:lib/ai/aiService.ts
FN:10,generateViaServer
FN:34,generateWithAi
FN:71,(anonymous_11)
FNF:3
FNH:0
FNDA:0,generateViaServer
FNDA:0,generateWithAi
FNDA:0,(anonymous_11)
DA:2,0
DA:3,0
DA:10,0
DA:14,0
DA:21,0
DA:22,0
DA:23,0
DA:24,0
DA:25,0
DA:29,0
DA:31,0
DA:34,0
DA:40,0
DA:42,0
DA:43,0
DA:47,0
DA:51,0
DA:52,0
DA:56,0
DA:66,0
DA:67,0
DA:71,0
DA:72,0
DA:82,0
LF:24
LH:0
BRDA:21,0,0,0
BRDA:25,1,0,0
BRDA:25,1,1,0
BRDA:40,2,0,0
BRDA:40,2,1,0
BRDA:40,2,2,0
BRDA:40,2,3,0
BRDA:42,3,0,0
BRDA:51,4,0,0
BRDA:66,5,0,0
BRF:10
BRH:0
end_of_record
TN:
SF:lib/ai/claudeService.ts
FN:7,validateClaudeKey
FN:31,callClaude
FNF:2
FNH:0
FNDA:0,validateClaudeKey
FNDA:0,callClaude
DA:3,0
DA:4,0
DA:5,0
DA:7,0
DA:8,0
DA:23,0
DA:24,0
DA:25,0
DA:26,0
DA:27,0
DA:31,0
DA:37,0
DA:39,0
DA:41,0
DA:58,0
DA:60,0
DA:61,0
DA:62,0
DA:65,0
DA:66,0
DA:68,0
DA:69,0
DA:72,0
DA:73,0
LF:24
LH:0
BRDA:23,0,0,0
BRDA:25,1,0,0
BRDA:26,2,0,0
BRDA:37,3,0,0
BRDA:37,3,1,0
BRDA:37,4,0,0
BRDA:37,4,1,0
BRDA:39,5,0,0
BRDA:39,5,1,0
BRDA:39,6,0,0
BRDA:39,6,1,0
BRDA:51,7,0,0
BRDA:51,7,1,0
BRDA:58,8,0,0
BRDA:58,8,1,0
BRDA:58,9,0,0
BRDA:58,9,1,0
BRDA:60,10,0,0
BRDA:66,11,0,0
BRDA:66,11,1,0
BRDA:66,12,0,0
BRDA:66,12,1,0
BRDA:66,13,0,0
BRDA:66,13,1,0
BRDA:66,14,0,0
BRDA:66,14,1,0
BRDA:68,15,0,0
BRDA:72,16,0,0
BRDA:72,16,1,0
BRDA:72,17,0,0
BRDA:72,17,1,0
BRF:31
BRH:0
end_of_record
TN:
SF:lib/ai/constants.ts
FNF:0
FNH:0
DA:3,0
DA:34,0
DA:67,0
LF:3
LH:0
BRF:0
BRH:0
end_of_record
TN:
SF:lib/ai/modelService.ts
FN:4,fetchModels
FNF:1
FNH:0
FNDA:0,fetchModels
DA:2,0
DA:4,0
DA:8,0
DA:9,0
DA:14,0
DA:15,0
DA:16,0
DA:17,0
DA:21,0
DA:23,0
DA:28,0
DA:29,0
DA:32,0
DA:33,0
DA:35,0
DA:36,0
DA:39,0
DA:40,0
DA:42,0
DA:43,0
LF:20
LH:0
BRDA:8,0,0,0
BRDA:15,1,0,0
BRDA:16,2,0,0
BRDA:16,2,1,0
BRDA:21,3,0,0
BRDA:21,3,1,0
BRDA:28,4,0,0
BRDA:33,5,0,0
BRDA:33,5,1,0
BRDA:35,6,0,0
BRDA:36,7,0,0
BRDA:36,7,1,0
BRDA:39,8,0,0
BRDA:39,8,1,0
BRDA:42,9,0,0
BRDA:42,9,1,0
BRF:16
BRH:0
end_of_record
TN:
SF:lib/ai/oneforallService.ts
FN:9,validateOneForAllKey
FN:34,callOneForAll
FN:149,sleep
FN:150,(anonymous_3)
FN:155,(anonymous_4)
FNF:5
FNH:0
FNDA:0,validateOneForAllKey
FNDA:0,callOneForAll
FNDA:0,sleep
FNDA:0,(anonymous_3)
FNDA:0,(anonymous_4)
DA:3,0
DA:4,0
DA:5,0
DA:6,0
DA:7,0
DA:9,0
DA:10,0
DA:25,0
DA:26,0
DA:27,0
DA:28,0
DA:30,0
DA:34,0
DA:42,0
DA:44,0
DA:60,0
DA:61,0
DA:62,0
DA:67,0
DA:70,0
DA:71,0
DA:72,0
DA:75,0
DA:76,0
DA:77,0
DA:83,0
DA:85,0
DA:86,0
DA:88,0
DA:89,0
DA:92,0
DA:93,0
DA:102,0
DA:103,0
DA:106,0
DA:107,0
DA:109,0
DA:110,0
DA:111,0
DA:112,0
DA:116,0
DA:117,0
DA:118,0
DA:122,0
DA:125,0
DA:126,0
DA:127,0
DA:130,0
DA:131,0
DA:136,0
DA:137,0
DA:138,0
DA:144,0
DA:150,0
DA:151,0
DA:152,0
DA:153,0
DA:156,0
DA:157,0
LF:59
LH:0
BRDA:25,0,0,0
BRDA:27,1,0,0
BRDA:27,2,0,0
BRDA:27,2,1,0
BRDA:42,3,0,0
BRDA:42,3,1,0
BRDA:42,4,0,0
BRDA:42,4,1,0
BRDA:55,5,0,0
BRDA:55,5,1,0
BRDA:60,6,0,0
BRDA:70,7,0,0
BRDA:70,8,0,0
BRDA:70,8,1,0
BRDA:71,9,0,0
BRDA:71,9,1,0
BRDA:71,10,0,0
BRDA:71,10,1,0
BRDA:76,11,0,0
BRDA:83,12,0,0
BRDA:83,12,1,0
BRDA:83,13,0,0
BRDA:83,13,1,0
BRDA:102,14,0,0
BRDA:109,15,0,0
BRDA:109,16,0,0
BRDA:109,16,1,0
BRDA:109,17,0,0
BRDA:109,17,1,0
BRDA:111,18,0,0
BRDA:113,19,0,0
BRDA:113,19,1,0
BRDA:118,20,0,0
BRDA:118,20,1,0
BRDA:118,21,0,0
BRDA:118,21,1,0
BRDA:125,22,0,0
BRDA:126,23,0,0
BRDA:126,23,1,0
BRDA:126,24,0,0
BRDA:126,24,1,0
BRDA:130,25,0,0
BRDA:132,26,0,0
BRDA:132,26,1,0
BRDA:138,27,0,0
BRDA:138,27,1,0
BRDA:138,28,0,0
BRDA:138,28,1,0
BRDA:151,29,0,0
BRDA:151,30,0,0
BRDA:151,30,1,0
BRDA:151,31,0,0
BRDA:151,31,1,0
BRDA:153,32,0,0
BRDA:153,32,1,0
BRDA:153,33,0,0
BRDA:153,33,1,0
BRF:57
BRH:0
end_of_record
TN:
SF:lib/ai/straicoService.ts
FN:11,validateStraicoKey
FN:43,fetchStraicoModels
FN:58,(anonymous_2)
FN:79,callStraico
FN:152,fetchStraicoUserInfo
FNF:5
FNH:0
FNDA:0,validateStraicoKey
FNDA:0,fetchStraicoModels
FNDA:0,(anonymous_2)
FNDA:0,callStraico
FNDA:0,fetchStraicoUserInfo
DA:9,0
DA:11,0
DA:12,0
DA:17,0
DA:18,0
DA:19,0
DA:21,0
DA:22,0
DA:43,0
DA:44,0
DA:49,0
DA:50,0
DA:53,0
DA:54,0
DA:56,0
DA:58,0
DA:79,0
DA:86,0
DA:88,0
DA:90,0
DA:104,0
DA:106,0
DA:107,0
DA:108,0
DA:111,0
DA:119,0
DA:120,0
DA:121,0
DA:124,0
DA:127,0
DA:130,0
DA:134,0
DA:135,0
DA:144,0
DA:145,0
DA:148,0
DA:149,0
DA:152,0
DA:155,0
DA:156,0
DA:161,0
DA:163,0
DA:164,0
DA:166,0
DA:173,0
LF:45
LH:0
BRDA:17,0,0,0
BRDA:18,1,0,0
BRDA:18,2,0,0
BRDA:18,2,1,0
BRDA:49,3,0,0
BRDA:54,4,0,0
BRDA:54,4,1,0
BRDA:56,5,0,0
BRDA:59,6,0,0
BRDA:59,6,1,0
BRDA:59,6,2,0
BRDA:60,7,0,0
BRDA:60,7,1,0
BRDA:60,7,2,0
BRDA:61,8,0,0
BRDA:61,8,1,0
BRDA:64,9,0,0
BRDA:64,9,1,0
BRDA:64,10,0,0
BRDA:64,10,1,0
BRDA:64,11,0,0
BRDA:64,11,1,0
BRDA:65,12,0,0
BRDA:65,12,1,0
BRDA:65,13,0,0
BRDA:65,13,1,0
BRDA:86,14,0,0
BRDA:86,14,1,0
BRDA:86,15,0,0
BRDA:86,15,1,0
BRDA:88,16,0,0
BRDA:88,16,1,0
BRDA:88,17,0,0
BRDA:88,17,1,0
BRDA:99,18,0,0
BRDA:99,18,1,0
BRDA:104,19,0,0
BRDA:104,19,1,0
BRDA:104,20,0,0
BRDA:104,20,1,0
BRDA:106,21,0,0
BRDA:119,22,0,0
BRDA:119,22,1,0
BRDA:119,23,0,0
BRDA:119,23,1,0
BRDA:120,24,0,0
BRDA:120,25,0,0
BRDA:120,25,1,0
BRDA:124,26,0,0
BRDA:124,26,1,0
BRDA:124,27,0,0
BRDA:124,27,1,0
BRDA:127,28,0,0
BRDA:127,28,1,0
BRDA:127,29,0,0
BRDA:127,29,1,0
BRDA:130,30,0,0
BRDA:130,30,1,0
BRDA:130,31,0,0
BRDA:130,31,1,0
BRDA:130,32,0,0
BRDA:130,32,1,0
BRDA:130,33,0,0
BRDA:130,33,1,0
BRDA:130,34,0,0
BRDA:130,34,1,0
BRDA:130,35,0,0
BRDA:130,35,1,0
BRDA:134,36,0,0
BRDA:136,37,0,0
BRDA:136,37,1,0
BRDA:136,37,2,0
BRDA:136,37,3,0
BRDA:136,37,4,0
BRDA:136,37,5,0
BRDA:136,38,0,0
BRDA:136,38,1,0
BRDA:136,39,0,0
BRDA:136,39,1,0
BRDA:136,40,0,0
BRDA:136,40,1,0
BRDA:136,41,0,0
BRDA:136,41,1,0
BRDA:136,42,0,0
BRDA:136,42,1,0
BRDA:136,43,0,0
BRDA:136,43,1,0
BRDA:136,44,0,0
BRDA:136,44,1,0
BRDA:136,45,0,0
BRDA:136,45,1,0
BRDA:136,46,0,0
BRDA:136,46,1,0
BRDA:136,47,0,0
BRDA:136,47,1,0
BRDA:137,48,0,0
BRDA:137,48,1,0
BRDA:137,49,0,0
BRDA:137,49,1,0
BRDA:137,50,0,0
BRDA:137,50,1,0
BRDA:137,51,0,0
BRDA:137,51,1,0
BRDA:137,52,0,0
BRDA:137,52,1,0
BRDA:137,53,0,0
BRDA:137,53,1,0
BRDA:137,54,0,0
BRDA:137,54,1,0
BRDA:137,55,0,0
BRDA:137,55,1,0
BRDA:138,56,0,0
BRDA:138,56,1,0
BRDA:138,57,0,0
BRDA:138,57,1,0
BRDA:138,58,0,0
BRDA:138,58,1,0
BRDA:138,59,0,0
BRDA:138,59,1,0
BRDA:139,60,0,0
BRDA:139,60,1,0
BRDA:139,61,0,0
BRDA:139,61,1,0
BRDA:141,62,0,0
BRDA:141,62,1,0
BRDA:141,63,0,0
BRDA:141,63,1,0
BRDA:144,64,0,0
BRDA:148,65,0,0
BRDA:148,65,1,0
BRDA:148,66,0,0
BRDA:148,66,1,0
BRDA:161,67,0,0
BRDA:164,68,0,0
BRDA:164,68,1,0
BRDA:167,69,0,0
BRDA:167,69,1,0
BRDA:168,70,0,0
BRDA:168,70,1,0
BRDA:169,71,0,0
BRDA:169,71,1,0
BRDA:170,72,0,0
BRDA:170,72,1,0
BRF:143
BRH:0
end_of_record
TN:
SF:lib/knowledge/api.ts
FN:31,ncbFetch
FN:51,getDocuments
FN:62,getDocument
FN:69,getDocumentByName
FN:81,createDocument
FN:108,updateDocument
FN:150,deleteDocument
FN:156,getDocumentVersions
FN:168,getSignals
FN:177,createSignal
FN:200,getRuleProposals
FN:211,createRuleProposal
FN:237,updateRuleProposalStatus
FN:251,getCampaigns
FN:262,createCampaign
FN:284,updateCampaignStatus
FN:298,getCampaignPosts
FN:308,createCampaignPost
FN:330,updateCampaignPostStatus
FN:344,bulkCreateDocuments
FNF:20
FNH:0
FNDA:0,ncbFetch
FNDA:0,getDocuments
FNDA:0,getDocument
FNDA:0,getDocumentByName
FNDA:0,createDocument
FNDA:0,updateDocument
FNDA:0,deleteDocument
FNDA:0,getDocumentVersions
FNDA:0,getSignals
FNDA:0,createSignal
FNDA:0,getRuleProposals
FNDA:0,createRuleProposal
FNDA:0,updateRuleProposalStatus
FNDA:0,getCampaigns
FNDA:0,createCampaign
FNDA:0,updateCampaignStatus
FNDA:0,getCampaignPosts
FNDA:0,createCampaignPost
FNDA:0,updateCampaignPostStatus
FNDA:0,bulkCreateDocuments
DA:1,0
DA:27,0
DA:35,0
DA:43,0
DA:44,0
DA:46,0
DA:51,0
DA:54,0
DA:57,0
DA:58,0
DA:59,0
DA:62,0
DA:63,0
DA:64,0
DA:65,0
DA:66,0
DA:69,0
DA:73,0
DA:76,0
DA:77,0
DA:78,0
DA:81,0
DA:89,0
DA:102,0
DA:103,0
DA:108,0
DA:118,0
DA:119,0
DA:122,0
DA:134,0
DA:138,0
DA:139,0
DA:140,0
DA:142,0
DA:146,0
DA:147,0
DA:150,0
DA:151,0
DA:156,0
DA:159,0
DA:162,0
DA:163,0
DA:168,0
DA:169,0
DA:172,0
DA:173,0
DA:174,0
DA:177,0
DA:184,0
DA:194,0
DA:195,0
DA:200,0
DA:203,0
DA:206,0
DA:207,0
DA:208,0
DA:211,0
DA:220,0
DA:233,0
DA:234,0
DA:237,0
DA:241,0
DA:245,0
DA:246,0
DA:251,0
DA:254,0
DA:257,0
DA:258,0
DA:259,0
DA:262,0
DA:269,0
DA:280,0
DA:281,0
DA:284,0
DA:288,0
DA:292,0
DA:293,0
DA:298,0
DA:301,0
DA:304,0
DA:305,0
DA:308,0
DA:315,0
DA:326,0
DA:327,0
DA:330,0
DA:334,0
DA:338,0
DA:339,0
DA:344,0
DA:354,0
DA:355,0
DA:356,0
DA:357,0
DA:359,0
DA:365,0
LF:96
LH:0
BRDA:40,0,0,0
BRDA:40,0,1,0
BRDA:40,1,0,0
BRDA:40,1,1,0
BRDA:43,2,0,0
BRDA:54,3,0,0
BRDA:54,3,1,0
BRDA:65,4,0,0
BRDA:77,5,0,0
BRDA:138,6,0,0
BRDA:139,7,0,0
BRDA:140,8,0,0
BRDA:169,9,0,0
BRDA:169,9,1,0
BRDA:203,10,0,0
BRDA:203,10,1,0
BRDA:254,11,0,0
BRDA:254,11,1,0
BRF:18
BRH:0
end_of_record
TN:
SF:lib/knowledge/fetch.ts
FN:11,fetchKnowledgeForUser
FNF:1
FNH:0
FNDA:0,fetchKnowledgeForUser
DA:6,0
DA:8,0
DA:11,0
DA:15,0
DA:16,0
DA:17,0
DA:18,0
DA:25,0
DA:26,0
DA:27,0
DA:29,0
LF:11
LH:0
BRDA:25,0,0,0
BRF:1
BRH:0
end_of_record
TN:
SF:lib/knowledge/types.ts
FN:274,mapDocumentFromNcb
FN:290,mapDocumentVersionFromNcb
FN:304,mapSignalFromNcb
FN:323,mapRuleProposalFromNcb
FN:345,mapCampaignFromNcb
FN:365,mapCampaignPostFromNcb
FNF:6
FNH:0
FNDA:0,mapDocumentFromNcb
FNDA:0,mapDocumentVersionFromNcb
FNDA:0,mapSignalFromNcb
FNDA:0,mapRuleProposalFromNcb
FNDA:0,mapCampaignFromNcb
FNDA:0,mapCampaignPostFromNcb
DA:274,0
DA:275,0
DA:290,0
DA:293,0
DA:304,0
DA:305,0
DA:306,0
DA:307,0
DA:311,0
DA:323,0
DA:324,0
DA:325,0
DA:326,0
DA:330,0
DA:345,0
DA:346,0
DA:347,0
DA:348,0
DA:352,0
DA:365,0
DA:366,0
DA:367,0
DA:368,0
DA:372,0
LF:24
LH:0
BRF:0
BRH:0
end_of_record
TN:
SF:lib/knowledge/seed-data/content.ts
FNF:0
FNH:0
DA:4,0
LF:1
LH:0
BRF:0
BRH:0
end_of_record
TN:
SF:lib/knowledge/seed-data/manifest.ts
FNF:0
FNH:0
DA:15,0
LF:1
LH:0
BRF:0
BRH:0
end_of_record
