TN:
SF:lib/agents/orchestrator.ts
FN:92,createPipelineState
FN:111,runDirection
FN:151,runDiscovery
FN:216,runEvidence
FN:262,runWriteAndScore
FN:388,runFormat
FN:436,runLearn
FN:513,runReview
FN:579,runPipeline
FN:638,aborted
FN:645,pipelineError
FNF:11
FNH:11
FNDA:119,createPipelineState
FNDA:52,runDirection
FNDA:46,runDiscovery
FNDA:43,runEvidence
FNDA:50,runWriteAndScore
FNDA:43,runFormat
FNDA:41,runLearn
FNDA:39,runReview
FNDA:45,runPipeline
FNDA:3,aborted
FNDA:3,pipelineError
DA:27,1
DA:28,1
DA:29,1
DA:30,1
DA:31,1
DA:32,1
DA:33,1
DA:87,1
DA:88,1
DA:92,1
DA:98,119
DA:111,1
DA:116,52
DA:117,52
DA:119,52
DA:120,52
DA:126,47
DA:127,47
DA:133,47
DA:135,5
DA:136,5
DA:137,5
DA:143,5
DA:151,1
DA:156,46
DA:157,45
DA:158,45
DA:160,45
DA:162,45
DA:163,45
DA:172,43
DA:173,43
DA:181,43
DA:182,43
DA:189,42
DA:190,42
DA:199,42
DA:201,3
DA:202,3
DA:203,3
DA:209,3
DA:216,1
DA:221,43
DA:222,43
DA:223,42
DA:224,42
DA:226,42
DA:227,42
DA:237,40
DA:238,40
DA:244,40
DA:246,2
DA:247,2
DA:248,2
DA:254,2
DA:262,1
DA:267,50
DA:268,50
DA:269,49
DA:271,48
DA:272,14
DA:275,48
DA:276,48
DA:278,48
DA:282,48
DA:284,56
DA:291,56
DA:310,54
DA:311,54
DA:319,54
DA:320,54
DA:321,54
DA:330,54
DA:331,54
DA:333,54
DA:342,53
DA:343,53
DA:351,53
DA:352,43
DA:355,10
DA:356,10
DA:358,2
DA:364,2
DA:368,8
DA:371,45
DA:373,3
DA:374,3
DA:375,3
DA:381,3
DA:388,1
DA:393,43
DA:394,42
DA:396,41
DA:397,41
DA:399,40
DA:400,40
DA:402,40
DA:403,40
DA:412,38
DA:413,38
DA:419,38
DA:421,2
DA:422,2
DA:423,2
DA:429,2
DA:436,1
DA:441,41
DA:442,40
DA:444,39
DA:445,39
DA:447,38
DA:448,38
DA:450,38
DA:451,38
DA:465,36
DA:466,36
DA:467,36
DA:473,36
DA:475,2
DA:476,2
DA:477,2
DA:483,2
DA:513,1
DA:518,39
DA:520,38
DA:521,38
DA:529,38
DA:530,38
DA:531,3
DA:532,3
DA:533,3
DA:539,3
DA:542,35
DA:543,35
DA:544,30
DA:547,35
DA:554,35
DA:579,1
DA:586,45
DA:587,45
DA:588,42
DA:591,39
DA:592,3
DA:594,36
DA:597,36
DA:598,36
DA:599,35
DA:602,35
DA:603,34
DA:607,35
DA:608,35
DA:609,34
DA:612,34
DA:613,33
DA:617,34
DA:618,34
DA:619,33
DA:622,33
DA:623,33
DA:624,32
DA:627,32
DA:628,32
DA:629,30
DA:632,30
DA:633,30
DA:639,3
DA:640,3
DA:641,3
DA:642,3
DA:651,3
DA:652,3
DA:653,3
DA:654,3
LF:173
LH:173
BRDA:136,0,0,4
BRDA:136,0,1,1
BRDA:156,1,0,1
BRDA:189,2,0,42
BRDA:189,2,1,1
BRDA:202,3,0,3
BRDA:202,3,1,0
BRDA:221,4,0,43
BRDA:221,4,1,2
BRDA:222,5,0,1
BRDA:247,6,0,2
BRDA:247,6,1,0
BRDA:267,7,0,50
BRDA:267,7,1,2
BRDA:268,8,0,1
BRDA:269,9,0,1
BRDA:271,10,0,14
BRDA:272,11,0,14
BRDA:272,11,1,0
BRDA:287,12,0,48
BRDA:287,12,1,8
BRDA:288,13,0,8
BRDA:288,13,1,48
BRDA:298,14,0,8
BRDA:298,14,1,48
BRDA:298,15,0,56
BRDA:298,15,1,8
BRDA:298,15,2,8
BRDA:302,16,0,8
BRDA:302,16,1,0
BRDA:338,17,0,8
BRDA:338,17,1,46
BRDA:351,18,0,43
BRDA:356,19,0,2
BRDA:374,20,0,3
BRDA:374,20,1,0
BRDA:393,21,0,1
BRDA:394,22,0,1
BRDA:396,23,0,41
BRDA:396,23,1,8
BRDA:397,24,0,1
BRDA:409,25,0,40
BRDA:409,25,1,6
BRDA:422,26,0,2
BRDA:422,26,1,0
BRDA:441,27,0,1
BRDA:442,28,0,1
BRDA:444,29,0,39
BRDA:444,29,1,8
BRDA:445,30,0,1
BRDA:460,31,0,38
BRDA:460,31,1,0
BRDA:461,32,0,38
BRDA:461,32,1,1
BRDA:461,33,0,1
BRDA:461,33,1,37
BRDA:461,34,0,38
BRDA:461,34,1,38
BRDA:476,35,0,2
BRDA:476,35,1,0
BRDA:518,36,0,1
BRDA:530,37,0,3
BRDA:543,38,0,30
BRDA:587,39,0,3
BRDA:588,40,0,3
BRDA:588,41,0,38
BRDA:588,41,1,4
BRDA:588,42,0,42
BRDA:588,42,1,42
BRDA:591,43,0,3
BRDA:598,44,0,1
BRDA:599,45,0,0
BRDA:599,46,0,34
BRDA:599,46,1,1
BRDA:599,47,0,35
BRDA:599,47,1,35
BRDA:602,48,0,34
BRDA:608,49,0,1
BRDA:609,50,0,0
BRDA:609,51,0,33
BRDA:609,51,1,1
BRDA:609,52,0,34
BRDA:609,52,1,34
BRDA:612,53,0,33
BRDA:618,54,0,1
BRDA:619,55,0,0
BRDA:619,56,0,32
BRDA:619,56,1,1
BRDA:619,57,0,33
BRDA:619,57,1,33
BRDA:623,58,0,1
BRDA:624,59,0,0
BRDA:624,60,0,31
BRDA:624,60,1,1
BRDA:624,61,0,32
BRDA:624,61,1,32
BRDA:628,62,0,2
BRDA:629,63,0,0
BRDA:629,64,0,29
BRDA:629,64,1,1
BRDA:629,65,0,30
BRDA:629,65,1,30
BRF:102
BRH:89
end_of_record
