TN:
SF:lib/ai/aiService.ts
FN:10,generateViaServer
FN:34,generateWithAi
FN:71,(anonymous_11)
FNF:3
FNH:3
FNDA:5,generateViaServer
FNDA:8,generateWithAi
FNDA:1,(anonymous_11)
DA:2,1
DA:3,1
DA:10,1
DA:14,5
DA:21,5
DA:22,3
DA:23,3
DA:24,3
DA:25,2
DA:29,3
DA:31,2
DA:34,1
DA:40,8
DA:42,3
DA:43,1
DA:47,2
DA:51,2
DA:52,1
DA:56,1
DA:66,2
DA:67,1
DA:71,2
DA:72,1
DA:82,1
LF:24
LH:24
BRDA:21,0,0,3
BRDA:25,1,0,2
BRDA:25,1,1,1
BRDA:40,2,0,3
BRDA:40,2,1,2
BRDA:40,2,2,2
BRDA:40,2,3,1
BRDA:42,3,0,1
BRDA:51,4,0,1
BRDA:66,5,0,1
BRF:10
BRH:10
end_of_record
TN:
SF:lib/ai/claudeService.ts
FN:7,validateClaudeKey
FN:31,callClaude
FNF:2
FNH:2
FNDA:4,validateClaudeKey
FNDA:13,callClaude
DA:3,1
DA:4,1
DA:5,1
DA:7,1
DA:8,4
DA:23,4
DA:24,3
DA:25,3
DA:26,2
DA:27,1
DA:31,1
DA:37,13
DA:39,13
DA:41,13
DA:58,13
DA:60,13
DA:61,2
DA:62,2
DA:65,11
DA:66,11
DA:68,11
DA:69,2
DA:72,9
DA:73,9
LF:24
LH:24
BRDA:23,0,0,3
BRDA:25,1,0,1
BRDA:26,2,0,1
BRDA:37,3,0,11
BRDA:37,3,1,2
BRDA:37,4,0,13
BRDA:37,4,1,13
BRDA:39,5,0,11
BRDA:39,5,1,2
BRDA:39,6,0,13
BRDA:39,6,1,13
BRDA:51,7,0,13
BRDA:51,7,1,12
BRDA:58,8,0,11
BRDA:58,8,1,2
BRDA:58,9,0,13
BRDA:58,9,1,13
BRDA:60,10,0,2
BRDA:66,11,0,1
BRDA:66,11,1,10
BRDA:66,12,0,11
BRDA:66,12,1,11
BRDA:66,13,0,0
BRDA:66,13,1,11
BRDA:66,14,0,11
BRDA:66,14,1,11
BRDA:68,15,0,2
BRDA:72,16,0,7
BRDA:72,16,1,2
BRDA:72,17,0,9
BRDA:72,17,1,9
BRF:31
BRH:30
end_of_record
TN:
SF:lib/ai/constants.ts
FNF:0
FNH:0
DA:3,1
DA:34,1
DA:67,1
LF:3
LH:3
BRF:0
BRH:0
end_of_record
TN:
SF:lib/ai/modelService.ts
FN:4,fetchModels
FNF:1
FNH:1
FNDA:8,fetchModels
DA:2,1
DA:4,1
DA:8,8
DA:9,1
DA:14,7
DA:15,7
DA:16,2
DA:17,2
DA:21,5
DA:23,5
DA:28,4
DA:29,1
DA:32,3
DA:33,3
DA:35,3
DA:36,2
DA:39,1
DA:40,1
DA:42,2
DA:43,2
LF:20
LH:20
BRDA:8,0,0,1
BRDA:15,1,0,2
BRDA:16,2,0,1
BRDA:16,2,1,1
BRDA:21,3,0,3
BRDA:21,3,1,2
BRDA:28,4,0,1
BRDA:33,5,0,3
BRDA:33,5,1,0
BRDA:35,6,0,2
BRDA:36,7,0,2
BRDA:36,7,1,0
BRDA:39,8,0,1
BRDA:39,8,1,0
BRDA:42,9,0,1
BRDA:42,9,1,1
BRF:16
BRH:13
end_of_record
TN:
SF:lib/ai/oneforallService.ts
FN:9,validateOneForAllKey
FN:34,callOneForAll
FN:149,sleep
FN:150,(anonymous_3)
FN:155,(anonymous_4)
FNF:5
FNH:4
FNDA:4,validateOneForAllKey
FNDA:12,callOneForAll
FNDA:7,sleep
FNDA:7,(anonymous_3)
FNDA:0,(anonymous_4)
DA:3,1
DA:4,1
DA:5,1
DA:6,1
DA:7,1
DA:9,1
DA:10,4
DA:25,4
DA:26,3
DA:27,3
DA:28,2
DA:30,1
DA:34,1
DA:42,12
DA:44,12
DA:60,11
DA:61,1
DA:62,1
DA:67,10
DA:70,10
DA:71,5
DA:72,5
DA:75,5
DA:76,5
DA:77,1
DA:83,4
DA:85,4
DA:86,4
DA:88,4
DA:89,7
DA:92,7
DA:93,7
DA:102,4
DA:103,0
DA:106,4
DA:107,4
DA:109,3
DA:110,3
DA:111,3
DA:112,1
DA:116,2
DA:117,2
DA:118,2
DA:122,2
DA:125,4
DA:126,2
DA:127,2
DA:130,2
DA:131,1
DA:136,1
DA:137,1
DA:138,1
DA:144,0
DA:150,7
DA:151,7
DA:152,7
DA:153,7
DA:156,0
DA:157,0
LF:59
LH:55
BRDA:25,0,0,3
BRDA:27,1,0,2
BRDA:27,2,0,3
BRDA:27,2,1,2
BRDA:42,3,0,11
BRDA:42,3,1,1
BRDA:42,4,0,12
BRDA:42,4,1,12
BRDA:55,5,0,12
BRDA:55,5,1,11
BRDA:60,6,0,1
BRDA:70,7,0,5
BRDA:70,8,0,10
BRDA:70,8,1,6
BRDA:71,9,0,4
BRDA:71,9,1,1
BRDA:71,10,0,5
BRDA:71,10,1,5
BRDA:76,11,0,1
BRDA:83,12,0,4
BRDA:83,12,1,0
BRDA:83,13,0,4
BRDA:83,13,1,4
BRDA:102,14,0,0
BRDA:109,15,0,0
BRDA:109,16,0,3
BRDA:109,16,1,0
BRDA:109,17,0,3
BRDA:109,17,1,3
BRDA:111,18,0,1
BRDA:113,19,0,1
BRDA:113,19,1,0
BRDA:118,20,0,2
BRDA:118,20,1,0
BRDA:118,21,0,2
BRDA:118,21,1,2
BRDA:125,22,0,2
BRDA:126,23,0,2
BRDA:126,23,1,0
BRDA:126,24,0,2
BRDA:126,24,1,2
BRDA:130,25,0,1
BRDA:132,26,0,1
BRDA:132,26,1,0
BRDA:138,27,0,1
BRDA:138,27,1,0
BRDA:138,28,0,1
BRDA:138,28,1,1
BRDA:151,29,0,0
BRDA:151,30,0,7
BRDA:151,30,1,0
BRDA:151,31,0,7
BRDA:151,31,1,7
BRDA:153,32,0,7
BRDA:153,32,1,0
BRDA:153,33,0,7
BRDA:153,33,1,7
BRF:57
BRH:45
end_of_record
TN:
SF:lib/ai/straicoService.ts
FN:11,validateStraicoKey
FN:43,fetchStraicoModels
FN:58,(anonymous_2)
FN:79,callStraico
FN:152,fetchStraicoUserInfo
FNF:5
FNH:5
FNDA:4,validateStraicoKey
FNDA:6,fetchStraicoModels
FNDA:6,(anonymous_2)
FNDA:12,callStraico
FNDA:5,fetchStraicoUserInfo
DA:9,1
DA:11,1
DA:12,4
DA:17,4
DA:18,3
DA:19,2
DA:21,1
DA:22,1
DA:43,1
DA:44,6
DA:49,6
DA:50,1
DA:53,5
DA:54,5
DA:56,5
DA:58,6
DA:79,1
DA:86,12
DA:88,12
DA:90,12
DA:104,12
DA:106,12
DA:107,1
DA:108,1
DA:111,11
DA:119,11
DA:120,11
DA:121,2
DA:124,2
DA:127,2
DA:130,2
DA:134,11
DA:135,9
DA:144,11
DA:145,1
DA:148,10
DA:149,10
DA:152,1
DA:155,5
DA:156,5
DA:161,4
DA:163,3
DA:164,3
DA:166,3
DA:173,1
LF:45
LH:45
BRDA:17,0,0,3
BRDA:18,1,0,2
BRDA:18,2,0,3
BRDA:18,2,1,2
BRDA:49,3,0,1
BRDA:54,4,0,5
BRDA:54,4,1,2
BRDA:56,5,0,1
BRDA:59,6,0,6
BRDA:59,6,1,0
BRDA:59,6,2,0
BRDA:60,7,0,6
BRDA:60,7,1,0
BRDA:60,7,2,0
BRDA:61,8,0,2
BRDA:61,8,1,4
BRDA:64,9,0,3
BRDA:64,9,1,3
BRDA:64,10,0,2
BRDA:64,10,1,4
BRDA:64,11,0,6
BRDA:64,11,1,6
BRDA:65,12,0,2
BRDA:65,12,1,1
BRDA:65,13,0,3
BRDA:65,13,1,3
BRDA:86,14,0,11
BRDA:86,14,1,1
BRDA:86,15,0,12
BRDA:86,15,1,12
BRDA:88,16,0,11
BRDA:88,16,1,1
BRDA:88,17,0,12
BRDA:88,17,1,12
BRDA:99,18,0,1
BRDA:99,18,1,11
BRDA:104,19,0,11
BRDA:104,19,1,1
BRDA:104,20,0,12
BRDA:104,20,1,12
BRDA:106,21,0,1
BRDA:119,22,0,2
BRDA:119,22,1,9
BRDA:119,23,0,11
BRDA:119,23,1,11
BRDA:120,24,0,2
BRDA:120,25,0,11
BRDA:120,25,1,2
BRDA:124,26,0,0
BRDA:124,26,1,2
BRDA:124,27,0,2
BRDA:124,27,1,2
BRDA:127,28,0,0
BRDA:127,28,1,2
BRDA:127,29,0,2
BRDA:127,29,1,2
BRDA:130,30,0,0
BRDA:130,30,1,2
BRDA:130,31,0,2
BRDA:130,31,1,2
BRDA:130,32,0,0
BRDA:130,32,1,2
BRDA:130,33,0,2
BRDA:130,33,1,2
BRDA:130,34,0,0
BRDA:130,34,1,2
BRDA:130,35,0,2
BRDA:130,35,1,2
BRDA:134,36,0,9
BRDA:136,37,0,9
BRDA:136,37,1,8
BRDA:136,37,2,7
BRDA:136,37,3,7
BRDA:136,37,4,7
BRDA:136,37,5,6
BRDA:136,38,0,8
BRDA:136,38,1,1
BRDA:136,39,0,9
BRDA:136,39,1,9
BRDA:136,40,0,8
BRDA:136,40,1,1
BRDA:136,41,0,9
BRDA:136,41,1,9
BRDA:136,42,0,8
BRDA:136,42,1,1
BRDA:136,43,0,9
BRDA:136,43,1,9
BRDA:136,44,0,8
BRDA:136,44,1,1
BRDA:136,45,0,9
BRDA:136,45,1,9
BRDA:136,46,0,2
BRDA:136,46,1,7
BRDA:136,47,0,9
BRDA:136,47,1,9
BRDA:137,48,0,7
BRDA:137,48,1,1
BRDA:137,49,0,8
BRDA:137,49,1,8
BRDA:137,50,0,7
BRDA:137,50,1,1
BRDA:137,51,0,8
BRDA:137,51,1,8
BRDA:137,52,0,7
BRDA:137,52,1,1
BRDA:137,53,0,8
BRDA:137,53,1,8
BRDA:137,54,0,7
BRDA:137,54,1,1
BRDA:137,55,0,8
BRDA:137,55,1,8
BRDA:138,56,0,7
BRDA:138,56,1,0
BRDA:138,57,0,7
BRDA:138,57,1,7
BRDA:138,58,0,1
BRDA:138,58,1,6
BRDA:138,59,0,7
BRDA:138,59,1,7
BRDA:139,60,0,7
BRDA:139,60,1,0
BRDA:139,61,0,7
BRDA:139,61,1,7
BRDA:141,62,0,0
BRDA:141,62,1,6
BRDA:141,63,0,6
BRDA:141,63,1,6
BRDA:144,64,0,1
BRDA:148,65,0,9
BRDA:148,65,1,1
BRDA:148,66,0,10
BRDA:148,66,1,10
BRDA:161,67,0,1
BRDA:164,68,0,3
BRDA:164,68,1,1
BRDA:167,69,0,3
BRDA:167,69,1,1
BRDA:168,70,0,3
BRDA:168,70,1,1
BRDA:169,71,0,3
BRDA:169,71,1,1
BRDA:170,72,0,3
BRDA:170,72,1,1
BRF:143
BRH:131
end_of_record
